1204125045, -71, -854, 8209, -2, 250, 303
1204135041, -50, -1000, 8190, 136, 59, 438
1204145040, -41, -1262, 7979, 113, -113, 512
1204155043, -45, -1481, 7683, 42, -178, 455
1204165040, -10, -1546, 7519, 11, -102, 328
1204175043, 23, -1509, 7568, 32, 18, 192
1204185044, 7, -1395, 7709, 56, 103, 79
1204195043, 3, -1282, 7808, 23, 117, 10
1204205043, 30, -1184, 7907, -56, 60, -21
1204215044, 11, -1117, 7894, -163, -27, -7
1204225044, -5, -1070, 7780, -188, -110, 27
1204235040, 11, -1024, 7552, -162, -156, 71
1204245042, 7, -1010, 7460, -66, -88, 145
1204255044, 14, -1077, 7491, 81, 14, 216
1204265044, 21, -1157, 7556, 145, 84, 275
1204275040, 38, -1239, 7682, 116, 130, 315
1204285041, 26, -1370, 7798, 71, 146, 323
1204295042, -74, -1451, 7975, 156, 128, 257
1204305041, -123, -1335, 8023, 244, 46, 106
1204315044, -96, -1075, 7947, 116, -40, -12
1204325044, -62, -906, 7945, -91, -97, 17
1204335040, -14, -911, 7840, -38, -168, 131
1204345040, 15, -1038, 7632, 78, -229, 250
1204355044, 66, -1260, 7436, 44, -210, 321
1204365044, 69, -1399, 7305, 92, -126, 265
1204375044, 126, -1369, 7304, 198, -1, 155
1204385043, 82, -1285, 7399, 361, 135, 92
1204395044, 34, -1183, 7601, 492, 236, 73
1204405044, 21, -1070, 7784, 567, 243, 99
1204415040, -1, -1020, 7870, 540, 190, 151
1204425044, -31, -1120, 8002, 392, 127, 218
1204435043, -36, -1230, 8052, 372, 20, 223
1204445042, -14, -1322, 7933, 294, -134, 176
1204455044, -67, -1372, 7677, 275, -230, 87
1204465041, -47, -1272, 7520, 332, -185, -28
1204475041, 5, -1131, 7559, 338, -85, -87
1204485044, -57, -1031, 7690, 409, -6, -78
1204495044, -102, -913, 7888, 581, 14, -67
1204505042, -38, -777, 8033, 664, -44, -9
1204515043, -26, -806, 8089, 691, -146, 136
1204525043, -7, -949, 7990, 584, -270, 262
1204535041, -14, -1150, 7784, 261, -369, 311
1204545043, -12, -1279, 7476, 108, -404, 219
1204555045, 20, -1183, 7197, 291, -338, 54
1204565043, 45, -948, 7118, 457, -115, -17
1204575041, 106, -744, 7302, 628, 131, 64
1204585042, 115, -645, 7545, 910, 264, 248
1204595043, 222, -668, 7783, 1209, 301, 462
1204605044, 112, -826, 7902, 1575, 196, 667
1204615044, 51, -1007, 7947, 1700, 88, 735
1204625043, 73, -1082, 7910, 1615, -24, 679
1204635042, 128, -965, 7715, 1532, -156, 597
1204645040, -98, -928, 7587, 1737, -163, 590
1204655042, -2, -936, 7563, 1895, -40, 502
1204665043, 16, -882, 7625, 1572, 90, 455
1204675044, 16, -848, 7754, 1187, 190, 432
1204685040, -64, -849, 7938, 949, 233, 408
1204695044, -41, -853, 8080, 611, 182, 322
1204705043, -7, -802, 8012, 309, 55, 238
1204715042, -23, -718, 7942, 180, -42, 198
1204725044, -62, -609, 7776, 31, -93, 198
1204735042, -42, -603, 7760, -211, -73, 240
1204745042, -1, -672, 7924, -150, -34, 302
1204755042, 10, -726, 7994, 105, -121, 309
1204765042, 15, -806, 7744, 42, -248, 270
1204775042, 78, -922, 7475, 98, -240, 182
1204785040, 50, -938, 7312, 639, -137, 54
1204795043, 131, -741, 7284, 1354, 24, -48
1204805043, 52, -549, 7414, 1787, 175, -35
1204815042, 66, -470, 7598, 2135, 299, -18
1204825041, 106, -455, 7735, 2220, 302, 43
1204835042, 32, -510, 7805, 2359, 229, 116
1204845043, -50, -420, 7763, 3139, 171, 92
1204855043, -67, -316, 7838, 3360, 244, 100
1204865042, -18, -192, 7990, 3036, 290, 138
1204875040, -14, -150, 7977, 3260, 191, 176
1204885044, 119, -107, 7831, 4210, 33, 226
1204895043, 84, -14, 7691, 5316, -76, 357
1204905042, 31, 102, 7632, 6103, -14, 405
1204915043, 25, 234, 7394, 6301, 99, 428
1204925044, 17, 201, 7112, 6237, 304, 521
1204935042, -101, 205, 6844, 6116, 626, 543
1204945043, -172, 346, 6868, 5519, 1082, 425
1204955043, -60, 641, 7147, 5194, 1474, 311
1204965044, -123, 1014, 7598, 5757, 1704, 278
1204975044, -235, 1351, 7836, 6600, 1783, 329
1204985044, -175, 1513, 7717, 7046, 1816, 563
1204995044, -20, 1305, 7583, 6997, 1830, 918
1205005044, -193, 1110, 7073, 7257, 1829, 1075
1205015043, -220, 1159, 6828, 7610, 2145, 946
1205025043, -426, 1324, 6805, 7666, 2519, 789
1205035043, -710, 1372, 6949, 7516, 2887, 587
1205045043, -627, 1620, 7346, 8106, 3046, 254
1205055043, -942, 2608, 7128, 8583, 2963, 12
1205065043, -819, 3420, 7335, 7644, 3211, 137
1205075043, -558, 3703, 7769, 7183, 3268, 684
1205085043, -523, 3531, 8259, 6825, 3031, 1399
1205095043, -659, 2946, 8488, 6433, 2514, 1966
1205105043, -533, 2278, 8451, 6666, 1941, 2173
1205115043, -651, 1642, 8221, 6996, 1321, 2080
1205125043, -974, 1409, 7943, 7586, 764, 1405
1205135043, -1105, 1817, 7546, 7897, 415, 476
1205145043, -1115, 2465, 7301, 6844, 353, -225
1205155042, -942, 3095, 7044, 6030, 316, -677
1205165041, -1005, 3696, 6585, 6001, 339, -805
1205175043, -908, 4207, 6334, 6094, 574, -746
1205185042, -784, 4360, 6336, 6313, 852, -412
1205195041, -873, 4038, 6944, 6087, 1179, -14
1205205040, -910, 3534, 7769, 5762, 1170, 126
1205215040, -955, 3170, 8392, 5864, 701, -18
1205225044, -1155, 3075, 8614, 5356, 83, -359
1205235043, -1351, 3409, 8205, 4850, -643, -908
1205245042, -1304, 4221, 7309, 4736, -1242, -1412
1205255041, -1036, 5136, 6467, 4625, -1419, -1466
1205265041, -951, 5679, 6067, 4224, -1251, -1053
1205275040, -1005, 5797, 5990, 3581, -950, -455
1205285045, -956, 5646, 6100, 3121, -612, 153
1205295043, -934, 5135, 6404, 3060, -350, 646
1205305042, -882, 4490, 6535, 3618, -341, 846
1205315044, -947, 3802, 6709, 4230, -450, 754
1205325043, -1283, 3801, 6596, 5066, -726, 199
1205335041, -1423, 4569, 6242, 4887, -870, -502
1205345041, -1168, 5636, 5905, 4422, -777, -841
1205355041, -714, 6448, 5543, 4148, -605, -528
1205365043, -603, 6307, 5584, 3650, -352, 270
1205375041, -754, 5286, 5773, 3798, -279, 935
1205385044, -688, 3203, 6080, 4135, -500, 519
1205395043, -1024, 3432, 6248, 3529, -564, -364
1205405042, -1214, 4336, 6402, 2694, -729, -1261
1205415041, -1217, 5686, 5910, 2238, -1031, -1787
1205425040, -1175, 6821, 5174, 1835, -1140, -1734
1205435043, -1103, 7500, 4170, 2461, -1042, -1213
1205445043, -970, 7748, 3847, 3251, -429, -320
1205455044, -940, 7151, 4147, 4744, 243, 644
1205465044, -654, 6173, 4042, 5954, 657, 1221
1205475043, -328, 4782, 5126, 5857, 1287, 1529
1205485043, -881, 3838, 5747, 5600, 1206, 1231
1205495043, -970, 3909, 5676, 5031, 863, 340
1205505043, -754, 4449, 5336, 5290, 318, -548
1205515042, -577, 6195, 4562, 6104, 213, -1232
1205525040, -512, 7220, 4547, 3469, 729, -899
1205535043, -684, 7220, 4658, 1918, 865, -211
1205545042, -894, 6841, 5080, 2924, 740, 251
1205555043, -1033, 6243, 5128, 3039, 392, 462
1205565043, -1100, 5990, 4101, 2749, 43, 363
1205575043, -759, 6029, 3235, 3199, 258, 165
1205585043, -637, 5746, 2964, 4301, 789, 153
1205595043, -754, 5336, 3106, 5371, 1423, 38
1205605044, -711, 5155, 3995, 5220, 2094, -362
1205615042, -570, 5207, 5483, 4653, 2323, -855
1205625043, -1011, 5857, 6232, 4140, 1750, -1324
1205635040, -1425, 7184, 5770, 3307, 846, -1636
1205645043, -1258, 8216, 4947, 2101, 242, -1419
1205655044, -1050, 8240, 4185, 1739, -105, -728
1205665044, -1102, 7485, 3186, 2330, -283, -9
1205675040, -1161, 6567, 2698, 2630, 79, 301
1205685040, -1171, 5899, 3380, 2455, 709, 160
1205695044, -1202, 5797, 4254, 2019, 953, -298
1205705043, -1165, 5955, 4579, 1173, 808, -725
1205715041, -1166, 6270, 4025, 1422, 452, -1071
1205725042, -1213, 6590, 3646, 1984, 471, -1235
1205735044, -1336, 6816, 3782, 2778, 603, -1284
1205745044, -1402, 7170, 3797, 3180, 641, -1347
1205755040, -1473, 7666, 4104, 2533, 709, -1265
1205765042, -1446, 8077, 4322, 1623, 624, -1010
1205775043, -1348, 8132, 4568, 282, 443, -560
1205785042, -1314, 7628, 4719, -879, 113, -51
1205795044, -1436, 6790, 4512, -877, -401, 193
1205805044, -1640, 6475, 3592, -836, -814, -14
1205815043, -1625, 6540, 3217, -1830, -685, -330
1205825041, -1488, 6717, 3153, -2303, -485, -565
1205835044, -1530, 6925, 3678, -2540, -200, -667
1205845042, -1709, 7232, 3983, -3039, -142, -633
1205855044, -1729, 7590, 4031, -3530, -165, -483
1205865041, -1506, 7744, 4063, -3894, -206, -209
1205875044, -1334, 7495, 4187, -3652, -298, 252
1205885043, -1415, 6976, 3987, -3115, -472, 668
1205895042, -1258, 6156, 4110, -3404, -476, 832
1205905043, -1294, 5424, 4095, -3652, -541, 667
1205915043, -1390, 5244, 4105, -4206, -498, 194
1205925043, -1556, 5470, 4531, -5334, -330, -309
1205935040, -1462, 6063, 4693, -5203, -392, -790
1205945043, -1250, 6785, 4144, -4310, -566, -936
1205955040, -1367, 7083, 3953, -4707, -331, -629
1205965042, -1608, 6947, 4353, -5388, -16, -277
1205975040, -1321, 6724, 4498, -5447, 42, -101
1205985041, -946, 6330, 4535, -5530, 152, 214
1205995040, -1169, 5747, 4853, -4676, 222, 466
1206005043, -1238, 5396, 4768, -3323, 127, 332
1206015041, -1246, 5354, 4734, -3618, 256, 102
1206025044, -1381, 5495, 4863, -4485, 506, -90
1206035040, -1515, 5622, 5252, -4799, 740, -190
1206045040, -1395, 5515, 5874, -4963, 887, -198
1206055044, -1182, 5373, 6314, -5358, 768, -187
1206065043, -1352, 5249, 6483, -5301, 463, -154
1206075043, -1537, 5270, 6355, -4396, 50, -284
1206085044, -1588, 5570, 5962, -4414, -239, -461
1206095041, -1392, 5818, 5757, -5153, -268, -430
1206105044, -1514, 5984, 5544, -5082, -254, -211
1206115041, -1467, 6022, 5183, -4927, -200, 87
1206125043, -1351, 5676, 5130, -4445, 12, 431
1206135042, -1498, 5216, 5290, -3207, 267, 658
1206145040, -1471, 4814, 5591, -3030, 545, 717
1206155043, -1303, 4344, 6221, -3236, 800, 721
1206165041, -1309, 4190, 6890, -2142, 751, 552
1206175043, -1268, 4312, 7081, -2060, 367, 297
1206185042, -1283, 4380, 7029, -3164, 50, 148
1206195040, -1429, 4494, 6809, -3603, -261, -6
1206205040, -1412, 4701, 6554, -4372, -452, -142
1206215042, -1505, 5047, 6196, -5005, -558, -109
1206225040, -1734, 5281, 5847, -5067, -482, -2
1206235044, -1517, 5386, 5711, -5539, -228, 163
1206245043, -1265, 5396, 5791, -5383, -11, 594
1206255040, -1232, 5059, 5861, -4343, 135, 1101
1206265041, -1318, 4342, 6250, -4183, 357, 1516
1206275043, -1344, 3514, 6819, -4423, 479, 1611
1206285044, -1477, 2839, 7376, -4029, 412, 1344
1206295044, -1436, 2655, 7631, -3434, 97, 778
1206305043, -1432, 2980, 7569, -3500, -231, 207
1206315043, -1331, 3476, 7441, -3800, -477, -185
1206325040, -1273, 3943, 6983, -4251, -733, -333
1206335042, -1274, 4231, 6507, -4554, -786, -266
1206345040, -1159, 4205, 6262, -4360, -656, -74
1206355042, -1093, 4141, 6244, -3760, -502, 216
1206365042, -1172, 3912, 6357, -2753, -323, 567
1206375042, -1138, 3423, 6709, -2135, -95, 818
1206385043, -1100, 2969, 6965, -2118, -11, 856
1206395040, -1115, 2660, 7060, -2387, -11, 727
1206405041, -1152, 2458, 7250, -2292, 1, 488
1206415040, -1129, 2545, 7232, -1835, -102, 121
1206425044, -1165, 2958, 7120, -1889, -140, -151
1206435042, -1142, 3410, 7246, -2133, -86, -221
1206445040, -1101, 3625, 7405, -2165, -109, -63
1206455042, -1163, 3600, 7432, -2365, -210, 174
1206465043, -1162, 3418, 7394, -2806, -325, 384
1206475042, -1073, 3118, 7277, -2947, -433, 543
1206485042, -1116, 2786, 7094, -2632, -524, 611
1206495042, -1123, 2545, 6889, -2338, -496, 528
1206505042, -1071, 2496, 6804, -2418, -363, 360
1206515043, -1082, 2559, 6815, -2550, -193, 240
1206525043, -1149, 2621, 7153, -2347, 6, 181
1206535041, -1100, 2728, 7535, -1995, 59, 120
1206545044, -982, 2693, 7657, -2204, -53, 148
1206555041, -1002, 2546, 7637, -2469, -198, 222
1206565041, -998, 2454, 7396, -2340, -326, 209
1206575043, -1124, 2427, 7157, -2485, -331, 176
1206585042, -1166, 2417, 7267, -2576, -175, 143
1206595042, -1066, 2515, 7426, -2247, -112, 78
1206605043, -1012, 2538, 7444, -2277, -155, 115
1206615043, -1034, 2335, 7550, -2334, -150, 215
1206625042, -1073, 2042, 7638, -2172, -195, 245
1206635042, -1135, 1917, 7563, -2009, -280, 98
1206645044, -1109, 2070, 7316, -1581, -341, -133
1206655041, -1101, 2362, 7194, -1379, -226, -224
1206665043, -1022, 2539, 7383, -1517, -63, -139
1206675041, -993, 2479, 7690, -1704, -13, 63
1206685043, -1037, 2325, 7829, -2066, -134, 195
1206695042, -1020, 2201, 7734, -2351, -354, 228
1206705042, -937, 2069, 7445, -2619, -515, 275
1206715044, -936, 1887, 7152, -2702, -540, 309
1206725040, -1014, 1690, 6997, -2571, -386, 248
1206735043, -1115, 1708, 7093, -2464, -138, 102
1206745043, -1041, 1968, 7159, -2120, 30, -32
1206755043, -1018, 2160, 7366, -1858, 186, 57
1206765043, -932, 2156, 7690, -1753, 281, 255
1206775042, -919, 1971, 7926, -1929, 187, 456
1206785040, -904, 1673, 8018, -2384, -1, 608
1206795042, -843, 1307, 7969, -2651, -207, 647
1206805043, -867, 941, 7753, -2658, -375, 553
1206815043, -959, 844, 7493, -2981, -425, 310
1206825040, -966, 1006, 7445, -3574, -291, 57
1206835042, -926, 1263, 7673, -3958, -147, -130
1206845043, -905, 1454, 7824, -4229, -128, -153
1206855041, -882, 1442, 7919, -4171, -177, -21
1206865041, -797, 1256, 7646, -3345, -322, 109
1206875043, -825, 975, 7284, -2691, -288, 220
1206885044, -918, 640, 7257, -2550, -25, 231
1206895041, -952, 431, 7553, -2471, 250, 114
1206905040, -983, 514, 7853, -2281, 376, -88
1206915041, -1043, 812, 8070, -2226, 367, -235
1206925042, -1085, 1008, 8251, -2383, 325, -222
1206935042, -990, 1007, 8502, -2407, 202, -91
1206945044, -880, 751, 8559, -2470, -72, 59
1206955040, -834, 459, 8158, -2578, -412, 79
1206965042, -809, 258, 7466, -2672, -609, -18
1206975042, -842, 167, 6962, -2811, -484, -177
1206985041, -971, 278, 6824, -2539, -139, -325
1206995040, -1009, 506, 7193, -1812, 285, -390
1207005042, -892, 667, 7770, -1307, 536, -331
1207015043, -719, 697, 8151, -1373, 489, -164
1207025044, -698, 492, 8232, -1458, 257, 83
1207035043, -761, 96, 7969, -1227, 42, 216
1207045043, -841, -73, 7532, -1002, -52, 135
1207055042, -883, -53, 7248, -928, 100, -7
1207065043, -831, -30, 7500, -872, 411, -87
1207075043, -773, -59, 7930, -623, 564, -122
1207085043, -823, -115, 8157, -474, 492, -155
1207095043, -903, -79, 8087, -497, 339, -233
1207105043, -893, -60, 8074, -672, 268, -294
1207115043, -776, -76, 7986, -1036, 196, -374
1207125044, -689, -71, 7766, -1391, 131, -450
1207135044, -703, -22, 7412, -1111, 116, -487
1207145044, -805, 15, 7008, -498, 213, -447
1207155040, -1062, 10, 6677, -59, 463, -393
1207165043, -1384, 80, 6758, 350, 921, -372
1207175042, -1389, 336, 7350, 575, 1349, -403
1207185044, -1257, 532, 8023, 320, 1471, -367
1207195043, -1234, 450, 8326, -244, 1283, -240
1207205044, -1124, 140, 8186, -733, 979, -175
1207215042, -1134, -106, 7693, -921, 726, -253
1207225040, -1388, -33, 6694, -703, 717, -385
1207235040, -1696, 320, 7111, -163, 1545, -565
1207245041, -1672, 726, 8355, 284, 1995, -482
1207255044, -1374, 918, 9250, 647, 1873, -239
1207265042, -1021, 692, 9306, 275, 1268, 86
1207275043, -889, 106, 8700, -230, 595, 327
1207285043, -806, -562, 7571, -402, 169, 248
1207295044, -700, -841, 6515, -755, 268, -162
1207305043, -682, -760, 5887, -1081, 839, -666
1207315042, -802, -562, 5995, -993, 1685, -1041
1207325045, -899, -299, 6626, -683, 2483, -1297
1207335043, -1225, 189, 7205, -661, 3000, -1518
1207345043, -1446, 949, 7593, -569, 3344, -1622
1207355043, -1467, 1339, 7925, -65, 3610, -1333
1207365042, -1738, 1117, 8282, 592, 3776, -745
1207375040, -2065, 583, 8796, 1110, 3926, -229
1207385043, -2092, 180, 9064, 1551, 3908, -16
1207395041, -2079, -212, 8998, 1682, 3720, 17
1207405040, -2089, -726, 8662, 1441, 3536, -117
1207415040, -1990, -1316, 8269, 918, 3452, -480
1207425043, -2010, -1765, 7786, 238, 3415, -1102
1207435043, -2672, -1721, 7384, -91, 3525, -1887
1207445041, -3134, -917, 7681, 553, 3927, -2712
1207455041, -3164, 426, 8292, 1215, 4199, -3245
1207465043, -3396, 1625, 8715, 815, 4095, -3223
1207475044, -3114, 2445, 8489, 661, 3756, -2687
1207485045, -2940, 2255, 7588, 1065, 3371, -1624
1207495040, -3196, 1016, 6554, 1879, 3341, -602
1207505041, -3823, -326, 6357, 2821, 3819, -267
1207515040, -4331, -757, 7523, 3279, 4548, -698
1207525040, -4322, 0, 9290, 3096, 4864, -1404
1207535044, -3763, 1056, 10516, 2145, 4316, -1707
1207545044, -3187, 1502, 10447, 1087, 3041, -1363
1207555044, -3005, 1188, 9199, 362, 1691, -669
1207565043, -3015, 23, 7308, -50, 884, -142
1207575043, -3228, -1121, 5652, -217, 860, -292
1207585041, -3370, -1419, 4951, -528, 1530, -1041
1207595043, -3628, -719, 5394, -971, 2475, -1864
1207605040, -3548, 432, 6758, -796, 3229, -2300
1207615045, -3280, 1452, 7709, -152, 3241, -2175
1207625043, -3164, 1801, 7645, -336, 2762, -1503
1207635043, -3159, 1333, 6997, -579, 2312, -688
1207645043, -3261, 272, 6372, -319, 2168, -130
1207655044, -3501, -665, 5759, 34, 2254, -147
1207665042, -3829, -881, 5712, -362, 2737, -568
1207675043, -3740, -495, 6526, -711, 3313, -1013
1207685042, -3561, -74, 7059, -530, 3363, -1160
1207695040, -3691, -1, 7124, -424, 3153, -992
1207705044, -3868, -23, 6964, -120, 2962, -839
1207715043, -3931, 49, 6639, -3, 2906, -753
1207725044, -4095, 163, 6462, -383, 2991, -634
1207735040, -4298, 242, 6631, -337, 3129, -488
1207745041, -4384, 399, 6904, 293, 3174, -374
1207755044, -4350, 527, 7046, 572, 3099, -151
1207765043, -4290, 337, 7036, 720, 2950, 184
1207775043, -4281, -182, 6898, 872, 2810, 457
1207785041, -4324, -751, 6701, 582, 2718, 497
1207795040, -4339, -996, 6475, 87, 2713, 260
1207805043, -4290, -898, 6406, 46, 2816, -61
1207815040, -4233, -477, 6293, 260, 2880, -354
1207825042, -4124, 17, 5884, 186, 2901, -461
1207835040, -4095, 94, 5526, -18, 3092, -272
1207845042, -4326, -170, 5089, 291, 3345, -39
1207855043, -4849, -441, 4666, 739, 3707, -21
1207865044, -5304, -167, 4859, 966, 4281, -264
1207875041, -5620, 611, 5905, 1117, 4921, -464
1207885043, -5655, 1372, 7012, 1340, 5169, -388
1207895044, -5482, 1694, 7724, 1586, 4904, 82
1207905044, -5336, 1148, 7835, 1771, 4329, 839
1207915043, -5361, -132, 7516, 1745, 3708, 1377
1207925045, -5335, -1356, 6840, 1392, 3226, 1261
1207935040, -5357, -1840, 6046, 938, 3023, 577
1207945043, -5482, -1438, 5488, 671, 3053, -267
1207955043, -5825, -357, 5290, 721, 3290, -883
1207965040, -6096, 888, 5421, 1147, 3616, -1130
1207975043, -6096, 1841, 5836, 1682, 3906, -898
1207985044, -6081, 2115, 5930, 2209, 3947, -229
1207995040, -6104, 1808, 5876, 1922, 3961, 598
1208005040, -6248, 971, 5815, 1292, 3952, 1246
1208015040, -6406, 98, 5726, 1270, 3921, 1401
1208025040, -6358, -423, 5744, 1648, 3956, 1137
1208035041, -6378, -605, 5727, 1923, 3885, 705
1208045044, -6504, -460, 5515, 1851, 3750, 221
1208055042, -6703, -176, 5381, 1342, 3757, -187
1208065043, -6927, 225, 5656, 925, 3812, -486
1208075042, -7056, 825, 6161, 662, 3750, -661
1208085044, -7098, 1460, 6338, 269, 3422, -576
1208095042, -7052, 1745, 6158, -82, 3020, -140
1208105043, -6958, 1470, 5508, 166, 2614, 448
1208115043, -7140, 875, 4846, 565, 2478, 915
1208125043, -7246, 522, 4673, 925, 2643, 1010
1208135043, -7165, 422, 4901, 1064, 2812, 929
1208145043, -7097, 305, 5079, 1073, 2843, 906
1208155043, -7122, 55, 5245, 1241, 2778, 882
1208165043, -7147, -113, 5478, 1532, 2626, 740
1208175041, -7231, -96, 5736, 1554, 2357, 509
1208185044, -7317, 213, 5920, 1559, 1934, 247
1208195043, -7518, 683, 5898, 1509, 1414, 90
1208205043, -7645, 1081, 5969, 1094, 931, 102
1208215043, -7508, 1230, 6005, 910, 366, 261
1208225043, -7226, 1005, 5582, 786, -313, 501
1208235042, -7009, 457, 4775, 374, -860, 709
1208245044, -6905, -76, 4211, -35, -1081, 659
1208255043, -6737, -249, 3931, 55, -1094, 284
1208265044, -6537, -69, 4021, 284, -992, -132
1208275043, -6491, 386, 4212, 376, -963, -415
1208285040, -6505, 991, 4300, 192, -1063, -505
1208295041, -6439, 1372, 4130, -123, -1270, -371
1208305043, -6534, 1391, 3775, -12, -1436, -82
1208315042, -6749, 1215, 3725, 367, -1371, 157
1208325040, -6865, 1144, 4050, 597, -1224, 185
1208335043, -6851, 1260, 4473, 398, -1150, 161
1208345042, -6842, 1259, 4927, -75, -1220, 283
1208355044, -6884, 962, 5287, -115, -1495, 463
1208365041, -6887, 542, 5428, -35, -1894, 559
1208375043, -6725, 160, 5467, -49, -2358, 520
1208385044, -6731, -166, 5205, -30, -2862, 463
1208395044, -6967, -506, 5105, 204, -3168, 344
1208405040, -7193, -575, 5472, 668, -3257, -18
1208415044, -7131, -347, 6157, 811, -3336, -522
1208425042, -6804, 204, 6550, 437, -3668, -986
1208435043, -6414, 996, 6258, -119, -4163, -1240
1208445040, -6076, 1788, 5643, -776, -4570, -1162
1208455042, -5906, 2283, 5051, -1127, -4856, -705
1208465040, -5708, 2103, 4272, -877, -5011, 11
1208475041, -5944, 1397, 3420, -402, -4910, 651
1208485040, -6324, 723, 2859, 186, -4376, 870
1208495044, -6537, 420, 3182, 392, -3435, 647
1208505043, -6447, 766, 4537, 287, -2462, 154
1208515041, -5971, 1468, 6244, -35, -1982, -208
1208525044, -5486, 1865, 7354, -619, -2264, -89
1208535042, -5328, 1598, 7695, -1118, -3119, 411
1208545041, -5272, 955, 7133, -1284, -4232, 851
1208555041, -5289, 27, 5847, -1417, -5073, 1033
1208565041, -5586, -807, 4444, -1328, -5245, 754
1208575044, -5761, -848, 3730, -918, -4618, -36
1208585044, -5584, -9, 4079, -606, -3572, -928
1208595043, -5387, 1134, 4960, -596, -2682, -1400
1208605040, -5207, 2045, 6006, -757, -2191, -1305
1208615043, -5153, 2506, 6679, -1128, -2226, -793
1208625045, -5120, 2495, 6974, -1375, -2614, -52
1208635041, -5116, 1857, 6990, -1135, -3135, 711
1208645041, -5222, 641, 6667, -916, -3546, 1201
1208655041, -5317, -530, 6584, -1285, -3611, 1095
1208665044, -5189, -838, 6672, -1718, -3617, 356
1208675042, -5076, -224, 6703, -2002, -3674, -471
1208685043, -5036, 663, 7002, -2079, -3668, -921
1208695041, -4897, 1425, 7069, -1951, -3881, -949
1208705044, -4827, 1799, 6848, -1990, -4169, -567
1208715041, -4879, 1580, 6781, -1938, -4329, 8
1208725043, -4967, 1035, 6809, -1776, -4379, 403
1208735043, -4814, 738, 6960, -1632, -4328, 424
1208745043, -4390, 630, 7094, -1847, -4360, 364
1208755043, -3865, 540, 7038, -2338, -4518, 468
1208765043, -3578, 150, 6655, -2541, -4724, 670
1208775043, -3599, -491, 5790, -2409, -4762, 733
1208785040, -3828, -936, 5024, -2427, -4294, 514
1208795044, -4040, -803, 5220, -2199, -3377, 99
1208805042, -4006, -110, 6458, -1442, -2480, -324
1208815043, -3864, 722, 8048, -1147, -2113, -482
1208825041, -4013, 1181, 8816, -1374, -2427, -262
1208835043, -4113, 1059, 9118, -2334, -2781, 197
1208845042, -3931, 757, 9756, -2550, -3565, 617
1208855042, -3753, 247, 9080, -1547, -4678, 870
1208865043, -3459, -683, 7789, -1872, -5333, 1031
1208875045, -3380, -1401, 6572, -2150, -5409, 791
1208885042, -3294, -1568, 6168, -1944, -4866, 172
1208895040, -3004, -1070, 6671, -1636, -4143, -490
1208905040, -2776, -298, 7524, -1194, -3716, -750
1208915041, -2774, 150, 8153, -670, -3676, -556
1208925044, -2833, 48, 8453, -413, -3822, -200
1208935043, -2711, -445, 8744, -554, -3999, 40
1208945043, -2647, -956, 8653, -792, -4348, -5
1208955040, -2685, -1246, 8114, -1138, -4678, -266
1208965040, -2726, -1221, 7611, -1608, -4788, -699
1208975040, -2699, -656, 7161, -2059, -4707, -1141
1208985044, -2652, 91, 7076, -2334, -4381, -1304
1208995041, -2514, 703, 7307, -1940, -4085, -1113
1209005044, -2269, 1016, 7436, -1482, -3960, -642
1209015040, -2097, 584, 7559, -1285, -3875, 87
1209025042, -2007, -468, 7786, -812, -3865, 619
1209035044, -1829, -1302, 7944, -629, -3940, 616
1209045041, -1707, -1729, 8049, -937, -4041, 234
1209055043, -1509, -1689, 7997, -1158, -4170, -316
1209065044, -1352, -1386, 7855, -1545, -4271, -835
1209075044, -954, -794, 7742, -1748, -4293, -1198
1209085044, -636, -376, 7123, -1580, -4452, -1610
1209095044, -476, -108, 6109, -1890, -4305, -1536
1209105040, -407, -118, 5448, -1323, -3675, -1299
1209115040, -357, -282, 5481, -237, -2757, -1042
1209125041, -330, -572, 6246, 439, -1833, -856
1209135041, -244, -842, 7398, 768, -1261, -834
1209145041, -166, -936, 8269, 675, -1222, -968
1209155041, -122, -730, 8293, 156, -1583, -1185
1209165044, -78, -419, 7660, -547, -1953, -1294
1209175044, -117, -85, 7000, -989, -2011, -1288
1209185041, -168, 291, 6679, -1147, -1737, -1132
1209195043, -79, 429, 6887, -1008, -1270, -738
1209205042, 42, 159, 7265, -643, -925, -206
1209215044, -10, -458, 7325, -528, -744, 246
1209225044, -191, -1030, 7367, -858, -442, 470
1209235044, -171, -1457, 7740, -878, -10, 513
1209245044, 22, -1821, 8454, -254, 194, 441
1209255043, 70, -1970, 8709, -47, 65, 293
1209265043, 58, -2116, 8632, -506, -132, 84
1209275043, -60, -1944, 8092, -542, -396, -265
1209285041, -100, -1481, 7573, -695, -379, -583
1209295043, -71, -1009, 7586, -669, -128, -700
1209305041, -61, -573, 7726, -197, 2, -612
1209315042, -153, -260, 7621, -244, 82, -347
1209325043, -77, -232, 7464, -191, 180, 26
1209335040, -79, -548, 7344, 395, 359, 462
1209345044, -220, -1123, 7502, 943, 618, 744
1209355043, -308, -1474, 7771, 1284, 803, 703
1209365040, -311, -1474, 8131, 1207, 902, 536
1209375044, -293, -1336, 8321, 1060, 817, 411
1209385043, -324, -1268, 8299, 1069, 644, 418
1209395041, -460, -1219, 8065, 1071, 469, 414
1209405044, -579, -922, 7544, 815, 373, 332
1209415044, -676, -409, 7288, 714, 557, 379
1209425043, -667, -40, 7664, 1027, 862, 708
1209435042, -563, -17, 8268, 1395, 936, 1208
1209445041, -544, -214, 8405, 1524, 644, 1691
1209455040, -642, -491, 7859, 1346, 271, 2047
1209465043, -641, -720, 7159, 1187, 149, 2247
1209475041, -775, -887, 6966, 1166, 354, 2359
1209485043, -822, -846, 7237, 1124, 628, 2325
1209495042, -674, -554, 7611, 1085, 753, 2244
1209505040, -623, -204, 7697, 1286, 646, 2319
1209515043, -784, 232, 7578, 1301, 564, 2586
1209525043, -998, 582, 7430, 1341, 607, 3000
1209535043, -994, 672, 7113, 1683, 688, 3442
1209545043, -898, 400, 7137, 1964, 993, 3972
1209555043, -780, -296, 7743, 2263, 1333, 4472
1209565041, -755, -956, 8400, 2436, 1336, 4662
1209575044, -1014, -1338, 8669, 2110, 1055, 4471
1209585040, -1286, -1329, 8517, 1332, 799, 3904
1209595042, -1012, -669, 8345, 744, 403, 3280
1209605041, -776, 148, 7929, 448, 31, 2995
1209615042, -798, 594, 7192, 161, -32, 3201
1209625042, -926, 618, 6767, 129, 328, 3652
1209635043, -959, 344, 6774, 1010, 729, 4066
1209645043, -1035, -47, 6955, 2221, 1147, 4330
1209655041, -996, -292, 7265, 2648, 1530, 4413
1209665040, -1293, -73, 7606, 2551, 1845, 4383
1209675043, -1503, 491, 8517, 2074, 2136, 4453
1209685042, -1446, 1034, 9410, 1338, 1997, 4784
1209695041, -1365, 849, 9989, 603, 1476, 5443
1209705041, -1416, 206, 9963, 103, 635, 5925
1209715042, -1272, -494, 9337, -786, -246, 5988
1209725045, -1245, -1102, 8302, -1373, -864, 5768
1209735041, -1488, -1304, 7217, -1438, -969, 5232
1209745044, -1714, -960, 7123, -1330, -453, 4494
1209755040, -1420, -352, 7823, -291, -63, 3990
1209765044, -992, 200, 8089, 1032, -142, 3908
1209775043, -944, 522, 7978, 1308, -354, 4112
1209785042, -1169, 648, 7820, 1610, -487, 4452
1209795044, -1251, 656, 7857, 1913, -421, 4824
1209805043, -1131, 636, 7991, 1353, -290, 5185
1209815041, -1205, 506, 8091, 339, -430, 5532
1209825044, -1395, 54, 8121, 412, -740, 5678
1209835043, -1494, 2, 7842, 1023, -1007, 5479
1209845042, -1354, 207, 7291, 1031, -1075, 5355
1209855043, -1324, -28, 7382, 529, -708, 5418
1209865044, -1062, -279, 7720, -50, -492, 5360
1209875043, -891, -488, 8093, -947, -512, 5317
1209885042, -773, -514, 7967, -1386, -796, 5120
1209895040, -934, -146, 7394, -2373, -1041, 4848
1209905043, -1174, 280, 7241, -3369, -935, 4795
1209915043, -1227, 585, 7324, -2937, -761, 4914
1209925043, -974, 937, 7496, -1873, -610, 5093
1209935043, -787, 920, 7462, -1098, -591, 5498
1209945040, -747, 453, 7414, -633, -559, 6044
1209955042, -843, 68, 7157, -1002, -504, 6309
1209965043, -1069, -60, 7127, -2108, -178, 6412
1209975042, -1438, -339, 7251, -3092, 164, 6299
1209985041, -1165, -797, 7543, -2940, 361, 5904
1209995042, -729, -1107, 7990, -2381, 372, 5593
1210005042, -644, -1065, 7953, -2595, 167, 5304
1210015043, -811, -838, 7675, -2323, -23, 4875
1210025043, -1133, -555, 7468, -1696, -30, 4438
1210035040, -1041, -300, 7588, -1113, 182, 4269
1210045040, -840, -246, 7921, -562, 337, 4337
1210055042, -880, -502, 7861, 119, 178, 4521
1210065040, -924, -480, 7450, -159, 67, 4609
1210075042, -988, -600, 7338, -1469, 277, 4875
1210085044, -1010, -881, 7091, -1454, 384, 4885
1210095043, -820, -700, 7102, -732, 584, 4827
1210105044, -1159, -664, 7419, -985, 1041, 4878
1210115044, -1401, -850, 8092, -789, 1383, 4851
1210125044, -1353, -582, 8686, -96, 1314, 4486
1210135041, -1115, -227, 8636, -564, 979, 4272
1210145042, -1170, -250, 8783, -1416, 831, 4609
1210155041, -1578, -1422, 8829, -1917, 506, 4800
1210165040, -1535, -2173, 8841, -1100, 61, 4081
1210175040, -1447, -1913, 8683, -1427, -245, 3189
1210185043, -1384, -1028, 8112, -3039, -443, 2610
1210195040, -1001, -87, 7629, -3268, -595, 2491
1210205043, -788, 398, 6837, -1830, -730, 2990
1210215040, -923, 278, 6351, -640, -480, 3687
1210225040, -935, -57, 6543, 269, 49, 4193
1210235044, -1049, -553, 6920, 671, 500, 4454
1210245043, -1337, -905, 7488, 507, 833, 4444
1210255042, -1556, -1093, 8160, 126, 960, 4245
1210265040, -1388, -1003, 8510, -143, 798, 4079
1210275044, -1181, -542, 8193, -726, 440, 4044
1210285040, -1177, -501, 7646, -556, 222, 4316
1210295042, -1166, -642, 7110, -378, 192, 4571
1210305043, -1144, -1213, 7038, -1201, 453, 4853
1210315043, -1260, -1410, 7329, -2037, 841, 4904
1210325043, -1647, -2360, 7263, -3183, 1023, 4557
1210335043, -1591, -2680, 7544, -504, 996, 3588
1210345043, -1344, -2113, 8123, 458, 953, 2705
1210355041, -1315, -1494, 8407, -1122, 887, 2106
1210365040, -1085, -1131, 8317, -756, 503, 1827
1210375040, -1135, -1189, 7749, 9, 92, 1846
1210385044, -1515, -2059, 7450, 533, 82, 1925
1210395043, -1631, -2739, 7702, 917, 315, 1466
1210405041, -1549, -2027, 7765, 117, 410, 517
1210415043, -1424, -1472, 7927, -480, 490, 193
1210425040, -1434, -1656, 8012, 1, 422, 197
1210435044, -1711, -1804, 7934, 86, 366, -31
1210445041, -1702, -1918, 8351, 101, 437, -388
1210455042, -1614, -1403, 8581, -105, 288, -927
1210465040, -1601, -247, 8203, -710, 70, -1289
1210475040, -1346, 58, 8256, -800, 72, -983
1210485041, -1237, -366, 8245, -190, -104, -585
1210495043, -1325, -820, 7745, -76, -306, -445
1210505041, -1282, -1336, 7411, -439, -181, -496
1210515042, -1419, -1776, 7423, -291, 40, -748
1210525042, -1527, -2187, 7741, -68, 240, -1097
1210535040, -1472, -2520, 8208, -375, 282, -1585
1210545044, -1583, -2477, 8389, -707, 95, -2206
1210555041, -1600, -1846, 7996, -1003, -155, -2811
1210565042, -1492, -671, 7355, -1500, -271, -3186
1210575043, -1225, -98, 7017, -1263, -111, -2872
1210585044, -960, -439, 6864, -187, 59, -2218
1210595044, -975, -1085, 6604, 656, 233, -1799
1210605041, -1243, -2068, 6721, 923, 586, -1714
1210615041, -1661, -2967, 7548, 1320, 988, -2124
1210625040, -1614, -3401, 8658, 1157, 1176, -3093
1210635044, -1546, -3098, 9048, -76, 888, -4420
1210645043, -1626, -1641, 8489, -1565, 415, -5866
1210655040, -1640, 463, 7730, -2769, 192, -6592
1210665040, -1292, 2214, 7289, -3194, 361, -6149
1210675044, -972, 2943, 7205, -2471, 585, -4605
1210685044, -865, 1905, 7379, -54, 687, -2384
1210695041, -931, -159, 7676, 1803, 601, -576
1210705043, -913, -2436, 7661, 1928, 474, 228
1210715041, -1311, -4362, 7449, 1452, 601, -116
1210725041, -1637, -4869, 7126, 1125, 502, -1867
1210735040, -1717, -4151, 7194, 873, 653, -3775
1210745040, -1529, -3139, 7486, 275, 932, -5175
1210755040, -1729, -1862, 7676, -839, 1116, -6186
1210765043, -1616, -669, 7959, -1190, 1079, -6592
1210775041, -1471, -32, 8057, -51, 849, -6370
1210785041, -1470, -517, 8167, 1768, 597, -5610
1210795041, -2002, -1315, 7995, 3497, 285, -5118
1210805040, -2405, -1452, 7558, 4149, 193, -5273
1210815044, -1997, -1215, 7865, 4514, 375, -5316
1210825044, -1580, -1029, 8334, 4531, 411, -5167
1210835044, -1495, -1087, 8493, 3995, 142, -5003
1210845044, -1560, -1347, 8427, 4068, -302, -4894
1210855041, -1445, -1964, 8168, 4603, -633, -4981
1210865043, -1182, -2696, 8552, 5120, -739, -5243
1210875041, -1031, -3693, 9272, 5718, -1055, -5770
1210885043, -1351, -4601, 9436, 6585, -1810, -6829
1210895040, -2479, -4229, 8717, 6428, -2673, -8702
1210905043, -3493, -1091, 6182, 3385, -3422, -11311
1210915040, -2761, 2025, 3727, -1458, -2479, -12272
1210925042, -380, 4963, 6525, -1526, 1807, -8199
1210935041, -291, 4166, 7465, 1917, 1871, -5138
1210945043, -335, 1586, 8458, 4518, 1754, -2507
1210955044, -401, -1948, 9510, 4748, 1378, -1222
1210965044, -988, -5096, 10059, 4165, 549, -1833
1210975043, -2438, -6373, 10170, 4206, -452, -4237
1210985044, -3596, -4386, 9167, 3063, -1430, -7784
1210995042, -2916, -221, 7318, -1179, -1804, -10625
1211005042, -1322, 3230, 6455, -4678, -1158, -10895
1211015040, -179, 4476, 6566, -4566, -395, -8900
1211025043, 52, 3824, 6484, -2098, -158, -6155
1211035044, -121, 1575, 6519, -103, 131, -3745
1211045041, -331, -1613, 7153, 998, 525, -2497
1211055043, -996, -4123, 7719, 1975, 571, -2984
1211065043, -2194, -4430, 7985, 2459, 486, -4870
1211075042, -2739, -2784, 8381, 1340, 642, -6958
1211085041, -2350, 115, 8288, -809, 618, -8394
1211095043, -1320, 2766, 7537, -1860, 431, -8277
1211105043, -509, 3658, 6987, -1142, 451, -6546
1211115043, -103, 2442, 6922, 1066, 648, -4223
1211125041, -15, -221, 7225, 3480, 750, -2573
1211135043, -204, -3098, 7481, 4122, 753, -2332
1211145042, -883, -4729, 7695, 3458, 746, -3555
1211155042, -1849, -4461, 8220, 2357, 835, -5505
1211165042, -2639, -2570, 9297, 1751, 833, -7451
1211175040, -2274, 383, 9251, 2514, 161, -8778
1211185044, -1335, 2737, 8081, 1693, -513, -8554
1211195043, -743, 3636, 7087, 245, -685, -6971
1211205043, -535, 2916, 6149, 512, -535, -5021
1211215044, -498, 1005, 5723, 1348, -52, -3518
1211225041, -550, -1227, 5727, 1485, 582, -2954
1211235040, -1266, -3072, 6604, 1426, 1218, -3391
1211245044, -2308, -3145, 8231, 2765, 1676, -4784
1211255043, -2636, -1080, 9936, 3397, 1667, -6383
1211265043, -2003, 1789, 10490, 2050, 872, -7050
1211275044, -1403, 3768, 9583, 601, -324, -6246
1211285044, -1150, 3903, 7852, 521, -1209, -4454
1211295043, -886, 2584, 6131, 1659, -1402, -2690
1211305041, -924, 755, 5192, 3478, -877, -1614
1211315043, -1165, -808, 5617, 4481, 40, -1490
1211325040, -1297, -1641, 7021, 4280, 829, -2102
1211335043, -1476, -1698, 8882, 3482, 1127, -3008
1211345043, -1850, -987, 10219, 1939, 629, -3943
1211355043, -2316, 659, 10198, 505, -479, -4701
1211365043, -2136, 2628, 8881, 270, -1612, -4800
1211375043, -1645, 3484, 7145, 306, -2188, -3858
1211385043, -1504, 2974, 6086, 514, -1947, -2406
1211395043, -1550, 1698, 6208, 546, -1236, -1223
1211405044, -1480, 474, 6746, 219, -674, -751
1211415044, -1488, -261, 7178, 105, -396, -864
1211425044, -1502, -356, 7544, 53, -244, -1229
1211435044, -1572, -3, 8006, -381, -128, -1532
1211445043, -1613, 708, 8402, -791, -185, -1677
1211455041, -1586, 1503, 8499, -1172, -388, -1524
1211465044, -1555, 2221, 8265, -1162, -649, -1019
1211475042, -1424, 2344, 7941, -1101, -810, -192
1211485041, -1265, 1694, 7463, -961, -961, 661
1211495043, -1143, 804, 7110, -606, -856, 1203
1211505044, -1000, 0, 7211, -419, -488, 1401
1211515041, -1046, -441, 7623, -356, -157, 1313
1211525044, -1285, -568, 8227, -384, 24, 1086
1211535040, -1252, -603, 8501, 275, -183, 694
1211545042, -1039, -323, 8076, 742, -521, 274
1211555043, -972, -25, 7822, -36, -535, 86
1211565044, -928, 355, 7682, -269, -517, -14
1211575044, -904, 742, 7582, -296, -474, 42
1211585042, -924, 956, 7520, -706, -414, 240
1211595044, -888, 790, 7262, -614, -442, 474
1211605041, -862, 443, 6609, 367, -415, 584
1211615044, -870, 178, 6448, 563, 32, 526
1211625041, -852, 208, 6742, 307, 563, 315
1211635043, -865, 558, 7127, 477, 980, 120
1211645043, -944, 853, 7853, 612, 1335, 106
1211655043, -904, 929, 8630, 829, 1399, 93
1211665040, -746, 1174, 8852, 754, 1133, -13
1211675043, -655, 1388, 8813, -82, 886, -47
1211685040, -742, 1412, 8657, -672, 690, 41
1211695043, -1087, 1172, 8669, -814, 573, 248
1211705043, -1439, 689, 8583, -669, 384, 473
1211715042, -1579, 141, 8116, -35, 158, 510
1211725041, -1593, -130, 8061, 99, 245, 422
1211735043, -1713, -169, 8468, 80, 332, 382
1211745043, -1661, -62, 8998, 324, 199, 347
1211755043, -1401, 138, 9453, 189, -192, 375
1211765041, -1134, 90, 9501, -221, -829, 526
1211775043, -894, -259, 9001, -547, -1535, 638
1211785042, -732, -777, 7752, -634, -2153, 528
1211795042, -735, -943, 6247, -393, -2252, 81
1211805042, -673, -472, 5502, -494, -1593, -485
1211815043, -537, 450, 5591, -491, -685, -854
1211825043, -536, 1256, 6189, -83, 109, -754
1211835040, -731, 1480, 7080, 442, 646, -297
1211845043, -862, 1292, 7710, 1090, 757, 133
1211855043, -978, 926, 7999, 1273, 692, 435
1211865044, -1074, 530, 8251, 973, 583, 525
1211875043, -1091, 386, 8366, 569, 382, 395
1211885044, -1109, 264, 8375, 341, 111, 221
1211895044, -1036, 309, 8278, 341, -150, -26
1211905040, -911, 522, 8070, -158, -309, -219
1211915044, -816, 777, 7775, -620, -425, -269
1211925044, -848, 915, 7335, -701, -448, -192
1211935044, -843, 872, 7021, -503, -311, -85
1211945044, -836, 797, 7000, -167, -9, 36
1211955042, -875, 699, 7433, -36, 333, 206
1211965042, -766, 554, 7972, 133, 440, 363
1211975043, -643, 266, 8220, 47, 323, 510
1211985043, -710, -184, 8126, -174, 101, 585
1211995040, -925, -596, 7850, 28, -84, 399
1212005043, -929, -445, 7470, 265, -134, -83
1212015043, -911, 107, 7387, -264, 43, -431
1212025040, -953, 664, 7552, -396, 209, -459
1212035042, -999, 960, 7791, -17, 281, -241
1212045043, -990, 869, 7888, 89, 203, 78
1212055044, -967, 483, 7574, -80, 48, 270
1212065043, -966, 103, 7151, 2, 56, 240
1212075044, -1048, -15, 7229, 29, 305, 108
1212085043, -1020, 171, 7811, 3, 548, -59
1212095043, -912, 423, 8336, 35, 514, -87
1212105042, -951, 352, 8474, 117, 271, 67
1212115043, -1128, 86, 7983, 286, -55, 56
1212125042, -1196, 95, 7440, 189, -63, -157
1212135043, -1226, 391, 7544, 7, 231, -334
1212145043, -1229, 792, 8004, 80, 438, -363
1212155043, -1216, 1055, 8386, 115, 425, -193
1212165042, -1187, 1053, 8535, 41, 224, 120
1212175043, -1218, 709, 8391, 81, -58, 408
1212185043, -1188, 301, 7876, 275, -292, 445
1212195042, -1128, 7, 7635, 57, -248, 336
1212205041, -1034, -19, 7620, -96, -122, 118
1212215041, -978, 178, 7603, -149, -20, -81
1212225042, -1040, 361, 7734, -274, 77, -143
1212235043, -1090, 572, 7723, -35, 61, -189
1212245040, -1166, 757, 7687, 76, 62, -128
1212255044, -1193, 779, 7978, 95, 129, 20
1212265040, -1068, 725, 8125, 126, 25, 153
1212275040, -936, 473, 8014, -132, -162, 258
1212285042, -740, 161, 7611, -359, -296, 299
1212295044, -1081, -135, 7441, -832, -203, 278
1212305044, -1043, -36, 7592, -341, 6, 44
1212315040, -857, 198, 7620, 81, 63, -127
1212325044, -888, 359, 7345, 56, 39, -154
1212335043, -836, 405, 7296, -139, 208, -91
1212345041, -842, 295, 7666, -79, 418, 8
1212355044, -955, 193, 8021, 255, 430, 51
1212365044, -1054, 176, 8295, 119, 352, 38