=~=~=~=~=~=~=~=~=~=~=~= PuTTY log 2017.04.09 21:45:37 =~=~=~=~=~=~=~=~=~=~=~=
488578286, -855, 175, 7826, 43, 23, 20
488588290, -857, 173, 7816, 44, 16, 13
488598290, -840, 168, 7825, 45, 19, 17
488608289, -848, 175, 7824, 44, 27, 21
488618290, -833, 155, 7812, 49, 25, 21
488628288, -840, 159, 7817, 49, 16, 20
488638288, -848, 148, 7806, 49, 20, 15
488648287, -837, 150, 7803, 44, 26, 15
488658286, -810, 168, 7790, 44, 21, 17
488668286, -813, 163, 7819, 47, 17, 10
488678286, -836, 186, 7823, 43, 25, 15
488688289, -830, 180, 7796, 50, 24, 16
488698288, -828, 166, 7816, 46, 25, 18
488708287, -808, 167, 7809, 46, 24, 16
488718287, -843, 152, 7804, 47, 20, 19
488728286, -803, 132, 7786, 47, 19, 22
488738286, -822, 150, 7815, 43, 24, 16
488748290, -832, 160, 7805, 42, 28, 21
488758288, -831, 169, 7792, 51, 24, 23
488768287, -825, 181, 7805, 46, 20, 20
488778287, -819, 176, 7808, 43, 23, 20
488788287, -828, 185, 7806, 44, 31, 16
488798287, -831, 189, 7826, 48, 22, 18
488808286, -836, 148, 7801, 49, 23, 18
488818286, -827, 148, 7809, 44, 25, 19
488828289, -830, 172, 7801, 45, 27, 17
488838288, -840, 144, 7808, 45, 22, 20
488848288, -835, 151, 7813, 50, 26, 19
488858288, -833, 165, 7811, 48, 25, 23
488868288, -844, 192, 7784, 43, 20, 16
488878287, -829, 176, 7802, 44, 19, 18
488888286, -853, 166, 7827, 44, 22, 27
488898286, -835, 158, 7809, 43, 22, 23
488908286, -823, 145, 7808, 42, 18, 18
488918286, -838, 137, 7830, 45, 20, 20
488928290, -838, 146, 7810, 43, 24, 17
488938288, -831, 155, 7801, 39, 24, 17
488948287, -824, 169, 7817, 47, 24, 16
488958287, -823, 164, 7812, 47, 20, 17
488968287, -814, 167, 7795, 48, 22, 25
488978288, -830, 175, 7817, 47, 24, 19
488988287, -835, 159, 7809, 46, 23, 16
488998286, -815, 156, 7811, 46, 24, 17
489008289, -820, 151, 7823, 44, 28, 19
489018288, -822, 152, 7812, 47, 26, 19
489028288, -823, 149, 7780, 46, 26, 16
489038288, -837, 173, 7813, 51, 21, 13
489048287, -830, 164, 7819, 50, 13, 15
489058286, -818, 174, 7797, 45, 17, 16
489068290, -827, 177, 7791, 44, 27, 18
489078290, -837, 169, 7827, 49, 25, 22
489088289, -822, 159, 7801, 45, 17, 19
489098289, -818, 154, 7797, 43, 23, 25
489108287, -831, 162, 7794, 42, 24, 19
489118286, -839, 144, 7795, 47, 22, 20
489128290, -837, 159, 7802, 49, 17, 16
489138290, -829, 163, 7792, 51, 22, 15
489148289, -840, 147, 7814, 40, 24, 14
489158289, -838, 163, 7800, 50, 18, 22
489168288, -824, 173, 7801, 49, 22, 21
489178287, -848, 188, 7827, 47, 25, 14
489188285, -821, 161, 7787, 43, 26, 20
489198289, -835, 151, 7824, 46, 23, 18
489208289, -820, 168, 7833, 42, 27, 20
489218288, -819, 170, 7803, 44, 26, 19
489228287, -839, 160, 7806, 48, 20, 16
489238286, -821, 181, 7793, 47, 24, 18
489248289, -820, 170, 7788, 43, 22, 15
489258289, -821, 164, 7808, 50, 22, 15
489268288, -806, 168, 7824, 44, 25, 16
489278288, -826, 150, 7805, 48, 17, 15
489288286, -828, 152, 7813, 49, 23, 14
489298289, -830, 160, 7820, 44, 23, 19
489308287, -824, 159, 7812, 47, 17, 21
489318287, -831, 171, 7793, 48, 25, 19
489328287, -823, 167, 7804, 44, 23, 16
489338287, -824, 162, 7818, 46, 24, 17
489348286, -843, 171, 7790, 48, 25, 23
489358290, -824, 181, 7788, 47, 18, 23
489368287, -849, 150, 7802, 42, 26, 18
489378288, -848, 160, 7798, 41, 27, 18
489388287, -844, 144, 7788, 46, 25, 16
489398288, -833, 144, 7801, 48, 27, 17
489408286, -834, 166, 7805, 46, 23, 16
489418285, -841, 170, 7805, 47, 17, 18
489428288, -839, 168, 7790, 43, 20, 19
489438288, -818, 176, 7801, 42, 28, 17
489448288, -830, 166, 7810, 44, 22, 14
489458288, -843, 167, 7809, 41, 26, 15
489468286, -816, 170, 7803, 48, 25, 21
489478290, -814, 156, 7810, 47, 27, 16
489488288, -792, 152, 7798, 44, 24, 17
489498288, -820, 160, 7812, 47, 24, 15
489508287, -823, 148, 7808, 55, 23, 21
489518288, -816, 173, 7791, 48, 22, 20
489528287, -806, 174, 7791, 49, 22, 24
489538287, -809, 163, 7810, 52, 23, 25
489548286, -816, 180, 7803, 44, 24, 21
489558287, -823, 160, 7802, 38, 24, 20
489568287, -826, 152, 7806, 43, 19, 23
489578288, -829, 146, 7807, 47, 26, 17
489588287, -818, 161, 7816, 43, 24, 16
489598287, -832, 172, 7820, 46, 24, 21
489608290, -835, 171, 7805, 49, 23, 19
489618290, -846, 189, 7796, 49, 20, 16
489628288, -841, 163, 7818, 41, 23, 15
489638288, -835, 168, 7818, 41, 22, 18
489648287, -836, 162, 7799, 45, 20, 20
489658286, -824, 161, 7826, 48, 23, 19
489668290, -850, 157, 7827, 51, 23, 15
489678285, -839, 156, 7802, 51, 23, 16
489688289, -814, 155, 7820, 52, 24, 16
489698288, -826, 168, 7799, 47, 19, 19
489708288, -832, 162, 7803, 45, 17, 17
489718286, -828, 173, 7807, 48, 23, 21
489728289, -813, 176, 7808, 42, 27, 19
489738288, -815, 165, 7804, 42, 25, 18
489748288, -824, 157, 7810, 40, 26, 18
489758288, -844, 164, 7809, 47, 25, 14
489768288, -841, 157, 7793, 47, 25, 22
489778288, -817, 178, 7797, 47, 20, 25
489788286, -812, 166, 7806, 49, 21, 23
489798287, -815, 163, 7814, 44, 25, 16
489808287, -820, 162, 7817, 46, 24, 20
489818287, -828, 173, 7817, 45, 25, 23
489828286, -832, 180, 7790, 48, 23, 17
489838290, -850, 167, 7799, 49, 21, 19
489848288, -832, 158, 7828, 38, 21, 20
489858287, -841, 160, 7806, 41, 19, 22
489868288, -827, 152, 7810, 42, 25, 22
489878287, -831, 149, 7800, 43, 22, 16
489888287, -831, 163, 7789, 45, 25, 15
489898286, -826, 173, 7805, 48, 24, 17
489908289, -821, 169, 7794, 48, 14, 12
489918290, -843, 174, 7821, 54, 21, 15
489928288, -834, 156, 7813, 43, 23, 15
489938288, -802, 177, 7806, 38, 25, 17
489948287, -805, 167, 7813, 44, 24, 18
489958286, -832, 153, 7807, 48, 25, 14
489968289, -837, 171, 7796, 47, 26, 15
489978289, -844, 179, 7802, 53, 24, 20
489988288, -811, 165, 7807, 48, 24, 20
489998288, -823, 167, 7805, 45, 20, 17
490008287, -837, 170, 7809, 46, 15, 21
490018286, -828, 165, 7805, 48, 24, 16
490028290, -835, 174, 7798, 50, 24, 19
490038289, -837, 155, 7791, 47, 30, 19
490048288, -831, 157, 7815, 44, 24, 18
490058288, -843, 176, 7806, 47, 22, 20
490068287, -824, 169, 7792, 51, 27, 21
490078286, -822, 149, 7823, 46, 25, 21
490088290, -832, 173, 7816, 48, 23, 17
490098286, -832, 158, 7804, 44, 21, 19
490108286, -833, 168, 7798, 49, 23, 15
490118287, -825, 167, 7792, 45, 23, 14
490128285, -810, 168, 7787, 43, 25, 17
490138288, -845, 158, 7819, 41, 24, 20
490148288, -829, 172, 7806, 48, 21, 17
490158288, -823, 162, 7810, 49, 22, 18
490168288, -843, 163, 7790, 46, 16, 23
490178288, -833, 169, 7805, 39, 17, 19
490188287, -827, 155, 7814, 41, 20, 21
490198286, -826, 158, 7791, 49, 24, 17
490208290, -816, 166, 7799, 45, 25, 20
490218290, -827, 170, 7816, 44, 19, 23
490228290, -836, 169, 7807, 48, 24, 15
490238290, -809, 172, 7810, 46, 24, 14
490248288, -837, 160, 7801, 47, 22, 19
490258287, -824, 151, 7798, 50, 18, 22
490268287, -819, 150, 7804, 44, 25, 15
490278288, -833, 166, 7812, 41, 27, 12
490288288, -830, 167, 7807, 44, 21, 12
490298288, -797, 141, 7824, 52, 27, 15
490308288, -819, 148, 7815, 87, 43, 28
490318287, -938, 363, 7797, 40, 25, 142
490328286, -899, 315, 7801, 10, 14, 467
490338286, -784, 110, 7804, 7, 21, 629
490348290, -667, -113, 7785, 21, 22, 458
490358287, -841, 111, 7792, 57, 32, 76
490368286, -852, 202, 7816, 60, 23, -17
490378287, -826, 144, 7785, 43, 26, 18
490388287, -831, 171, 7813, 51, 22, 16
490398288, -848, 174, 7813, 46, 24, 14
490408288, -828, 163, 7804, 46, 18, 15
490418288, -820, 161, 7797, 49, 17, 22
490428287, -820, 167, 7796, 51, 13, 28
490438286, -833, 175, 7805, 48, 18, 24
490448288, -838, 176, 7813, 42, 22, 21
490458288, -817, 171, 7809, 45, 18, 16
490468288, -837, 173, 7794, 49, 16, 17
490478288, -848, 180, 7802, 40, 24, 20
490488287, -831, 177, 7794, 35, 20, 18
490498286, -831, 167, 7816, 33, 16, 20
490508285, -826, 165, 7794, 42, 15, 19
490518289, -816, 159, 7808, 41, 15, 17
490528289, -846, 168, 7824, 29, 13, 19
490538288, -836, 142, 7826, -1, -14, 28
490548288, -802, 126, 7820, 16, -8, 21
490558290, -800, 168, 7778, 39, 30, 8
490568289, -799, 153, 7793, 50, 42, 6
490578288, -841, 186, 7828, 80, 73, -20
490588286, -846, 185, 7804, 93, 83, -73
490598288, -802, 174, 7828, 63, 78, -84
490608290, -772, 161, 7871, 29, 108, -72
490618285, -672, 192, 7992, 33, 240, -78
490628285, -524, 245, 8159, 27, 615, -150
490638285, -658, 413, 8344, -203, 1079, -113
490648289, -1208, 367, 8258, -756, 1224, 166
490658289, -1197, 624, 8268, -1507, 1189, 695
490668288, -710, 495, 8352, -2849, 1138, 1189
490678287, -648, 337, 8296, -4043, 1153, 1268
490688290, -1032, 210, 8118, -4924, 1271, 1333
490698288, -1341, -154, 7932, -5575, 1327, 1582
490708287, -1079, -513, 7860, -5672, 1425, 1690
490718286, -755, -756, 8038, -4969, 1947, 1508
490728288, -975, -750, 8089, -3757, 2994, 1109
490738289, -1448, -607, 7918, -2601, 4051, 832
490748286, -2028, -103, 7493, -2378, 4272, 724
490758289, -1887, -57, 7670, -3790, 3310, 704
490768286, -1611, -530, 8026, -5095, 2488, 424
490778289, -1442, -814, 8585, -4232, 1858, 13
490788285, -1479, -615, 8873, -1743, 1136, -255
490798290, -1551, -362, 8793, 404, 444, -207
490808287, -1530, -409, 8582, 1208, -76, 154
490818285, -1597, -798, 8573, 1443, -344, 562
490828287, -1734, -1024, 8665, 2440, -553, 814
490838290, -1638, -1085, 8602, 3793, -787, 928
490848286, -1662, -833, 8377, 4426, -919, 879
490858288, -1584, -576, 8106, 3895, -874, 1090
490868289, -1617, -589, 7957, 2618, -785, 1237
490878287, -1589, -787, 7840, 1560, -664, 1189
490888289, -1614, -873, 7921, 1173, -530, 840
490898288, -1584, -848, 8077, 1057, -319, 471
490908285, -1586, -810, 8275, 633, -128, 268
490918287, -1521, -779, 8383, -158, -54, 136
490928287, -1557, -730, 8452, -1126, -89, -9
490938289, -1574, -829, 8532, -1823, -244, -61
490948288, -1512, -961, 8603, -1503, -564, -129
490958287, -1413, -892, 8585, -121, -993, -298
490968285, -1326, -523, 8366, 1479, -1419, -377
490978289, -1206, -150, 7996, 2235, -1703, -245
490988289, -1271, 0, 7634, 1862, -1761, -20
490998289, -1335, -93, 7447, 983, -1655, 254
491008287, -1362, -380, 7359, 436, -1457, 421
491018290, -1204, -622, 7686, 1211, -1098, 91
491028286, -1132, -450, 7760, 1474, -1075, -182
491038287, -1131, -276, 7716, 979, -1097, -216
491048287, -1129, -239, 7559, -98, -1080, -49
491058287, -1065, -440, 7479, -1039, -955, 105
491068289, -1100, -557, 7528, -1263, -803, 56
491078286, -1060, -618, 7576, -908, -727, -107
491088289, -1087, -547, 7616, -373, -756, -239
491098288, -1046, -476, 7550, 26, -874, -240
491108288, -921, -432, 7423, 161, -957, -183
491118286, -922, -348, 7296, -42, -949, -117
491128285, -908, -347, 7198, -318, -879, -40
491138286, -866, -415, 7234, -297, -765, 32
491148287, -908, -465, 7338, 98, -665, 60
491158290, -879, -512, 7406, 750, -646, 94
491168288, -806, -437, 7391, 1306, -674, 122
491178286, -803, -317, 7369, 1306, -594, 130
491188289, -842, -306, 7461, 747, -428, 164
491198287, -838, -429, 7579, 109, -269, 206
491208288, -801, -568, 7751, -188, -129, 184
491218289, -806, -625, 7936, -133, -79, 112
491228290, -824, -611, 8001, -67, -187, 10
491238287, -746, -516, 7897, -116, -403, -111
491248287, -718, -454, 7726, -213, -550, -248
491258287, -733, -396, 7589, -319, -593, -343
491268286, -745, -355, 7455, -396, -579, -369
491278290, -721, -299, 7381, -396, -527, -378
491288288, -645, -317, 7418, -225, -413, -360
491298288, -611, -261, 7587, 233, -308, -303
491308285, -572, -201, 7752, 797, -299, -249
491318286, -586, -111, 7845, 1215, -382, -111
491328286, -662, -71, 7801, 1154, -520, 126
491338289, -668, -204, 7662, 658, -616, 310
491348287, -721, -392, 7538, 224, -637, 330
491358286, -726, -455, 7446, 154, -651, 202
491368289, -706, -500, 7418, 364, -611, 60
491378289, -685, -511, 7379, 534, -515, -4
491388285, -670, -433, 7351, 372, -425, -24
491398286, -700, -421, 7357, -5, -379, -68
491408285, -727, -506, 7355, -114, -361, -105
491418288, -673, -515, 7339, 120, -299, -172
491428289, -671, -444, 7437, 436, -166, -256
491438285, -673, -316, 7579, 727, -120, -298
491448285, -613, -215, 7614, 998, -184, -301
491458290, -563, -151, 7590, 1118, -208, -240
491468289, -649, -200, 7649, 1003, -186, -108
491478285, -570, -322, 7733, 918, -175, -1
491488288, -499, -332, 7811, 1078, -184, -46
491498289, -577, -202, 7855, 1228, -266, -152
491508289, -620, -82, 7802, 1122, -379, -154
491518289, -576, -75, 7713, 872, -473, -121
491528289, -558, -154, 7606, 777, -507, -115
491538286, -519, -206, 7554, 984, -497, -120
491548288, -524, -143, 7507, 1263, -507, -137
491558289, -471, -116, 7437, 1367, -473, -167
491568289, -526, -39, 7512, 1445, -382, -137
491578289, -465, 11, 7573, 1593, -305, -127
491588286, -460, 96, 7689, 1685, -205, -110
491598289, -425, 147, 7820, 1492, -107, -77
491608288, -390, 107, 7961, 1080, -53, -38
491618287, -448, 55, 8018, 804, -140, -43
491628286, -500, 14, 7782, 866, -341, -135
491638288, -475, 9, 7492, 1181, -398, -305
491648287, -487, 62, 7291, 1581, -308, -640
491658287, -599, 53, 7301, 2090, -95, -924
491668286, -617, 37, 7529, 3090, 126, -1090
491678286, -435, 178, 7655, 4720, 159, -1267
491688286, -254, 513, 7679, 6056, 140, -1400
491698289, -364, 917, 7647, 6188, 177, -1262
491708288, -480, 1032, 7635, 5106, 242, -884
491718288, -513, 901, 7666, 3955, 278, -506
491728289, -464, 879, 7624, 3770, 202, -387
491738289, -507, 1035, 7583, 4130, 144, -471
491748288, -532, 1189, 7620, 4407, 143, -533
491758288, -460, 1300, 7638, 4454, 135, -540
491768286, -401, 1428, 7633, 4442, 99, -445
491778287, -414, 1542, 7614, 4487, 18, -325
491788287, -475, 1576, 7616, 4630, -72, -320
491798286, -479, 1618, 7590, 5029, -135, -387
491808288, -381, 1694, 7556, 5624, -217, -406
491818289, -485, 1732, 7599, 6114, -288, -342
491828286, -413, 1704, 7531, 6495, -370, -272
491838289, -397, 1764, 7424, 6655, -425, -192
491848287, -521, 1872, 7238, 6455, -451, -136
491858290, -529, 1993, 6937, 5812, -458, -117
491868287, -508, 2160, 6556, 4852, -341, -134
491878288, -550, 2325, 6343, 3882, -73, -227
491888290, -352, 2427, 6487, 3543, 480, -384
491898289, -377, 2526, 7047, 4217, 1230, -500
491908288, -629, 2501, 7674, 6010, 1598, -483
491918288, -478, 2662, 7791, 8295, 1328, -439
491928287, -285, 3092, 7611, 9669, 862, -427
491938285, -349, 3487, 7343, 9220, 464, -227
491948288, -543, 3540, 7106, 7458, 211, 212
491958285, -640, 3258, 6860, 5932, 141, 532
491968287, -722, 3064, 6680, 5306, 305, 597
491978285, -1009, 2905, 6689, 5244, 603, 484
491988286, -907, 2629, 6770, 5539, 749, 130
491998286, -728, 2815, 6625, 5964, 635, -399
492008285, -718, 3339, 6273, 5558, 462, -901
492018289, -722, 3826, 6166, 4240, 584, -1181
492028288, -801, 4039, 6406, 3197, 934, -1321
492038288, -731, 4077, 6672, 3437, 1015, -1535
492048286, -574, 4346, 6668, 5152, 750, -1713
492058289, -776, 4901, 6443, 6947, 431, -1574
492068288, -716, 5160, 6187, 7307, 338, -1072
492078288, -851, 5053, 6215, 6389, 536, -519
492088288, -872, 4755, 6405, 5216, 710, -199
492098288, -866, 4528, 6496, 4454, 643, -221
492108287, -839, 4592, 6246, 3966, 362, -532
492118287, -883, 4750, 5928, 3181, 145, -851
492128286, -958, 4828, 5743, 2358, 112, -1007
492138285, -1098, 4926, 5732, 2118, 253, -1069
492148289, -1202, 5122, 5770, 2593, 427, -1026
492158288, -1017, 5276, 5545, 3414, 389, -840
492168286, -954, 5554, 5164, 4166, 217, -656
492178286, -901, 5828, 5061, 4153, 476, -588
492188289, -973, 5771, 5398, 3750, 1034, -495
492198288, -993, 5534, 5725, 4029, 1225, -310
492208287, -1246, 5461, 5726, 4859, 985, -130
492218288, -1503, 5132, 5467, 5621, 603, -104
492228286, -1303, 4923, 4947, 6938, 200, -302
492238290, -1213, 5228, 4518, 8173, 343, -854
492248288, -1157, 5829, 4698, 8011, 1201, -1276
492258288, -1236, 6122, 5397, 6240, 2032, -1227
492268287, -1355, 5875, 6195, 4372, 2234, -949
492278287, -1253, 5629, 6304, 4165, 1665, -811
492288285, -1233, 5966, 5681, 4764, 912, -944
492298288, -1278, 6441, 5190, 4230, 683, -1091
492308286, -1374, 6673, 5171, 2916, 786, -1045
492318285, -1458, 6720, 5427, 2352, 932, -864
492328288, -1447, 6826, 5567, 3054, 746, -647
492338288, -1400, 6872, 5507, 3870, 454, -364
492348286, -1336, 6766, 5372, 4096, 212, -107
492358289, -1315, 6664, 5285, 4145, -43, 28
492368288, -1366, 6705, 5002, 4823, -407, 155
492378288, -1335, 6840, 4583, 5413, -685, 256
492388288, -1357, 6942, 4409, 4975, -618, 315
492398288, -1530, 6956, 4443, 4386, -526, 415
492408287, -1530, 6975, 4231, 4389, -664, 577
492418286, -1346, 6992, 3846, 4325, -755, 727
492428285, -1381, 6946, 3554, 3594, -642, 784
492438289, -1468, 6792, 3465, 2565, -403, 735
492448288, -1625, 6640, 3626, 1932, -159, 586
492458288, -1450, 6685, 3878, 2391, 11, 388
492468288, -1415, 7004, 4105, 3581, 59, 235
492478290, -1246, 7332, 4092, 4485, -95, 341
492488289, -1215, 7383, 3968, 4252, -237, 637
492498289, -1243, 7188, 3785, 3274, -358, 840
492508288, -1315, 6977, 3503, 2551, -479, 846
492518288, -1291, 6922, 3231, 2456, -477, 715
492528285, -1157, 7101, 3279, 2365, -181, 502
492538288, -1089, 7285, 3716, 1547, 213, 394
492548287, -1244, 7205, 4164, 508, 278, 457
492558290, -1219, 6958, 4255, 140, -2, 521
492568285, -1233, 6845, 4079, 133, -274, 410
492578285, -1325, 6820, 3891, -181, -401, 289
492588287, -1203, 6730, 3641, -912, -472, 178
492598290, -1222, 6721, 3544, -1529, -384, 17
492608287, -1199, 6817, 3564, -1659, -263, -137
492618289, -1149, 6962, 3593, -1793, -230, -204
492628289, -1126, 7108, 3487, -2055, -276, -226
492638286, -1142, 7248, 3352, -2183, -323, -226
492648285, -1152, 7269, 3287, -1917, -305, -152
492658285, -1039, 7249, 3302, -1598, -196, -82
492668285, -1041, 7195, 3542, -1584, -14, -21
492678286, -1194, 7169, 3878, -1641, 41, 23
492688286, -1174, 7106, 4064, -1326, -102, 108
492698288, -1080, 7038, 3963, -643, -336, 266
492708285, -1107, 6863, 3773, -598, -421, 384
492718287, -1248, 6689, 3725, -1471, -315, 355
492728288, -1183, 6582, 3772, -2478, -122, 194
492738286, -1221, 6611, 3998, -2871, 67, 18
492748286, -1181, 6828, 4182, -2518, 139, -119
492758289, -1095, 7005, 4261, -1845, 117, -133
492768286, -998, 7067, 4357, -1480, 93, -2
492778289, -984, 6918, 4454, -1790, 59, 156
492788289, -1002, 6694, 4543, -2417, -75, 178
492798288, -1008, 6661, 4597, -2909, -228, 79
492808285, -1015, 6763, 4657, -3054, -356, 64
492818288, -1083, 6724, 4636, -3001, -579, 206
492828285, -1126, 6478, 4381, -2942, -832, 345
492838287, -1235, 5962, 3704, -2928, -709, 152
492848289, -1092, 5972, 3621, -3143, -281, -103
492858286, -983, 6063, 3983, -3877, 270, -336
492868287, -1057, 6339, 4587, -4576, 536, -524
492878285, -1160, 6577, 5086, -4506, 373, -431
492888287, -989, 6506, 5153, -3698, -33, -80
492898288, -946, 6356, 5024, -3024, -338, 154
492908289, -1014, 6143, 4876, -3264, -405, 262
492918288, -1072, 5705, 4826, -4135, -362, 292
492928286, -1107, 5251, 4889, -4978, -171, 144
492938289, -1054, 5331, 5057, -5518, 27, -322
492948286, -1079, 5803, 5281, -5761, 104, -687
492958287, -1079, 6112, 5512, -5521, 42, -611
492968290, -1127, 6081, 5554, -4799, -147, -259
492978286, -1120, 5754, 5439, -4417, -341, 56
492988289, -936, 5314, 5356, -4665, -400, 81
492998287, -877, 5366, 5338, -5254, -382, -238
493008287, -952, 5738, 5425, -5968, -336, -527
493018288, -1032, 5947, 5613, -6039, -311, -427
493028287, -987, 5888, 5731, -5352, -305, -102
493038289, -1015, 5606, 5843, -4920, -249, 233
493048286, -1151, 4981, 5929, -5383, -88, 514
493058289, -1214, 4127, 5978, -6487, 169, 589
493068287, -1178, 3542, 6167, -7944, 477, 150
493078286, -1220, 3662, 6577, -9024, 618, -699
493088287, -1063, 4421, 6788, -8791, 344, -1323
493098286, -937, 5282, 6715, -7649, -72, -1393
493108287, -876, 5795, 6654, -6692, -328, -959
493118288, -960, 5810, 6573, -6285, -500, -238
493128289, -990, 5366, 6393, -6044, -662, 549
493138286, -1020, 4770, 6214, -5727, -782, 1068
493148287, -1148, 4206, 6134, -5159, -786, 1226
493158286, -1142, 3729, 6363, -4134, -681, 1202
493168289, -1104, 3433, 6674, -3081, -579, 1075
493178287, -1219, 3254, 6792, -2946, -492, 932
493188289, -1185, 3002, 6814, -4017, -292, 821
493198286, -1189, 2867, 6952, -5626, 47, 639
493208289, -1119, 3016, 7131, -6545, 226, 447
493218289, -1005, 3211, 7167, -6431, 171, 401
493228288, -902, 3424, 7126, -6047, 108, 402
493238289, -725, 3575, 7229, -5900, 81, 437
493248288, -681, 3629, 7472, -5852, 47, 563
493258287, -788, 3453, 7710, -5551, -148, 732
493268285, -890, 3141, 7751, -4573, -565, 888
493278289, -855, 2965, 7514, -3237, -990, 1001
493288286, -891, 2756, 7246, -2605, -1079, 1154
493298288, -869, 2345, 7240, -2874, -788, 1274
493308285, -894, 1938, 7336, -3591, -445, 1294
493318287, -899, 1634, 7435, -4578, -184, 1169
493328289, -837, 1488, 7660, -5548, 8, 855
493338289, -779, 1560, 7924, -5785, -51, 398
493348287, -697, 1894, 8069, -5090, -422, 13
493358285, -674, 2289, 8023, -4082, -877, -91
493368286, -711, 2394, 7807, -3383, -1196, 150
493378288, -595, 2152, 7484, -3192, -1338, 485
493388286, -534, 1921, 7207, -3397, -1285, 659
493398289, -457, 1760, 7148, -3681, -1111, 605
493408287, -509, 1644, 7319, -3492, -1031, 513
493418285, -519, 1554, 7335, -2705, -1139, 506
493428286, -546, 1536, 7163, -1920, -1226, 577
493438287, -464, 1476, 6986, -1669, -1114, 696
493448289, -460, 1372, 6986, -1550, -884, 713
493458288, -410, 1257, 7146, -986, -632, 674
493468286, -427, 1219, 7431, -261, -404, 650
493478288, -416, 1135, 7827, 41, -197, 665
493488288, -404, 1013, 8090, -74, -212, 628
493498286, -451, 914, 7958, -273, -463, 514
493508289, -449, 924, 7578, -395, -595, 316
493518289, -470, 1045, 7244, -506, -453, 123
493528287, -376, 1140, 7152, -649, -116, -10
493538288, -337, 1250, 7369, -661, 252, -126
493548285, -290, 1441, 7733, -479, 471, -172
493558288, -322, 1581, 8099, -211, 517, -114
493568285, -362, 1549, 8356, 22, 424, 107
493578288, -398, 1293, 8391, 112, 211, 336
493588285, -390, 1052, 8201, -14, -21, 381
493598289, -399, 975, 7952, -403, -181, 222
493608287, -466, 978, 7823, -832, -224, 0
493618285, -512, 1009, 7781, -842, -226, -208
493628290, -434, 1206, 7637, -451, -287, -291
493638286, -378, 1378, 7449, -315, -236, -250
493648287, -388, 1382, 7438, -459, -33, -125
493658289, -410, 1321, 7501, -272, 117, -11
493668286, -427, 1295, 7638, 41, 250, 46
493678288, -366, 1281, 7874, -42, 380, 65
493688288, -368, 1257, 8166, -455, 349, 65
493698289, -411, 1211, 8305, -806, 135, 45
493708289, -426, 1126, 8286, -778, -204, 1
493718287, -411, 1126, 7868, -383, -572, 21
493728289, -453, 1138, 7229, -306, -706, 97
493738288, -411, 1070, 6861, -820, -408, 93
493748286, -360, 1088, 7060, -1261, 133, -30
493758289, -381, 1266, 7490, -1299, 488, -91
493768287, -343, 1293, 7786, -1241, 503, 24
493778288, -314, 1136, 7824, -1093, 301, 176
493788286, -372, 1023, 7577, -716, 13, 218
493798286, -421, 984, 7210, -467, -106, 185
493808288, -425, 962, 7177, -534, 107, 85
493818289, -386, 964, 7469, -727, 416, -53
493828289, -366, 987, 7746, -825, 503, -171
493838287, -434, 1020, 7890, -948, 454, -168
493848289, -520, 932, 8031, -1126, 448, -62
493858287, -443, 813, 8071, -1036, 389, 0
493868288, -402, 895, 7940, -944, 285, -68
493878287, -412, 1011, 7817, -1148, 192, -180
493888289, -426, 1108, 7850, -1139, 165, -237
493898287, -433, 1189, 7936, -767, 125, -179
493908289, -400, 1132, 7953, -377, 11, -76
493918287, -456, 972, 7900, -15, -124, 27
493928285, -504, 835, 7671, 414, -248, 77
493938286, -498, 786, 7456, 631, -240, 51
493948287, -513, 813, 7332, 449, -90, -4
493958287, -460, 821, 7384, 37, 138, -81
493968287, -419, 897, 7699, -232, 391, -153
493978285, -397, 1066, 7969, -261, 415, -158
493988287, -386, 1132, 8026, -264, 254, -90
493998287, -426, 1069, 7907, -183, 61, 4
494008288, -497, 941, 7669, 98, -58, 94
494018286, -526, 832, 7433, 257, -3, 156
494028286, -519, 777, 7376, -39, 247, 116
494038285, -516, 751, 7585, -487, 510, 11
494048289, -500, 814, 7872, -606, 616, -81
494058288, -464, 960, 8099, -616, 575, -98
494068286, -466, 974, 8179, -733, 435, -13
494078286, -475, 874, 8052, -755, 201, 56
494088286, -494, 819, 7823, -550, 27, 63
494098287, -534, 871, 7574, -304, -12, 32
494108285, -549, 847, 7509, -247, 122, 47
494118286, -526, 792, 7728, -216, 306, 41
494128287, -516, 753, 8067, -22, 372, -23
494138287, -492, 813, 8237, 202, 248, -57
494148287, -513, 848, 8164, 99, 41, 7
494158286, -499, 726, 7914, -252, -107, 80
494168288, -493, 708, 7699, -396, -159, 50
494178288, -532, 769, 7555, -398, -133, -2
494188290, -530, 769, 7398, -412, -73, 15
494198289, -529, 734, 7281, -435, 42, 28
494208289, -546, 716, 7318, -397, 231, 14
494218289, -493, 752, 7525, -260, 411, -10
494228287, -482, 779, 7789, -139, 500, -8
494238287, -536, 738, 7995, -29, 432, 35
494248288, -516, 611, 7905, 210, 261, 105
494258290, -515, 619, 7759, 254, 220, 114
494268286, -529, 654, 7727, -32, 318, 74
494278286, -544, 660, 7722, -283, 384, 51
494288286, -517, 630, 7662, -394, 426, 36
494298286, -575, 584, 7636, -455, 529, 43
494308286, -581, 535, 7698, -507, 675, 49
494318287, -606, 524, 7793, -525, 764, 10
494328287, -601, 544, 7828, -495, 767, -66
494338285, -580, 604, 7790, -394, 684, -150
494348287, -595, 667, 7585, -141, 570, -177
494358286, -606, 673, 7238, 174, 547, -161
494368286, -610, 661, 6867, 377, 716, -103
494378287, -685, 665, 6670, 335, 1094, -67
494388287, -769, 683, 6673, 142, 1640, -97
494398286, -821, 682, 6768, -114, 2216, -118
494408288, -788, 700, 6900, -364, 2738, -83
494418287, -954, 689, 6912, -754, 3135, 17
494428288, -1239, 411, 6589, -1296, 3246, 223
494438288, -1238, 104, 5998, -1373, 3170, 176
494448286, -1313, 204, 5698, -621, 3587, -242
494458287, -1409, 468, 6305, 634, 4649, -705
494468286, -1486, 849, 7575, 1832, 5517, -923
494478286, -1429, 1137, 8810, 2077, 5804, -762
494488290, -1573, 1085, 9510, 1364, 5489, -341
494498289, -1701, 791, 9588, 365, 4615, 15
494508286, -1859, 532, 9088, -571, 3743, 178
494518290, -2129, 424, 8299, -1198, 3175, 171
494528288, -2191, 508, 7592, -1261, 3065, 5
494538288, -2221, 757, 7522, -637, 3466, -267
494548286, -2350, 1022, 7955, 168, 3898, -292
494558285, -2432, 980, 8266, 352, 3880, 5
494568286, -2509, 810, 8251, -62, 3493, 340
494578290, -2517, 699, 7995, -451, 3081, 545
494588289, -2598, 602, 7882, -532, 3025, 578
494598290, -2665, 579, 7944, -421, 3115, 491
494608290, -2699, 721, 7877, -676, 3028, 390
494618289, -2799, 797, 7538, -1229, 2836, 407
494628288, -2815, 879, 7080, -1346, 2731, 499
494638288, -2823, 1158, 7031, -1057, 3090, 713
494648286, -3081, 690, 7968, -1256, 3676, 1310
494658286, -3279, 551, 7790, -1635, 3487, 1822
494668290, -3336, 700, 7258, -1879, 3296, 2248
494678290, -3414, 606, 6936, -2502, 3491, 2586
494688287, -3427, 458, 6863, -2731, 3786, 2639
494698286, -3419, 358, 6888, -2545, 3972, 2544
494708289, -3548, 339, 6845, -2186, 4013, 2404
494718289, -3724, 367, 6688, -1818, 3953, 2335
494728288, -3801, 231, 6827, -1607, 4133, 2364
494738287, -3838, -79, 7467, -1340, 4706, 2318
494748289, -3933, -420, 8044, -1322, 4918, 2104
494758286, -3959, -714, 8130, -1990, 4596, 1664
494768288, -4205, -920, 8009, -2924, 4170, 1025
494778287, -4323, -1012, 7659, -3286, 3807, 299
494788289, -4294, -805, 7234, -2870, 3567, -533
494798286, -4368, -156, 6803, -2270, 3363, -1202
494808286, -4296, 326, 6416, -2172, 3281, -1337
494818288, -4204, 536, 6458, -2347, 3649, -1147
494828289, -4436, 458, 7060, -2347, 4304, -810
494838287, -4615, 53, 7620, -1920, 4469, -359
494848289, -4667, -319, 7766, -1462, 4138, -86
494858285, -4733, -548, 7546, -1540, 3629, -156
494868289, -4720, -630, 7105, -1987, 3173, -444
494878289, -4860, -424, 6606, -2375, 2829, -776
494888288, -4778, -299, 6147, -2327, 2551, -968
494898288, -4674, -239, 6153, -1559, 2606, -1078
494908289, -4726, -45, 6634, -632, 2786, -1127
494918286, -4893, 35, 7281, -42, 2753, -987
494928289, -4939, -106, 7543, 734, 2194, -694
494938285, -4931, -155, 7280, 1826, 1391, -485
494948286, -4957, 13, 6636, 2319, 820, -312
494958286, -5005, 9, 6047, 1694, 710, 3
494968290, -5031, -63, 5792, 789, 1074, 322
494978289, -5082, -296, 5690, 327, 1486, 581
494988289, -5047, -391, 5635, 446, 1805, 603
494998287, -5075, -335, 5731, 596, 2096, 487
495008286, -5228, -317, 5942, 683, 2171, 318
495018286, -5177, -235, 6078, 1044, 2117, 156
495028290, -5145, -47, 6254, 1404, 2107, 102
495038289, -5126, -5, 6452, 1341, 2125, 222
495048289, -5197, -92, 6697, 1037, 2092, 466
495058288, -5265, -137, 6810, 771, 1885, 680
495068287, -5315, -132, 6676, 562, 1546, 785
495078288, -5442, -213, 6300, 268, 1253, 803
495088289, -5585, -407, 5940, -2, 1127, 714
495098287, -5588, -436, 5768, 1, 1160, 440
495108287, -5487, -223, 5754, 20, 1344, 130
495118286, -5505, 14, 6009, -69, 1511, -62
495128288, -5456, 189, 6297, 52, 1484, 5
495138287, -5347, 207, 6588, 315, 1412, 297
495148288, -5303, -30, 7158, 387, 1474, 615
495158288, -5493, -262, 7814, 89, 1447, 851
495168288, -5691, -571, 8022, -600, 887, 956
495178286, -5766, -841, 7720, -1220, -36, 774
495188285, -5871, -784, 7076, -1333, -885, 341
495198286, -5999, -604, 6446, -973, -1467, -13
495208289, -5865, -433, 5828, -368, -1790, -189
495218289, -5689, -228, 5398, 2, -1790, -330
495228289, -5506, -54, 5443, 81, -1461, -405
495238290, -5444, 50, 5787, 96, -1072, -312
495248287, -5439, 61, 6115, 74, -853, -50
495258286, -5467, -154, 6248, 56, -796, 262
495268285, -5519, -450, 6301, 174, -767, 418
495278288, -5528, -614, 6324, 446, -819, 311
495288285, -5528, -658, 6363, 709, -925, 49
495298288, -5528, -565, 6391, 831, -1035, -228
495308288, -5543, -423, 6401, 754, -1138, -415
495318289, -5497, -291, 6428, 463, -1151, -450
495328290, -5451, -252, 6549, -14, -1105, -409
495338289, -5499, -254, 6728, -334, -1120, -375
495348287, -5505, -279, 6819, -372, -1250, -364
495358287, -5436, -267, 6828, -286, -1419, -404
495368285, -5394, -216, 6907, -13, -1615, -465
495378289, -5279, -177, 6940, 412, -1879, -511
495388289, -5169, 17, 6965, 786, -2077, -490
495398288, -5165, 169, 6959, 743, -2184, -292
495408285, -5146, 138, 6968, 449, -2269, -29
495418288, -4933, 34, 7095, 356, -2311, 127
495428287, -4959, -39, 7500, 480, -2335, 175
495438286, -5005, -174, 7744, 713, -2639, 264
495448289, -5034, -319, 7561, 822, -3185, 309
495458288, -4941, -378, 7229, 669, -3646, 189
495468285, -4920, -356, 7019, 485, -3901, -80
495478286, -4839, -344, 6937, 583, -4006, -364
495488285, -4755, -282, 6916, 825, -4005, -619
495498286, -4653, -133, 6934, 923, -4030, -764
495508286, -4449, 84, 6863, 961, -4138, -710
495518289, -4285, 196, 6749, 1093, -4266, -522
495528286, -4262, 249, 6658, 1446, -4333, -260
495538288, -4089, 319, 6577, 1687, -4305, -49
495548285, -4113, 349, 6705, 1333, -4002, 136
495558285, -4169, 138, 6986, 792, -3698, 323
495568290, -4110, -55, 7201, 632, -3628, 332
495578288, -3983, 6, 7326, 681, -3738, 183
495588288, -3854, 124, 7434, 792, -3861, 75
495598287, -3755, 124, 7543, 1186, -4023, 58
495608286, -3689, 125, 7549, 1746, -4228, 93
495618286, -3630, 96, 7387, 2034, -4485, 148
495628289, -3680, 21, 7064, 1953, -4669, 183
495638288, -3585, -7, 6606, 1747, -4659, 184
495648286, -3460, 66, 6429, 1403, -4298, 127
495658289, -3373, 74, 6685, 1097, -3734, 39
495668289, -3310, 70, 7076, 1059, -3387, -6
495678288, -3081, 102, 7211, 897, -3274, -9
495688286, -3099, -129, 7254, 639, -3198, -65
495698288, -2980, 81, 7157, 659, -3168, -321
495708285, -2884, 566, 7048, 465, -3014, -273
495718287, -2772, 422, 7241, 245, -2760, -114
495728289, -2836, 490, 7530, 539, -2684, -113
495738287, -2733, 552, 7601, 541, -2667, 13
495748288, -2673, 515, 7742, -32, -2523, 204
495758287, -2536, 356, 7924, -482, -2439, 272
495768289, -2483, 314, 8097, -131, -2557, 169
495778285, -2397, 377, 8048, 816, -2887, 63
495788288, -2262, 447, 8032, 1584, -3106, 22
495798288, -2190, 440, 8045, 1751, -3201, 35
495808288, -2183, 453, 8015, 1357, -3297, 75
495818288, -2184, 430, 7967, 658, -3336, 96
495828287, -2133, 350, 7921, 225, -3358, 38
495838287, -2037, 444, 7896, 491, -3437, -78
495848289, -1839, 622, 7741, 776, -3513, -117
495858287, -1745, 675, 7657, 501, -3504, -43
495868286, -1628, 620, 7589, 25, -3432, 42
495878287, -1575, 603, 7642, -133, -3254, 45
495888289, -1542, 617, 7780, 99, -3128, 53
495898288, -1413, 693, 7671, 270, -3225, 74
495908288, -1273, 771, 7413, 43, -3279, 109
495918288, -1190, 710, 7272, -378, -3107, 164
495928285, -1168, 672, 7274, -510, -2878, 175
495938288, -1108, 685, 7227, -401, -2732, 158
495948289, -1010, 703, 7271, -171, -2600, 109
495958286, -928, 776, 7496, 174, -2450, 57
495968286, -905, 888, 7854, 436, -2309, 52
495978287, -832, 888, 8070, 448, -2369, 187
495988287, -816, 776, 7908, 259, -2611, 360
495998288, -793, 650, 7616, -2, -2726, 412
496008286, -729, 725, 7580, -96, -2537, 339
496018289, -651, 915, 7867, -179, -2293, 286
496028286, -581, 965, 7942, -398, -2344, 380
496038289, -558, 864, 7697, -551, -2576, 516
496048287, -636, 680, 7311, -269, -2726, 584
496058285, -622, 533, 6960, 411, -2685, 609
496068289, -544, 486, 6989, 939, -2369, 546
496078288, -479, 512, 7338, 1130, -2041, 466
496088287, -436, 498, 7665, 1053, -1978, 438
496098288, -420, 451, 7764, 934, -2107, 483
496108288, -328, 333, 7660, 729, -2260, 502
496118289, -202, 397, 7367, 441, -2359, 411
496128288, -141, 628, 6900, -78, -2322, 365
496138286, -105, 687, 6585, -723, -2051, 452
496148288, 1, 619, 6630, -904, -1675, 531
496158289, 49, 623, 6896, -280, -1420, 575
496168288, 60, 591, 6923, 462, -1321, 723
496178287, 44, 352, 6863, 412, -1112, 932
496188288, 78, 11, 6963, -137, -720, 986
496198288, 76, -106, 7207, -563, -356, 794
496208286, 138, 35, 7488, -615, -92, 515
496218288, 139, 291, 7838, -412, 66, 393
496228286, 203, 303, 8122, -289, 107, 425
496238289, 191, 298, 8258, -203, 76, 452
496248286, 136, 291, 8217, -225, 3, 443
496258285, 106, 174, 8140, -252, 11, 436
496268287, 134, 175, 8112, 14, 88, 332
496278288, 153, 332, 8172, 304, 168, 224
496288288, 172, 377, 8223, 259, 272, 277
496298288, 233, 360, 8300, 35, 314, 350
496308288, 192, 372, 8267, -172, 263, 327
496318289, 122, 343, 8283, -216, 237, 279
496328286, 179, 297, 8539, -163, 307, 207
496338289, 277, 428, 8787, -230, 183, 81
496348287, 243, 553, 8655, -490, -184, 83
496358288, 147, 445, 8108, -458, -569, 214
496368288, 128, 380, 7428, 21, -694, 267
496378289, 176, 430, 7210, 240, -410, 229
496388285, 158, 500, 7570, 41, 30, 173
496398287, 174, 511, 7874, -278, 140, 203
496408289, 210, 484, 7965, -673, 73, 242
496418287, 155, 436, 7835, -980, -48, 272
496428287, 108, 381, 7433, -864, -229, 279
496438287, 139, 422, 7020, -402, -224, 267
496448287, 102, 550, 6883, 63, 25, 292
496458289, 111, 611, 7239, 192, 441, 415
496468288, 85, 117, 8164, -40, 743, 623
496478287, 63, -178, 8036, -945, 393, 726
496488288, -25, -191, 7632, -992, 92, 493
496498286, -85, -103, 7201, -793, 29, 287
496508289, -56, -62, 6994, -495, 218, 160
496518288, 12, 49, 7268, -104, 507, 53
496528288, 48, 315, 7681, 217, 657, -9
496538287, 97, 515, 7959, 273, 564, 113
496548288, 151, 586, 7925, 135, 392, 342
496558287, 113, 605, 7682, -158, 285, 570
496568288, 164, 638, 7341, -539, 274, 743
496578289, 206, 863, 7131, -827, 459, 862
496588287, 168, 1147, 7125, -791, 709, 1113
496598289, 73, 1207, 7276, -481, 955, 1587
496608286, 32, 1030, 7518, -171, 1241, 2130
496618288, -87, 745, 7908, -59, 1419, 2562
496628288, -138, 324, 8183, -125, 1399, 2899
496638288, -142, -127, 8325, -347, 1257, 2995
496648286, -124, -361, 8349, -502, 1012, 2756
496658288, -62, -148, 8259, -501, 768, 2347
496668286, -84, 294, 8102, -636, 649, 2152
496678285, -151, 524, 7929, -959, 593, 2301
496688289, -169, 586, 7803, -926, 612, 2614
496698289, -246, 654, 7813, -515, 675, 2962
496708289, -341, 498, 7819, -196, 690, 3382
496718289, -263, 243, 7767, -246, 768, 3733
496728288, -143, 161, 7807, -871, 951, 3815
496738287, -81, 355, 8052, -1427, 1039, 3741
496748286, -43, 688, 8207, -1303, 860, 3708
496758287, -127, 978, 8127, -694, 525, 3954
496768287, -239, 865, 7862, -79, 300, 4495
496778289, -292, 545, 7692, 79, 381, 4924
496788285, -210, 349, 7676, -516, 665, 5079
496798289, -131, 290, 7806, -1490, 854, 5066
496808287, -69, 440, 7859, -2077, 836, 4982
496818288, -142, 839, 7918, -2130, 761, 5006
496828288, -361, 1122, 8107, -1660, 613, 5373
496838288, -383, 1022, 8101, -693, 322, 6012
496848287, -296, 1144, 7743, -81, 134, 6695
496858286, -590, 1283, 7530, -909, 377, 7660
496868285, -757, 361, 7558, -1870, 583, 8549
496878289, -858, -354, 7569, -1602, 714, 8827
496888287, -901, -767, 7581, -1498, 840, 8715
496898289, -878, -1301, 7717, -1994, 914, 8286
496908286, -889, -1510, 7899, -2155, 800, 7522
496918288, -801, -1347, 7958, -1834, 455, 6706
496928289, -666, -1067, 8045, -1564, 137, 6011
496938288, -563, -698, 8257, -1609, 0, 5445
496948287, -629, -374, 8421, -1947, -193, 5104
496958288, -757, -262, 8266, -1851, -600, 5044
496968288, -1029, -219, 7854, -547, -1073, 5227
496978288, -969, -146, 7223, 777, -1233, 5600
496988285, -689, -256, 7167, 490, -765, 5954
496998288, -618, -474, 7938, -481, -243, 6087
497008289, -696, -706, 8463, -732, -408, 6096
497018289, -809, -766, 8237, -333, -1044, 6044
497028289, -804, -837, 7777, 62, -1427, 5966
497038286, -1028, -1028, 7462, 466, -1488, 5941
497048287, -1076, -1562, 7212, 774, -1443, 5938
497058286, -948, -2063, 7133, 900, -1222, 5504
497068287, -906, -1895, 7352, 869, -884, 4686
497078286, -847, -1211, 7431, 354, -641, 4010
497088287, -704, -768, 7252, -530, -403, 3941
497098288, -519, -711, 7352, -1034, -163, 4073
497108287, -200, -305, 7559, -881, 9, 4076
497118287, -342, -370, 7848, -877, 94, 4143
497128285, -409, -879, 8108, -473, 28, 4216
497138288, -489, -832, 8181, 103, -258, 4056
497148286, -413, -814, 8086, -10, -472, 3969
497158287, -471, -843, 7959, -285, -637, 4004
497168287, -480, -738, 7762, -325, -818, 4061
497178289, -294, -633, 7601, -497, -752, 4011
497188289, -540, -481, 7566, -524, -561, 4076
497198286, -723, -572, 7455, -251, -352, 4380
497208286, -600, -745, 7366, -15, -111, 4744
497218287, -447, -904, 7505, -90, 142, 4894
497228289, -472, -1142, 7815, -32, 106, 4761
497238287, -303, -931, 7559, 421, -233, 4412
497248289, -502, -503, 7162, 280, -272, 4285
497258287, -817, -751, 6955, -338, -64, 4616
497268289, -1198, -1442, 6956, -155, 161, 4848
497278285, -1173, -1873, 6884, 589, 390, 4715
497288288, -892, -2127, 6942, 693, 738, 4275
497298289, -665, -2130, 7394, 324, 1102, 3446
497308288, -782, -1690, 7892, 368, 1088, 2534
497318288, -979, -1125, 7918, 802, 669, 2033
497328288, -796, -1009, 7709, 1024, 457, 1980
497338287, -943, -959, 7737, 836, 590, 2063
497348286, -1000, -1204, 7901, 543, 687, 2182
497358286, -1270, -1456, 8235, 752, 626, 2068
497368290, -1393, -1769, 8199, 1423, 267, 1905
497378289, -1094, -2160, 7878, 1748, 71, 1563
497388287, -991, -1834, 7737, 1267, 212, 788
497398285, -1014, -1495, 7901, 83, 420, 219
497408289, -815, -1439, 8222, -388, 506, -165
497418289, -802, -1039, 8519, 19, 340, -598
497428288, -760, -785, 8604, 197, 27, -766
497438287, -869, -907, 8578, 166, -297, -757
497448287, -1053, -1359, 8284, 293, -617, -756
497458288, -1107, -1624, 7882, 544, -737, -962
497468288, -1106, -1457, 7694, 475, -579, -1332
497478289, -1061, -1041, 7642, -191, -341, -1526
497488288, -950, -1031, 7630, -945, -121, -1500
497498288, -717, -963, 7732, -587, -15, -1633
497508287, -572, -658, 8110, 45, 8, -1766
497518285, -559, -704, 8304, 135, -226, -1711
497528286, -693, -1063, 8093, 153, -584, -1660
497538288, -784, -1724, 7700, 391, -765, -1747
497548288, -892, -2311, 7635, 873, -731, -2274
497558290, -1206, -2457, 7809, 1395, -722, -3094
497568289, -1454, -2357, 7709, 1614, -815, -3773
497578289, -1436, -1974, 7442, 940, -693, -4234
497588289, -783, -1432, 7459, -708, -182, -4806
497598289, -395, -383, 7891, -2058, 298, -5421
497608285, -184, 597, 8229, -2377, 331, -5431
497618288, -208, 951, 8316, -1698, 10, -4716
497628286, -183, 524, 8215, -335, -454, -3698
497638286, -249, -277, 7972, 998, -840, -2974
497648286, -483, -972, 7632, 1379, -967, -2702
497658288, -863, -1700, 7219, 860, -897, -2684
497668289, -1254, -2265, 6870, 595, -582, -3005
497678290, -631, -2232, 6705, 411, -41, -3852
497688285, 189, -1170, 7321, -577, 625, -5169
497698287, 59, 553, 8094, -1714, 762, -5938
497708287, 231, 1611, 8004, -2072, 328, -5394
497718287, 197, 1728, 7711, -1478, -45, -4043
497728289, -59, 1030, 7506, -61, -185, -2551
497738290, -211, -434, 7314, 1404, -119, -1515
497748289, -301, -1763, 7472, 2087, 101, -1478
497758285, -470, -2400, 7733, 2001, 202, -2195
497768287, -654, -2442, 7840, 1578, 130, -3189
497778285, -592, -1923, 7880, 1274, -11, -4277
497788286, -526, -981, 7844, 1112, -175, -5138
497798287, -488, -136, 7663, 764, -231, -5348
497808287, -234, 348, 7501, 66, -30, -5055
497818286, -14, 463, 7772, -806, 363, -4679
497828288, -25, 396, 8258, -1009, 513, -4399
497838286, -396, 352, 8618, -403, 259, -4010
497848289, -567, -36, 8456, 262, -167, -3386
497858285, -562, -694, 8047, 432, -487, -2900
497868290, -514, -1145, 7494, 199, -648, -2944
497878285, -502, -1291, 6971, -303, -576, -3330
497888288, -590, -1148, 6749, -662, -308, -3733
497898288, -657, -1027, 6988, -495, 27, -3962
497908289, -440, -945, 7537, 258, 257, -4215
497918287, -361, -438, 8162, 896, 328, -4524
497928285, -327, 118, 8431, 679, 210, -4464
497938289, -275, 113, 8270, -84, -75, -4006
497948289, -259, -437, 7892, -282, -396, -3626
497958289, -371, -763, 7598, 389, -569, -3674
497968289, -397, -773, 7364, 889, -533, -3867
497978285, -334, -633, 7094, 633, -373, -4077
497988289, -243, -283, 6851, 80, -142, -4192
497998289, -454, 7, 6766, -69, 51, -4046
498008287, -313, -37, 7017, 499, 343, -3714
498018286, 21, -13, 7756, 1048, 712, -3630
498028286, 154, 268, 8445, 592, 782, -3636
498038288, 87, 387, 8607, -693, 525, -3481
498048287, -299, 196, 8425, -1554, 198, -3167
498058289, -307, -190, 8059, -1325, -9, -2803
498068287, -40, -490, 7691, -780, -134, -2791
498078287, -52, -296, 7411, -628, -216, -3037
498088286, -238, -119, 7119, -877, -245, -3073
498098289, -272, -293, 6921, -807, -142, -2926
498108287, -346, -615, 7053, -177, 46, -2907
498118288, -359, -811, 7238, 518, 182, -3086
498128285, -540, -867, 7322, 553, 280, -3277
498138289, -656, -1153, 7449, 117, 356, -3383
498148287, -541, -1307, 7498, 23, 334, -3715
498158285, -471, -961, 7420, 186, 268, -4189
498168287, -500, -543, 7450, 187, 327, -4452
498178289, -191, -186, 7624, 220, 444, -4524
498188286, -7, 366, 8027, 270, 492, -4587
498198287, -290, 721, 8404, 391, 273, -4335
498208287, -499, 298, 8350, 774, -104, -3682
498218286, -165, -215, 8143, 1214, -286, -3305
498228286, 2, -242, 8060, 1034, -406, -3466
498238289, -182, -214, 7549, 589, -755, -3625
498248289, -172, -202, 6731, 786, -887, -3661
498258285, -176, -65, 6523, 1322, -467, -3703
498268285, -83, 6, 6870, 1524, 202, -3585
498278286, 49, -26, 7424, 1332, 683, -3443
498288286, 70, 556, 8181, 1077, 796, -3419
498298287, -500, 297, 8253, 790, 703, -2747
498308286, -535, -649, 7975, 879, 703, -2129
498318289, -230, -1203, 8118, 827, 954, -2318
498328287, -61, -717, 8682, 258, 1097, -3037
498338285, -180, 45, 8895, -352, 829, -3392
498348287, -367, 319, 8581, -147, 411, -3103
498358285, -323, 37, 8019, 680, 209, -2542
498368285, -192, -300, 7709, 1246, 290, -2317
498378289, -171, -293, 7592, 1204, 407, -2470
498388287, -157, 126, 7633, 814, 574, -2708
498398287, -115, 562, 8304, 553, 918, -2781
498408288, -302, 881, 8845, 659, 930, -2429
498418287, -169, 761, 8675, 349, 651, -1746
498428287, -133, 362, 8262, -468, 469, -1292
498438286, -144, 211, 7788, -966, 390, -1233
498448288, -134, 474, 7580, -889, 500, -1300
498458286, -229, 736, 7563, -681, 688, -1159
498468287, -312, 540, 7681, -382, 851, -776
498478286, -213, 211, 7891, 248, 936, -522
498488286, -187, 318, 8079, 668, 868, -558
498498287, -251, 522, 8208, 550, 689, -530
498508288, -380, 369, 8154, 353, 529, -338
498518288, -303, 83, 8062, 308, 433, -298
498528288, -473, 16, 8034, 219, 341, -439
498538289, -580, -114, 7690, -52, 214, -460
498548290, -444, -178, 7458, -361, 307, -545
498558286, -555, 66, 7526, -455, 425, -691
498568285, -713, -90, 7304, -195, 356, -551
498578287, -516, -413, 7115, 307, 427, -493
498588290, -373, -329, 7417, 423, 649, -856
498598288, -421, -59, 7739, 160, 599, -1224
498608285, -535, 191, 7664, 87, 324, -1362
498618286, -907, 138, 7317, 311, 99, -1189
498628287, -716, -447, 6849, 594, 117, -919
498638285, -509, -557, 6790, 515, 342, -1201
498648288, -710, -277, 6721, -9, 427, -1650
498658288, -660, -201, 6699, -295, 598, -1871
498668288, -545, 222, 7379, -19, 996, -2066
498678288, -484, 671, 8239, 148, 1083, -1998
498688287, -559, 760, 8608, -42, 667, -1562
498698287, -595, 206, 8170, -260, 65, -956
498708286, -630, -493, 7545, -71, -298, -845
498718289, -749, -596, 7008, 301, -473, -1223
498728289, -720, -312, 6726, 225, -367, -1540
498738286, -537, 146, 6961, -134, -35, -1751
498748287, -603, 668, 7358, -331, 149, -1699
498758290, -699, 570, 7431, -103, 76, -1253
498768287, -614, 68, 7300, 632, -7, -915
498778286, -641, -61, 7354, 1370, 24, -1019
498788288, -785, 59, 7552, 1285, 101, -1127
498798289, -687, -91, 7645, 512, 157, -1071
498808287, -580, -68, 7702, -181, 214, -1184
498818289, -542, 192, 7728, -475, 171, -1274
498828286, -456, 413, 7583, -324, 49, -1198
498838288, -623, 648, 7436, 81, 46, -923
498848288, -712, 261, 7476, 461, 248, -438
498858289, -670, -362, 7765, 820, 513, -259
498868288, -645, -354, 8190, 724, 600, -556
498878287, -742, -109, 8532, 110, 532, -823
498888289, -713, 123, 8606, -238, 341, -873
498898286, -609, 434, 8459, -343, 209, -811
498908288, -553, 513, 8382, -548, 208, -619
498918287, -566, 369, 8328, -660, 194, -399
498928286, -619, 241, 8278, -566, 205, -271
498938289, -831, 183, 8262, -543, 228, -150
498948287, -836, -237, 8218, -699, 291, 3
498958286, -733, -470, 8549, -632, 393, -167
498968287, -724, -187, 8832, -423, 224, -458
498978288, -659, 199, 8625, -564, -66, -470
498988289, -768, 231, 8344, -879, -241, -257
498998286, -918, -213, 7939, -592, -336, 10
499008286, -859, -563, 7554, 51, -240, 15
499018289, -815, -457, 7370, -31, 42, -249
499028289, -884, -185, 7377, -756, 349, -403
499038285, -925, -166, 7676, -959, 633, -353
499048286, -931, -241, 8221, -235, 755, -266
499058288, -810, -236, 8647, 470, 642, -234
499068285, -989, -277, 8799, 246, 374, -191
499078288, -1033, -690, 8520, -551, 113, -124
499088289, -920, -832, 8109, -1154, -17, -400
499098288, -841, -349, 7675, -1413, -156, -820
499108288, -735, 272, 7347, -1164, -261, -954
499118289, -763, 682, 7340, -268, -215, -781
499128289, -920, 512, 7384, 990, -89, -295
499138287, -913, -64, 7514, 1791, 133, 119
499148287, -984, -416, 7878, 1556, 386, 140
499158288, -947, -724, 8177, 520, 462, -36
499168287, -862, -583, 8263, -398, 327, -470
499178288, -792, 95, 8181, -839, 78, -844
499188286, -675, 735, 8060, -765, -110, -795
499198287, -780, 1065, 8002, -120, -158, -326
499208288, -867, 670, 8049, 559, -65, 393
499218285, -908, -53, 8095, 872, 10, 829
499228286, -928, -698, 8002, 784, -24, 784
499238286, -943, -869, 7910, 557, -99, 333
499248289, -899, -547, 7999, 424, -128, -142
499258285, -890, -163, 8072, 194, -167, -336
499268286, -954, -172, 7951, -96, -217, -288
499278286, -867, -206, 7871, -30, -140, -286
499288289, -727, -42, 7989, 97, 25, -422
499298288, -721, 172, 8082, 26, 39, -470
499308288, -822, 157, 7901, -228, -28, -334
499318289, -723, -120, 7701, -298, 4, -269
499328285, -669, -33, 7692, -60, 149, -415
499338288, -692, 255, 7742, 7, 203, -474
499348288, -667, 270, 7647, -36, 199, -311
499358288, -650, 182, 7647, 257, 294, -209
499368288, -678, 221, 7916, 570, 417, -232
499378288, -641, 267, 8080, 470, 394, -232
499388288, -600, 313, 8103, -14, 338, -250
499398288, -594, 326, 8123, -243, 237, -305
499408286, -639, 548, 8006, 109, 71, -293
499418287, -691, 588, 7680, 313, -11, -92
499428285, -699, 378, 7389, -25, 125, 154
499438285, -831, 112, 7267, -549, 378, 267
499448290, -962, -132, 7299, -768, 631, 286
499458289, -917, -353, 7380, -492, 783, 188
499468287, -801, -235, 7599, 59, 842, -92
499478286, -815, 138, 7881, 327, 802, -240
499488285, -817, 285, 8023, 152, 722, -92
499498289, -939, 121, 7990, -43, 661, 154
499508288, -986, -278, 7877, -44, 638, 342
499518287, -951, -498, 7936, 22, 649, 250
499528287, -887, -350, 8064, -161, 602, -20
499538289, -955, -111, 8047, -595, 519, -149
499548290, -1005, -130, 7843, -858, 446, -82
499558290, -954, -92, 7668, -666, 508, -31
499568286, -1016, 19, 7726, -413, 618, 60
499578287, -1113, -251, 7854, -186, 582, 230
499588289, -1132, -623, 7951, 406, 402, 109
499598290, -1091, -479, 7752, 1019, 147, -228
499608287, -1011, -60, 7532, 749, 127, -408
499618289, -1100, 117, 7482, -18, 327, -327
499628287, -1167, 14, 7518, -322, 540, -131
499638286, -674, 2542, 8229, -277, 774, 40
499648286, -584, -196, 8348, -1462, 686, 1428
499658289, -1868, -2015, 7554, 1517, 145, 1119
499668287, -494, 2304, 7845, 1586, 477, 112
499678289, -876, -691, 8068, -1498, 724, 1217
499688285, -1205, -324, 7919, -545, 477, 753
499698288, -994, 15, 7706, -514, 497, 500
499708288, -1166, -355, 7708, -672, 604, 501
499718286, -1077, -285, 7680, -845, 642, 272
499728288, -1057, -305, 7638, -1031, 649, 131
499738289, -1278, -293, 7452, -705, 576, 89
499748286, -1386, 26, 7263, -356, 620, 191
499758287, -1208, 97, 7216, -734, 864, 564
499768287, -1128, -164, 7313, -1494, 1129, 815
499778285, -1085, -1577, 8813, -92, 231, 535
499788288, -1256, 568, 8239, 2727, -921, 22
499798288, -1152, 51, 8532, 838, -755, 362
499808287, -1129, -338, 7838, -73, -689, 507
499818289, -1010, -368, 7631, -20, -683, 381
499828285, -1192, -240, 7647, 285, -685, 121
499838288, -1259, -75, 7690, 401, -825, -90
499848288, -1193, 12, 7917, 382, -907, -152
499858287, -1046, -81, 7643, 29, -1019, -69
499868288, -1260, -143, 7517, -267, -1411, 89
499878289, -1245, -110, 7482, -588, -1908, 240
499888289, -1130, -413, 7322, -444, -2275, 315
499898286, -1221, -446, 7510, 299, -2438, 75
499908288, -1069, -910, 7904, 1297, -2590, -263
499918288, -621, -771, 8536, 3039, -1714, -847
499928288, -345, 1072, 8940, 3193, 10, -1048
499938287, -821, 422, 8128, 826, 173, -235
499948288, -1024, -408, 7405, 220, 50, -58
499958287, -1194, -367, 7404, 1226, 121, -552
499968288, -1436, -228, 7558, 2236, 193, -1002
499978286, -1105, 212, 7953, 2820, 308, -1044
499988289, -539, 871, 8491, 2224, 283, -695
499998289, -224, 426, 8022, 339, -90, -48
500008288, -890, 67, 7689, -86, -189, 58
500018289, -928, 192, 7816, 133, -195, -82
500028287, -515, 151, 7906, 95, -153, -106
500038286, -442, 152, 7851, 57, -10, -31
500048287, -975, 138, 7791, 46, 32, 27
500058287, -925, 168, 7785, 57, 19, 43
500068287, -703, 174, 7810, 48, 16, 40
500078287, -693, 165, 7799, 48, 15, 24
500088286, -818, 166, 7775, 52, 20, 22
500098290, -823, 153, 7813, 53, 14, 20
500108288, -810, 161, 7791, 57, 20, 19
500118288, -777, 156, 7788, 43, 30, 21
500128288, -848, 146, 7814, 40, 49, 22
500138288, -823, 164, 7807, 53, 10, 24
500148286, -825, 159, 7812, 44, 20, 17
500158290, -846, 167, 7806, 39, 35, 18
500168288, -712, 180, 7847, 42, 43, 16
500178288, -832, 130, 7842, 9, 158, 67
500188288, -865, 146, 7766, 28, 132, 85
500198287, -874, 157, 7802, 40, 71, 58
500208287, -858, 173, 7790, 44, 35, 35
500218286, -826, 164, 7807, 47, 12, 21
500228289, -806, 154, 7807, 39, 21, 15
500238288, -822, 155, 7807, 49, 19, 16
500248287, -832, 149, 7825, 57, 26, 21
500258288, -798, 153, 7814, 56, 55, 39
500268287, -861, 188, 7802, 47, 96, 54
500278286, -953, 196, 7767, 22, 50, -3
500288287, -854, 159, 7807, 47, -43, -104
500298287, -826, 155, 7796, 57, -64, -102
500308286, -834, 146, 7800, 49, -72, -80
500318289, -779, 147, 7830, 54, -71, -94
500328287, -746, 121, 7840, 61, -30, -38
500338286, -814, 176, 7803, 59, 13, 32
500348290, -819, 162, 7841, 44, 41, 24
500358290, -845, 162, 7806, 39, 44, 22
500368290, -841, 166, 7801, 53, 21, 19
500378290, -828, 154, 7793, 45, 24, 24
500388288, -813, 156, 7799, 41, 42, 25
500398288, -786, 142, 7820, 40, 66, 35
500408287, -811, 114, 7804, 38, 65, 98
500418287, -881, 197, 7809, 44, 44, 114
500428286, -845, 156, 7815, 50, 36, 20
500438286, -817, 154, 7811, 52, 20, 24
500448290, -810, 166, 7786, 45, 22, 22
500458289, -822, 161, 7795, 42, 37, 15
500468288, -837, 180, 7810, 47, 38, 21
500478288, -842, 153, 7796, 49, 31, 16
500488288, -839, 148, 7807, 51, 26, 11
500498288, -826, 177, 7803, 55, 23, 12
500508286, -833, 152, 7799, 51, 24, 20
500518285, -827, 144, 7797, 43, 25, 18
500528289, -837, 152, 7805, 46, 21, 14
500538289, -828, 156, 7807, 45, 21, 19
500548289, -836, 167, 7800, 45, 24, 17
500558289, -835, 146, 7805, 47, 22, 17
500568288, -817, 158, 7813, 55, 24, 20
500578288, -848, 151, 7816, 53, 25, 14
500588286, -839, 161, 7807, 46, 25, 15
500598286, -832, 168, 7796, 40, 19, 17
500608285, -823, 172, 7798, 39, 22, 18
500618290, -835, 157, 7808, 46, 23, 12
500628288, -840, 154, 7796, 53, 17, 14
500638287, -826, 151, 7807, 47, 19, 15
500648286, -824, 148, 7801, 45, 21, 11
500658286, -826, 171, 7817, 43, 24, 16
500668287, -831, 157, 7821, 49, 21, 18
500678288, -839, 169, 7819, 51, 25, 11
500688287, -833, 167, 7798, 49, 26, 16
500698287, -829, 156, 7808, 45, 23, 15
500708286, -803, 154, 7817, 46, 21, 22
500718286, -815, 166, 7806, 41, 25, 22
500728286, -853, 145, 7816, 45, 26, 18
500738286, -827, 169, 7817, 50, 22, 18
500748290, -822, 155, 7796, 51, 26, 15
500758289, -824, 168, 7794, 48, 23, 18
500768289, -839, 170, 7802, 40, 20, 17
500778289, -819, 171, 7806, 40, 26, 20
500788288, -800, 166, 7816, 49, 25, 18
500798289, -850, 154, 7810, 48, 21, 24
500808288, -843, 156, 7794, 43, 19, 19
500818288, -836, 152, 7810, 43, 21, 19
500828287, -842, 166, 7808, 36, 25, 21
500838287, -809, 174, 7812, 43, 25, 19
500848286, -825, 167, 7803, 46, 19, 13
500858286, -817, 155, 7794, 49, 18, 14
500868289, -824, 168, 7798, 43, 24, 17
500878288, -832, 157, 7810, 44, 24, 18
500888287, -833, 153, 7822, 43, 19, 17
500898287, -822, 155, 7817, 45, 21, 22
500908286, -817, 148, 7794, 50, 22, 16
500918290, -824, 172, 7792, 47, 25, 14
500928287, -805, 156, 7804, 46, 21, 15
500938286, -817, 154, 7825, 43, 16, 19
500948288, -838, 156, 7803, 44, 20, 19
500958288, -847, 155, 7814, 52, 17, 19
500968287, -835, 154, 7800, 47, 25, 17
500978287, -817, 169, 7817, 41, 26, 11
500988286, -830, 161, 7820, 42, 23, 19
500998289, -829, 159, 7825, 47, 22, 22
501008287, -821, 153, 7810, 50, 27, 17
501018288, -835, 151, 7819, 51, 26, 16
501028288, -832, 161, 7813, 47, 23, 19
501038287, -835, 165, 7815, 44, 19, 15
501048287, -841, 154, 7807, 45, 25, 16
501058287, -843, 154, 7788, 46, 31, 24
501068286, -836, 168, 7798, 49, 24, 18
501078286, -825, 164, 7825, 41, 21, 18
501088286, -827, 139, 7835, 38, 20, 17
501098285, -827, 151, 7813, 47, 20, 20
501108289, -838, 158, 7804, 46, 23, 16
501118287, -834, 161, 7823, 52, 19, 14
501128286, -818, 176, 7802, 50, 23, 13
501138286, -823, 161, 7797, 43, 20, 20
501148290, -821, 158, 7807, 51, 20, 18
501158289, -809, 149, 7806, 50, 21, 18
501168288, -822, 151, 7816, 45, 23, 18
501178287, -819, 159, 7815, 43, 23, 17
501188286, -820, 153, 7821, 43, 21, 18
501198288, -830, 147, 7825, 48, 24, 21
501208287, -806, 157, 7804, 49, 22, 19
501218288, -825, 170, 7824, 44, 24, 15
501228287, -822, 168, 7805, 49, 21, 17
501238287, -823, 154, 7800, 43, 18, 17
501248286, -836, 144, 7789, 50, 18, 15
501258286, -827, 145, 7796, 48, 24, 16
501268286, -848, 158, 7804, 49, 25, 21
501278287, -834, 163, 7814, 45, 21, 17
501288286, -813, 177, 7794, 44, 22, 15
501298289, -843, 179, 7794, 46, 23, 16
501308288, -834, 165, 7793, 50, 26, 17
501318288, -827, 160, 7807, 49, 19, 16
501328288, -828, 165, 7810, 48, 21, 17
501338289, -840, 152, 7796, 49, 26, 17
501348288, -828, 151, 7825, 48, 25, 18
501358287, -815, 165, 7832, 47, 24, 20
501368286, -839, 163, 7802, 40, 24, 18
501378286, -844, 156, 7826, 45, 21, 19
501388286, -815, 169, 7810, 45, 24, 17
501398286, -825, 163, 7807, 49, 20, 18
501408290, -825, 164, 7781, 45, 23, 17
501418288, -827, 161, 7848, 39, 20, 14
501428287, -823, 148, 7794, 42, 22, 19
501438288, -828, 154, 7820, 46, 20, 22
501448288, -797, 135, 7796, 53, 19, 15
501458288, -819, 143, 7819, 50, 24, 15
501468288, -826, 157, 7815, 47, 27, 22
501478287, -841, 187, 7801, 41, 22, 23
501488286, -826, 170, 7832, 42, 26, 18
501498286, -796, 153, 7807, 48, 21, 17
501508286, -830, 161, 7813, 49, 21, 15
501518286, -826, 160, 7798, 39, 17, 16
501528289, -803, 133, 7826, 45, 22, 20
501538287, -812, 141, 7820, 49, 22, 21
501548287, -824, 143, 7790, 41, 25, 21
501558287, -843, 171, 7794, 41, 25, 17
501568286, -829, 162, 7818, 47, 22, 23
501578286, -843, 168, 7832, 47, 21, 22
501588289, -854, 176, 7803, 48, 22, 20
501598288, -849, 170, 7806, 48, 28, 25
501608287, -830, 152, 7817, 44, 20, 23
501618288, -823, 154, 7824, 48, 22, 20
501628287, -841, 150, 7815, 40, 22, 14
501638287, -822, 137, 7800, 46, 26, 18
501648286, -831, 169, 7818, 50, 26, 19
501658289, -837, 167, 7824, 50, 25, 17
501668288, -847, 172, 7826, 48, 25, 17
501678287, -834, 176, 7803, 43, 22, 19
501688286, -831, 171, 7792, 39, 24, 20
501698286, -819, 155, 7824, 46, 20, 17
501708289, -837, 146, 7802, 44, 19, 21
501718288, -813, 150, 7811, 40, 22, 22
501728286, -807, 150, 7810, 47, 18, 18
501738287, -810, 146, 7809, 48, 20, 18
501748287, -809, 161, 7807, 46, 23, 20
501758287, -798, 181, 7817, 48, 21, 17
501768287, -820, 170, 7828, 51, 24, 20
501778285, -818, 147, 7817, 49, 18, 15
501788289, -827, 159, 7822, 44, 19, 17
501798288, -805, 140, 7825, 47, 22, 22
501808288, -822, 142, 7821, 52, 19, 18
501818288, -834, 159, 7814, 45, 25, 20
501828287, -832, 143, 7807, 43, 23, 15
501838286, -828, 151, 7803, 46, 18, 20
501848289, -832, 173, 7787, 49, 21, 23
501858289, -850, 172, 7793, 49, 21, 18
501868288, -860, 173, 7814, 47, 17, 18
501878287, -843, 150, 7792, 43, 18, 20
501888286, -854, 151, 7826, 43, 23, 23
501898289, -852, 169, 7817, 47, 23, 22
501908288, -853, 158, 7812, 45, 20, 22
501918288, -858, 162, 7811, 44, 24, 19
501928288, -845, 172, 7801, 40, 24, 17
501938288, -841, 156, 7807, 41, 19, 16
501948288, -857, 174, 7805, 41, 24, 20
501958286, -836, 155, 7833, 40, 22, 17
501968285, -834, 149, 7823, 48, 25, 18
501978286, -827, 138, 7803, 41, 20, 17
501988290, -835, 136, 7803, 44, 18, 19
501998290, -823, 156, 7810, 51, 21, 19
502008289, -823, 138, 7821, 43, 19, 18
502018288, -812, 124, 7793, 43, 14, 16
502028287, -809, 123, 7817, 48, 20, 20
502038288, -800, 145, 7796, 48, 20, 15
502048288, -809, 152, 7827, 40, 22, 14
502058288, -793, 162, 7801, 48, 23, 12
502068287, -819, 164, 7799, 50, 23, 21
502078286, -801, 178, 7794, 53, 20, 19
502088290, -796, 173, 7805, 48, 22, 15
502098290, -797, 164, 7833, 46, 16, 18
502108290, -813, 153, 7809, 48, 22, 18
502118290, -826, 153, 7793, 42, 25, 19
502128288, -818, 142, 7789, 46, 22, 21
502138288, -830, 156, 7820, 45, 25, 15
502148287, -828, 167, 7804, 47, 25, 18
502158288, -849, 159, 7786, 47, 23, 17
502168288, -854, 165, 7800, 49, 26, 13
502178288, -860, 174, 7817, 45, 23, 18
502188288, -855, 175, 7819, 42, 30, 22
502198286, -851, 156, 7796, 45, 24, 20
502208290, -851, 155, 7797, 41, 26, 23
502218290, -860, 148, 7817, 41, 29, 21
502228290, -853, 148, 7806, 45, 24, 20
502238289, -855, 161, 7807, 43, 23, 18
502248288, -857, 163, 7818, 44, 24, 16
502258287, -849, 155, 7815, 38, 24, 27
502268286, -847, 169, 7795, 48, 22, 16
502278287, -818, 160, 7786, 48, 19, 20
502288287, -814, 149, 7783, 42, 24, 21
502298287, -814, 144, 7832, 43, 24, 19
502308286, -823, 154, 7831, 41, 24, 13
502318290, -794, 144, 7817, 44, 27, 15
502328288, -811, 155, 7812, 41, 27, 23
502338288, -799, 145, 7800, 46, 28, 22
502348287, -796, 147, 7804, 45, 23, 20
502358287, -808, 164, 7833, 43, 20, 17
502368286, -781, 172, 7791, 43, 22, 16
502378289, -805, 173, 7808, 45, 27, 15
502388288, -819, 159, 7818, 48, 24, 22
502398288, -823, 143, 7809, 43, 23, 17
502408288, -828, 137, 7812, 48, 20, 15
502418288, -817, 146, 7826, 51, 20, 20
502428286, -823, 155, 7818, 47, 24, 14
502438289, -842, 175, 7797, 47, 24, 16
502448287, -849, 174, 7794, 50, 22, 19
502458288, -855, 170, 7821, 52, 21, 19
502468288, -861, 179, 7817, 46, 18, 18
502478288, -867, 167, 7798, 52, 23, 17
502488288, -855, 160, 7806, 46, 20, 20
502498287, -856, 154, 7824, 47, 19, 18
502508286, -844, 162, 7819, 52, 20, 16
502518286, -843, 160, 7791, 49, 18, 16
502528290, -821, 164, 7812, 38, 27, 16
502538290, -834, 160, 7809, 41, 22, 12
502548288, -838, 168, 7812, 43, 21, 13
502558287, -829, 170, 7792, 46, 17, 19
502568286, -810, 141, 7790, 48, 22, 15
502578286, -816, 157, 7808, 43, 22, 18
502588290, -810, 154, 7828, 42, 23, 16
502598290, -814, 154, 7827, 51, 24, 14
502608289, -798, 150, 7807, 45, 24, 18
502618288, -789, 142, 7817, 47, 24, 22
502628287, -796, 173, 7816, 46, 21, 24
502638288, -831, 175, 7793, 46, 17, 16
502648287, -815, 152, 7805, 48, 16, 15
502658288, -792, 153, 7828, 49, 25, 14
502668286, -812, 169, 7819, 50, 22, 16
502678290, -809, 166, 7805, 48, 18, 18
502688288, -806, 154, 7812, 46, 25, 22
502698288, -827, 149, 7801, 49, 20, 20
502708288, -820, 154, 7811, 42, 21, 17
502718288, -844, 178, 7804, 41, 21, 16
502728287, -838, 154, 7818, 45, 26, 15
502738286, -840, 159, 7841, 40, 26, 17
502748290, -845, 148, 7814, 42, 19, 21
502758290, -853, 171, 7804, 46, 24, 24
502768290, -836, 148, 7813, 44, 29, 21
502778290, -833, 158, 7818, 49, 29, 22
502788289, -850, 166, 7815, 48, 27