44318285, -876, 200, 7824, 47, 23, 25
44328289, -874, 177, 7825, 47, 24, 19
44338289, -860, 160, 7835, 41, 21, 19
44348285, -863, 170, 7835, 42, 23, 22
44358289, -863, 139, 7817, 43, 24, 17
44368285, -855, 153, 7822, 45, 24, 18
44378289, -856, 189, 7844, 53, 25, 17
44388289, -869, 215, 7817, 51, 25, 15
44398285, -869, 226, 7808, 46, 19, 17
44408289, -842, 217, 7819, 43, 21, 16
44418289, -849, 205, 7820, 46, 20, 16
44428289, -846, 171, 7845, 44, 25, 25
44438289, -852, 141, 7827, 52, 25, 22
44448289, -847, 127, 7831, 48, 27, 20
44458289, -854, 124, 7829, 44, 25, 18
44468289, -851, 176, 7815, 47, 25, 19
44478289, -839, 208, 7810, 45, 25, 13
44488289, -842, 226, 7814, 49, 23, 15
44498289, -855, 211, 7825, 51, 21, 16
44508289, -845, 205, 7816, 46, 23, 17
44518289, -865, 187, 7816, 42, 18, 22
44528289, -858, 184, 7815, 44, 23, 19
44538289, -859, 149, 7823, 44, 25, 22
44548289, -849, 137, 7824, 48, 23, 16
44558289, -855, 151, 7828, 50, 23, 16
44568289, -865, 177, 7846, 47, 28, 19
44578289, -854, 191, 7829, 50, 28, 19
44588289, -863, 206, 7809, 49, 25, 20
44598289, -868, 222, 7832, 47, 26, 19
44608289, -864, 229, 7833, 46, 27, 20
44618289, -862, 186, 7806, 47, 28, 20
44628289, -871, 172, 7832, 49, 20, 16
44638289, -881, 146, 7826, 49, 22, 17
44648289, -852, 144, 7815, 47, 25, 19
44658289, -848, 161, 7819, 54, 21, 16
44668289, -849, 178, 7835, 46, 19, 17
44678289, -845, 197, 7808, 47, 22, 18
44688289, -858, 207, 7808, 48, 28, 17
44698289, -854, 214, 7810, 53, 20, 21
44708289, -856, 191, 7813, 45, 24, 24
44718289, -844, 163, 7803, 48, 25, 17
44728289, -853, 163, 7831, 47, 20, 20
44738289, -848, 154, 7828, 52, 21, 18
44748289, -862, 160, 7808, 53, 19, 14
44758289, -843, 164, 7813, 50, 22, 20
44768289, -847, 189, 7793, 47, 24, 19
44778289, -841, 188, 7805, 51, 23, 17
44788289, -858, 206, 7833, 51, 20, 15
44798289, -844, 198, 7829, 46, 22, 23
44808289, -871, 188, 7821, 46, 25, 25
44818289, -882, 183, 7820, 53, 25, 17
44828289, -863, 141, 7809, 56, 26, 17
44838285, -857, 168, 7811, 51, 21, 20
44848289, -852, 168, 7810, 42, 22, 22
44858289, -867, 212, 7813, 43, 22, 19
44868289, -867, 214, 7805, 44, 15, 20
44878289, -846, 198, 7818, 43, 26, 23
44888289, -853, 195, 7815, 43, 24, 22
44898289, -865, 176, 7837, 41, 22, 24
44908289, -846, 151, 7840, 48, 22, 20
44918289, -840, 156, 7831, 47, 24, 16
44928289, -851, 157, 7836, 40, 23, 14
44938289, -853, 186, 7832, 48, 20, 20
44948289, -850, 193, 7820, 54, 25, 19
44958285, -849, 196, 7822, 46, 27, 13
44968289, -843, 216, 7805, 44, 20, 17
44978289, -849, 212, 7813, 51, 20, 25
44988289, -861, 191, 7831, 45, 23, 21
44998289, -849, 170, 7826, 46, 24, 20
45008289, -858, 162, 7851, 48, 21, 22
45018289, -875, 153, 7827, 44, 22, 14
45028289, -849, 160, 7814, 43, 24, 17
45038285, -847, 182, 7814, 47, 23, 16
45048289, -862, 198, 7819, 50, 22, 15
45058289, -876, 208, 7839, 44, 22, 15
45068289, -858, 204, 7822, 40, 23, 14
45078285, -869, 203, 7826, 44, 20, 16
45088289, -866, 192, 7795, 50, 18, 17
45098289, -854, 158, 7835, 50, 21, 22
45108285, -860, 153, 7836, 50, 22, 18
45118289, -853, 135, 7821, 43, 22, 17
45128285, -868, 175, 7818, 47, 19, 19
45138289, -851, 187, 7788, 47, 26, 19
45148289, -858, 196, 7821, 50, 27, 16
45158289, -865, 204, 7824, 49, 26, 17
45168289, -850, 198, 7822, 53, 25, 20
45178289, -838, 174, 7824, 47, 20, 16
45188285, -846, 185, 7820, 47, 22, 19
45198289, -836, 159, 7820, 45, 30, 23
45208289, -843, 154, 7836, 44, 26, 19
45218289, -850, 164, 7815, 49, 19, 19
45228289, -855, 178, 7796, 47, 20, 18
45238289, -853, 188, 7829, 45, 21, 18
45248289, -855, 195, 7829, 48, 28, 20
45258289, -867, 187, 7820, 46, 30, 17
45268289, -839, 214, 7819, 42, 23, 22
45278285, -843, 182, 7828, 44, 21, 21
45288289, -864, 177, 7835, 45, 24, 25
45298289, -875, 165, 7825, 45, 23, 18
45308289, -859, 166, 7834, 51, 24, 16
45318289, -860, 162, 7832, 58, 28, 20
45328289, -872, 173, 7798, 50, 28, 17
45338289, -866, 194, 7821, 47, 28, 19
45348289, -880, 205, 7836, 49, 23, 24
45358289, -871, 213, 7819, 48, 20, 21
45368289, -856, 197, 7831, 48, 25, 18
45378289, -866, 182, 7796, 55, 25, 14
45388289, -849, 179, 7823, 48, 25, 22
45398289, -850, 160, 7813, 47, 24, 25
45408289, -841, 183, 7815, 46, 23, 18
45418289, -858, 168, 7816, 45, 21, 14
45428289, -863, 172, 7810, 43, 24, 17
45438289, -856, 184, 7805, 47, 24, 19
45448286, -842, 187, 7815, 45, 25, 22
45458285, -851, 201, 7815, 40, 21, 18
45468289, -861, 190, 7831, 46, 24, 17
45478285, -849, 171, 7818, 45, 22, 18
45488289, -849, 173, 7833, 48, 23, 13
45498289, -862, 177, 7821, 51, 25, 13
45508289, -866, 179, 7835, 51, 19, 16
45518289, -849, 176, 7823, 48, 24, 24
45528289, -842, 182, 7804, 53, 24, 17
45538289, -841, 192, 7802, 51, 23, 14
45548289, -864, 204, 7823, 45, 20, 24
45558285, -875, 175, 7814, 49, 25, 21
45568289, -858, 181, 7819, 44, 25, 15
45578289, -850, 171, 7842, 45, 18, 18
45588289, -868, 157, 7829, 47, 20, 17
45598289, -885, 161, 7840, 51, 24, 19
45608289, -865, 177, 7825, 46, 26, 19
45618289, -863, 173, 7845, 51, 21, 18
45628289, -863, 189, 7834, 50, 25, 16
45638289, -874, 214, 7832, 47, 24, 19
45648289, -865, 203, 7844, 47, 23, 18
45658289, -852, 190, 7840, 50, 24, 17
45668289, -859, 170, 7828, 43, 21, 21
45678289, -842, 157, 7806, 48, 22, 19
45688285, -862, 172, 7822, 49, 21, 15
45698289, -853, 172, 7821, 47, 25, 16
45708289, -849, 175, 7815, 52, 24, 17
45718285, -849, 173, 7836, 46, 22, 20
45728289, -845, 196, 7819, 47, 24, 24
45738289, -860, 199, 7817, 47, 24, 23
45748285, -837, 181, 7816, 45, 23, 24
45758289, -849, 189, 7828, 46, 22, 18
45768289, -853, 194, 7835, 54, 21, 21
45778289, -866, 172, 7801, 51, 24, 19
45788289, -866, 163, 7832, 47, 20, 19
45798285, -847, 161, 7829, 44, 23, 21
45808289, -839, 181, 7819, 52, 24, 18
45818289, -839, 194, 7816, 55, 22, 24
45828289, -851, 187, 7811, 48, 28, 26
45838289, -851, 192, 7819, 48, 21, 16
45848285, -856, 186, 7809, 51, 19, 19
45858289, -859, 178, 7806, 50, 21, 19
45868289, -867, 178, 7835, 51, 27, 20
45878289, -868, 162, 7828, 47, 27, 20
45888289, -866, 180, 7811, 51, 22, 20
45898289, -849, 186, 7812, 47, 23, 21
45908289, -877, 189, 7830, 52, 20, 17
45918289, -854, 193, 7816, 50, 21, 15
45928285, -834, 204, 7822, 46, 18, 20
45938289, -867, 201, 7819, 46, 19, 15
45948289, -872, 177, 7831, 41, 25, 18
45958289, -842, 185, 7813, 47, 30, 22
45968289, -842, 162, 7801, 46, 23, 24
45978289, -849, 165, 7819, 48, 22, 23
45988289, -861, 162, 7833, 48, 23, 21
45998285, -853, 168, 7812, 51, 21, 18
46008289, -863, 190, 7827, 51, 21, 14
46018289, -864, 187, 7829, 44, 21, 18
46028289, -843, 181, 7832, 42, 26, 17
46038289, -851, 183, 7819, 51, 27, 18
46048289, -855, 178, 7819, 48, 30, 22
46058289, -858, 179, 7818, 45, 24, 17
46068289, -862, 168, 7829, 46, 22, 19
46078285, -859, 175, 7831, 47, 27, 18
46088289, -859, 167, 7804, 48, 23, 20
46098289, -857, 179, 7800, 46, 21, 18
46108289, -859, 211, 7815, 49, 21, 16
46118285, -867, 185, 7825, 45, 21, 22
46128289, -870, 205, 7840, 49, 17, 24
46138289, -880, 183, 7820, 47, 18, 18
46148289, -869, 181, 7828, 49, 24, 21
46158289, -871, 166, 7820, 43, 25, 23
46168289, -837, 174, 7828, 45, 22, 18
46178289, -860, 176, 7827, 50, 22, 20
46188289, -861, 177, 7822, 49, 25, 19
46198289, -855, 191, 7807, 53, 22, 19
46208289, -870, 182, 7804, 51, 25, 25
46218289, -857, 175, 7819, 44, 26, 20
46228289, -851, 176, 7820, 48, 23, 16
46238285, -844, 158, 7814, 49, 23, 20
46248289, -858, 171, 7818, 45, 17, 19
46258289, -853, 171, 7824, 45, 21, 18
46268289, -853, 171, 7828, 44, 21, 20
46278289, -856, 177, 7809, 45, 22, 24
46288289, -851, 181, 7818, 42, 23, 24
46298289, -851, 194, 7817, 42, 26, 14
46308289, -844, 197, 7810, 49, 25, 15
46318285, -872, 189, 7798, 41, 21, 20
46328289, -859, 175, 7832, 46, 26, 18
46338289, -855, 189, 7858, 52, 24, 16
46348289, -860, 166, 7829, 41, 22, 17
46358285, -845, 165, 7811, 52, 21, 15
46368289, -862, 178, 7823, 48, 20, 23
46378289, -862, 187, 7811, 40, 25, 20
46388289, -847, 194, 7816, 50, 27, 19
46398289, -846, 194, 7822, 56, 20, 18
46408289, -860, 181, 7835, 48, 18, 17
46418289, -860, 189, 7810, 49, 28, 23
46428285, -850, 168, 7797, 46, 25, 18
46438289, -856, 163, 7828, 46, 25, 19
46448289, -859, 168, 7837, 44, 23, 20
46458289, -856, 164, 7833, 48, 24, 18
46468286, -835, 178, 7822, 41, 22, 14
46478289, -831, 183, 7808, 37, 24, 15
46488289, -839, 175, 7827, 43, 26, 21
46498289, -846, 181, 7833, 50, 28, 23
46508289, -841, 178, 7810, 48, 24, 19
46518285, -842, 187, 7821, 46, 18, 17
46528289, -848, 177, 7808, 48, 23, 16
46538289, -865, 161, 7835, 49, 28, 23
46548289, -849, 162, 7850, 45, 23, 20
46558289, -840, 173, 7806, 45, 23, 19
46568289, -857, 178, 7814, 44, 23, 16
46578289, -854, 178, 7804, 42, 26, 16
46588289, -850, 190, 7811, 47, 23, 18
46598289, -859, 192, 7804, 46, 25, 17
46608289, -871, 194, 7822, 44, 22, 17
46618289, -847, 185, 7827, 46, 20, 17
46628289, -840, 185, 7832, 47, 26, 17
46638289, -865, 181, 7830, 50, 28, 25
46648289, -853, 175, 7827, 46, 28, 18
46658289, -857, 182, 7803, 40, 25, 16
46668285, -870, 188, 7829, 40, 23, 15
46678289, -872, 201, 7839, 45, 22, 13
46688289, -855, 197, 7824, 47, 23, 14
46698289, -847, 190, 7818, 41, 27, 18
46708289, -865, 170, 7815, 43, 28, 19
46718289, -848, 162, 7810, 45, 19, 19
46728289, -857, 164, 7805, 54, 12, 17
46738289, -841, 179, 7821, 50, 26, 15
46748289, -844, 184, 7812, 45, 28, 19
46758289, -858, 179, 7813, 47, 23, 18
46768289, -844, 189, 7816, 45, 23, 19
46778289, -852, 190, 7800, 54, 25, 15
46788289, -855, 179, 7816, 47, 26, 12
46798289, -863, 182, 7821, 45, 22, 23
46808289, -863, 163, 7800, 42, 22, 22
46818289, -854, 167, 7832, 45, 24, 17
46828289, -853, 170, 7814, 49, 20, 21
46838289, -842, 189, 7835, 47, 21, 19
46848289, -850, 195, 7829, 42, 21, 19
46858289, -870, 188, 7809, 38, 25, 16
46868289, -859, 193, 7810, 44, 24, 18
46878289, -859, 185, 7816, 50, 19, 20
46888289, -865, 188, 7821, 53, 20, 15
46898289, -864, 184, 7810, 47, 25, 18
46908289, -871, 171, 7813, 45, 28, 20
46918285, -843, 164, 7812, 46, 30, 22
46928289, -846, 170, 7824, 46, 24, 19
46938289, -852, 178, 7831, 48, 21, 18
46948289, -835, 182, 7804, 46, 26, 18
46958285, -841, 178, 7816, 45, 25, 24
46968289, -851, 183, 7797, 45, 20, 19
46978289, -858, 184, 7806, 50, 22, 19
46988289, -862, 179, 7828, 49, 24, 17
46998289, -851, 174, 7831, 47, 16, 11
47008289, -854, 179, 7823, 50, 19, 21
47018289, -841, 172, 7824, 42, 25, 19
47028289, -843, 175, 7820, 43, 22, 16
47038289, -869, 169, 7830, 45, 23, 19
47048289, -844, 173, 7814, 45, 27, 19
47058289, -864, 185, 7825, 46, 24, 15
47068289, -845, 185, 7815, 49, 23, 19
47078289, -860, 178, 7839, 50, 22, 22
47088289, -847, 184, 7813, 50, 23, 15
47098289, -846, 177, 7797, 39, 25, 17
47108289, -835, 185, 7809, 44, 28, 20
47118289, -859, 173, 7816, 49, 25, 21
47128289, -851, 186, 7815, 46, 24, 19
47138289, -853, 191, 7838, 48, 19, 23
47148289, -871, 193, 7812, 51, 19, 22
47158289, -855, 177, 7824, 50, 21, 19
47168285, -854, 181, 7821, 48, 23, 20
47178289, -853, 180, 7824, 45, 29, 21
47188289, -865, 166, 7832, 47, 28, 14
47198285, -849, 176, 7815, 51, 26, 16
47208289, -838, 164, 7819, 45, 24, 22
47218289, -833, 178, 7816, 46, 28, 18
47228289, -844, 185, 7791, 44, 27, 15
47238285, -836, 190, 7805, 43, 20, 23
47248289, -856, 199, 7813, 46, 20, 22
47258289, -857, 179, 7821, 46, 24, 15
47268289, -857, 178, 7811, 41, 25, 19
47278289, -842, 184, 7819, 49, 20, 18
47288289, -854, 163, 7827, 52, 25, 18
47298289, -852, 163, 7830, 46, 23, 19
47308289, -868, 187, 7816, 50, 23, 18
47318289, -866, 170, 7817, 42, 27, 18
47328289, -866, 168, 7826, 44, 27, 17
47338289, -851, 186, 7812, 45, 20, 15
47348289, -854, 180, 7816, 47, 21, 19
47358285, -854, 181, 7809, 50, 22, 16
47368289, -851, 186, 7815, 46, 25, 19
47378289, -856, 163, 7816, 42, 24, 21
47388285, -864, 162, 7794, 47, 26, 20
47398289, -878, 177, 7829, 47, 21, 15
47408285, -850, 184, 7833, 47, 22, 19
47418289, -872, 188, 7813, 50, 25, 21
47428289, -860, 189, 7814, 44, 26, 21
47438289, -860, 194, 7828, 46, 21, 17
47448289, -860, 206, 7810, 51, 16, 16
47458289, -863, 195, 7806, 43, 21, 17
47468289, -870, 175, 7831, 45, 26, 23
47478289, -852, 166, 7808, 48, 23, 21
47488289, -853, 176, 7812, 48, 22, 23
47498289, -839, 172, 7828, 44, 22, 22
47508289, -851, 175, 7831, 49, 21, 21
47518289, -864, 189, 7829, 51, 22, 15
47528289, -848, 193, 7823, 45, 25, 16
47538289, -856, 199, 7828, 55, 25, 18
47548289, -850, 193, 7822, 47, 23, 22
47558285, -857, 184, 7819, 45, 20, 19
47568289, -877, 162, 7820, 46, 22, 20
47578289, -857, 167, 7813, 47, 25, 21
47588289, -867, 178, 7824, 52, 23, 25
47598285, -859, 170, 7830, 45, 22, 18
47608289, -850, 172, 7804, 46, 23, 20
47618289, -854, 179, 7820, 47, 20, 21
47628289, -847, 181, 7826, 40, 22, 19
47638289, -859, 184, 7836, 51, 24, 18
47648289, -873, 173, 7808, 55, 23, 15
47658289, -858, 173, 7820, 43, 26, 18
47668289, -861, 176, 7816, 43, 26, 23
47678289, -855, 170, 7830, 46, 19, 20
47688289, -849, 169, 7803, 50, 20, 24
47698289, -849, 182, 7813, 55, 23, 19
47708289, -849, 187, 7808, 55, 24, 16
47718285, -861, 197, 7806, 50, 22, 14
47728289, -859, 196, 7828, 43, 25, 18
47738289, -845, 181, 7822, 47, 23, 18
47748289, -861, 174, 7830, 47, 22, 17
47758285, -849, 184, 7842, 45, 26, 17
47768289, -838, 184, 7826, 44, 22, 19
47778289, -850, 161, 7805, 49, 18, 19
47788285, -855, 166, 7832, 49, 28, 18
47798289, -844, 185, 7812, 44, 25, 18
47808289, -843, 185, 7813, 48, 22, 21
47818289, -831, 183, 7840, 45, 24, 19
47828289, -863, 199, 7842, 46, 24, 17
47838285, -848, 195, 7813, 44, 29, 24
47848289, -863, 172, 7815, 45, 23, 18
47858289, -854, 180, 7803, 45, 24, 22
47868289, -840, 182, 7825, 44, 27, 18
47878289, -857, 180, 7806, 46, 23, 17
47888289, -848, 177, 7822, 47, 22, 19
47898289, -863, 191, 7827, 51, 21, 18
47908289, -868, 179, 7811, 49, 23, 19
47918289, -864, 185, 7816, 46, 24, 13
47928285, -849, 182, 7818, 40, 22, 17
47938289, -861, 175, 7815, 39, 24, 17
47948289, -862, 183, 7820, 43, 24, 18
47958285, -853, 186, 7829, 45, 23, 19
47968289, -851, 180, 7835, 46, 27, 15
47978289, -846, 174, 7815, 53, 26, 20
47988289, -829, 190, 7799, 45, 25, 15
47998289, -851, 186, 7824, 47, 25, 15
48008289, -852, 184, 7833, 51, 21, 14
48018289, -859, 178, 7816, 42, 23, 16
48028289, -859, 181, 7805, 44, 24, 18
48038289, -875, 191, 7800, 47, 26, 19
48048289, -850, 179, 7808, 48, 23, 16
48058289, -855, 174, 7835, 43, 21, 17
48068289, -847, 178, 7827, 46, 22, 20
48078289, -849, 171, 7822, 46, 20, 21
48088285, -834, 173, 7812, 46, 23, 17
48098289, -844, 191, 7822, 49, 16, 15
48108285, -856, 177, 7839, 43, 21, 21
48118289, -863, 179, 7818, 37, 22, 18
48128289, -854, 187, 7811, 48, 24, 14
48138289, -845, 196, 7832, 41, 26, 18
48148289, -845, 178, 7845, 40, 23, 24
48158289, -851, 171, 7811, 48, 21, 25
48168289, -850, 173, 7805, 45, 19, 18
48178289, -834, 174, 7826, 46, 23, 18
48188289, -854, 186, 7836, 43, 21, 17
48198289, -862, 185, 7819, 46, 19, 18
48208289, -860, 174, 7832, 49, 26, 18
48218289, -857, 180, 7838, 44, 25, 19
48228289, -855, 186, 7817, 51, 28, 22
48238289, -848, 183, 7813, 48, 20, 18
48248289, -860, 185, 7814, 45, 25, 20
48258289, -868, 190, 7830, 48, 26, 18
48268289, -857, 173, 7828, 46, 24, 14
48278289, -845, 179, 7824, 43, 19, 15
48288289, -857, 192, 7841, 43, 18, 24
48298289, -852, 187, 7810, 43, 22, 17
48308289, -853, 177, 7810, 46, 22, 14
48318285, -858, 186, 7810, 46, 23, 21
48328289, -849, 174, 7810, 49, 23, 20
48338289, -831, 176, 7830, 45, 22, 18
48348289, -837, 191, 7830, 45, 23, 18
48358285, -862, 174, 7816, 48, 25, 22
48368289, -870, 181, 7799, 47, 27, 17
48378289, -866, 187, 7816, 46, 32, 21
48388289, -866, 188, 7825, 47, 26, 22
48398289, -864, 190, 7836, 46, 22, 21
48408289, -841, 192, 7803, 49, 18, 12
48418289, -839, 180, 7809, 55, 25, 20
48428289, -862, 175, 7817, 51, 24, 18
48438289, -844, 191, 7831, 46, 27, 21
48448289, -870, 186, 7823, 51, 24, 21
48458289, -857, 186, 7797, 50, 19, 25
48468289, -870, 184, 7820, 45, 20, 26
48478286, -858, 187, 7812, 41, 25, 15
48488289, -847, 200, 7821, 48, 20, 16
48498289, -851, 195, 7818, 49, 25, 20
48508289, -867, 182, 7808, 40, 24, 16
48518289, -852, 174, 7839, 46, 24, 19
48528289, -855, 169, 7797, 53, 25, 21
48538289, -855, 178, 7823, 51, 19, 21
48548289, -864, 192, 7815, 45, 23, 20
48558286, -845, 172, 7808, 48, 26, 16
48568289, -832, 189, 7819, 52, 22, 15
48578289, -827, 193, 7826, 52, 21, 14
48588289, -851, 186, 7830, 52, 22, 20
48598286, -852, 189, 7821, 49, 24, 21
48608289, -857, 177, 7822, 47, 23, 16
48618289, -841, 177, 7801, 54, 23, 16
48628289, -853, 157, 7830, 48, 17, 21
48638289, -861, 170, 7811, 42, 22, 20
48648289, -850, 177, 7795, 43, 21, 19
48658289, -859, 181, 7807, 49, 25, 18
48668289, -862, 175, 7800, 48, 30, 20
48678289, -836, 182, 7813, 44, 21, 15
48688285, -857, 195, 7820, 51, 23, 9
48698289, -846, 195, 7798, 46, 27, 19
48708289, -861, 177, 7822, 44, 24, 21
48718285, -864, 178, 7821, 43, 22, 20
48728289, -848, 170, 7809, 52, 22, 21
48738289, -859, 171, 7819, 49, 22, 18
48748289, -855, 171, 7830, 44, 24, 19
48758285, -839, 166, 7802, 49, 20, 22
48768289, -858, 180, 7787, 46, 17, 20
48778289, -862, 187, 7830, 46, 18, 19
48788289, -843, 180, 7809, 46, 23, 19
48798285, -840, 189, 7806, 46, 24, 20
48808289, -852, 184, 7811, 44, 21, 20
48818289, -870, 184, 7818, 46, 25, 17
48828285, -863, 187, 7835, 52, 24, 22
48838289, -857, 175, 7829, 52, 17, 23
48848289, -861, 162, 7836, 46, 16, 18
48858289, -856, 177, 7823, 45, 27, 17
48868289, -863, 168, 7800, 52, 24, 18
48878289, -850, 190, 7826, 46, 21, 19
48888289, -842, 176, 7808, 51, 22, 22
48898289, -848, 178, 7802, 46, 20, 21
48908289, -851, 183, 7801, 48, 24, 18
48918285, -831, 171, 7803, 51, 23, 16
48928289, -860, 196, 7811, 45, 24, 22
48938289, -857, 201, 7828, 51, 23, 18
48948289, -847, 173, 7813, 47, 21, 19
48958289, -868, 182, 7841, 47, 21, 18
48968289, -857, 191, 7818, 44, 15, 21
48978289, -858, 178, 7809, 47, 18, 20
48988289, -864, 158, 7820, 46, 27, 16
48998285, -845, 179, 7816, 44, 30, 20
49008289, -858, 183, 7816, 43, 27, 21
49018289, -868, 179, 7817, 43, 26, 19
49028289, -854, 185, 7827, 42, 24, 21
49038289, -875, 174, 7815, 42, 25, 22
49048289, -841, 175, 7816, 43, 24, 22
49058289, -854, 180, 7819, 44, 24, 14
49068289, -862, 181, 7802, 41, 24, 20
49078285, -847, 170, 7807, 49, 22, 20
49088289, -853, 168, 7823, 50, 26, 20
49098289, -853, 176, 7807, 41, 28, 17
49108289, -843, 175, 7837, 40, 21, 12
49118289, -858, 179, 7861, 49, 22, 20
49128289, -861, 186, 7825, 43, 23, 22
49138289, -838, 185, 7818, 45, 32, 17
49148289, -854, 196, 7822, 53, 23, 19
49158289, -847, 171, 7805, 52, 20, 16
49168289, -844, 165, 7821, 41, 20, 17
49178289, -847, 191, 7821, 42, 25, 19
49188289, -866, 188, 7813, 43, 19, 21
49198289, -862, 188, 7811, 44, 23, 20
49208285, -847, 176, 7830, 48, 26, 19
49218289, -855, 179, 7807, 47, 28, 19
49228289, -856, 195, 7828, 52, 23, 15
49238285, -859, 191, 7820, 48, 22, 16
49248289, -859, 182, 7819, 42, 27, 16
49258289, -843, 185, 7828, 49, 25, 16
49268289, -835, 174, 7819, 49, 23, 21
49278289, -849, 175, 7816, 45, 25, 19
49288289, -854, 187, 7819, 46, 20, 13
49298289, -851, 171, 7822, 52, 23, 18
49308289, -842, 177, 7811, 52, 23, 20
49318289, -848, 178, 7831, 45, 20, 20
49328286, -864, 183, 7843, 49, 21, 20
49338289, -870, 172, 7816, 51, 26, 18
49348289, -845, 187, 7825, 43, 24, 17
49358289, -842, 182, 7812, 46, 23, 18
49368289, -839, 180, 7817, 47, 20, 18
49378289, -846, 178, 7812, 45, 21, 20
49388289, -857, 183, 7823, 44, 23, 17
49398289, -861, 175, 7816, 52, 22, 18
49408285, -851, 197, 7804, 50, 23, 14
49418289, -846, 179, 7827, 43, 20, 21
49428289, -852, 175, 7806, 48, 20, 19
49438285, -836, 173, 7832, 45, 26, 18
49448289, -855, 162, 7818, 46, 23, 19
49458289, -849, 174, 7806, 46, 26, 18
49468289, -859, 182, 7827, 47, 24, 18
49478285, -863, 157, 7812, 46, 26, 20
49488289, -853, 172, 7809, 49, 24, 15
49498289, -867, 165, 7815, 46, 25, 23
49508289, -862, 191, 7811, 49, 22, 28
49518289, -851, 187, 7814, 50, 23, 17
49528289, -861, 179, 7842, 49, 25, 18
49538289, -866, 181, 7814, 52, 31, 19
49548289, -865, 181, 7805, 47, 28, 16
49558285, -846, 189, 7824, 48, 22, 18
49568289, -850, 191, 7834, 44, 25, 19
49578289, -854, 186, 7806, 39, 25, 15
49588289, -844, 173, 7813, 43, 19, 21
49598289, -864, 175, 7816, 44, 18, 20
49608289, -860, 187, 7819, 51, 24, 23
49618289, -826, 190, 7809, 52, 23, 21
49628289, -854, 194, 7824, 48, 29, 19
49638289, -854, 185, 7824, 44, 24, 19
49648289, -849, 183, 7811, 49, 21, 17
49658289, -866, 189, 7815, 44, 18, 19
49668289, -854, 191, 7825, 45, 18, 16
49678289, -853, 178, 7818, 54, 26, 19
49688289, -870, 158, 7796, 49, 20, 23
49698289, -851, 175, 7812, 48, 21, 16
49708289, -858, 176, 7828, 45, 28, 20
49718289, -871, 188, 7829, 50, 29, 25
49728289, -845, 187, 7812, 43, 23, 23
49738289, -858, 180, 7806, 51, 21, 21
49748289, -843, 172, 7817, 53, 25, 20
49758289, -833, 168, 7826, 45, 24, 18
49768289, -845, 177, 7823, 45, 26, 17
49778289, -878, 182, 7812, 49, 23, 17
49788289, -864, 187, 7830, 48, 24, 14
49798289, -867, 197, 7827, 41, 20, 16
49808289, -867, 177, 7826, 37, 21, 20
49818289, -864, 175, 7813, 46, 27, 19
49828289, -865, 175, 7837, 49, 26, 19
49838289, -862, 178, 7810, 48, 27, 20
49848289, -860, 184, 7812, 48, 24, 18
49858289, -825, 168, 7820, 47, 22, 21
49868289, -847, 185, 7834, 45, 19, 21
49878289, -857, 200, 7839, 52, 17, 22
49888289, -858, 185, 7808, 51, 24, 20
49898289, -841, 176, 7826, 44, 22, 20
49908289, -844, 181, 7808, 47, 23, 20
49918285, -845, 179, 7828, 41, 26, 22
49928289, -841, 184, 7820, 47, 26, 24
49938289, -861, 184, 7834, 44, 21, 24
49948289, -869, 175, 7816, 45, 25, 17
49958285, -845, 174, 7826, 47, 26, 20
49968289, -856, 180, 7798, 42, 21, 21
49978289, -874, 182, 7830, 48, 24, 20
49988289, -845, 193, 7810, 44, 26, 16
49998289, -850, 197, 7828, 48, 26, 25
50008289, -844, 199, 7808, 49, 24, 17
50018289, -837, 185, 7813, 49, 23, 15
50028289, -869, 184, 7847, 48, 22, 14
50038285, -865, 185, 7791, 46, 23, 17
50048289, -870, 170, 7833, 45, 20, 22
50058289, -857, 162, 7799, 43, 25, 24
50068289, -866, 187, 7811, 44, 23, 20
50078285, -861, 179, 7809, 45, 23, 20
50088289, -842, 190, 7801, 48, 31, 20
50098289, -846, 188, 7821, 49, 29, 13
50108289, -853, 186, 7817, 45, 27, 17
50118285, -844, 187, 7834, 45, 24, 24
50128289, -855, 173, 7818, 48, 24, 19
50138289, -873, 182, 7827, 46, 18, 18
50148289, -842, 174, 7807, 49, 21, 24
50158285, -831, 178, 7828, 47, 25, 20
50168289, -838, 180, 7834, 49, 23, 17
50178289, -841, 169, 7799, 51, 15, 20
50188289, -847, 189, 7818, 43, 23, 16
50198285, -839, 188, 7809, 41, 26, 9
50208289, -852, 175, 7834, 44, 27, 17
50218289, -865, 186, 7819, 45, 26, 21
50228289, -850, 163, 7826, 47, 21, 17
50238289, -854, 155, 7814, 44, 22, 12
50248289, -866, 167, 7824, 45, 23, 18
50258289, -847, 184, 7818, 50, 23, 22
50268289, -874, 180, 7825, 50, 23, 24
50278285, -869, 182, 7820, 49, 22, 20
50288289, -868, 177, 7824, 49, 23, 16
50298289, -839, 190, 7795, 47, 21, 25
50308289, -835, 191, 7804, 47, 13, 20
50318289, -852, 167, 7824, 47, 18, 24
50328289, -874, 167, 7816, 39, 22, 19
50338289, -856, 175, 7837, 47, 21, 21
50348289, -863, 182, 7828, 49, 23, 20
50358285, -865, 189, 7813, 42, 24, 17
50368289, -849, 185, 7796, 45, 23, 15
50378289, -851, 195, 7810, 41, 23, 23
50388289, -865, 194, 7849, 45, 23, 22
50398289, -859, 168, 7834, 50, 20, 13
50408289, -835, 171, 7838, 50, 18, 18
50418289, -839, 179, 7829, 42, 22, 20
50428289, -847, 181, 7822, 43, 24, 21
50438285, -859, 179, 7814, 44, 27, 24
50448289, -853, 184, 7812, 42, 21, 17
50458289, -855, 184, 7818, 40, 21, 15
50468289, -849, 189, 7818, 36, 25, 16
50478285, -848, 175, 7825, 51, 23, 18
50488289, -851, 171, 7794, 47, 25, 19
50498289, -867, 172, 7821, 52, 20, 20
50508289, -851, 173, 7828, 48, 23, 17
50518289, -849, 186, 7825, 47, 29, 20
50528289, -861, 175, 7798, 42, 18, 22
50538289, -864, 168, 7814, 45, 26, 19
50548289, -850, 186, 7811, 45, 22, 18
50558289, -860, 198, 7814, 50, 16, 18
50568289, -869, 177, 7807, 53, 25, 24
50578289, -856, 177, 7809, 47, 19, 13
50588289, -850, 169, 7820, 43, 20, 13
50598285, -866, 179, 7806, 49, 23, 19
50608289, -841, 177, 7797, 43, 20, 18
50618289, -854, 182, 7820, 47, 27, 14
50628289, -850, 164, 7827, 49, 28, 18
50638289, -849, 160, 7822, 45, 25, 21
50648285, -860, 185, 7800, 40, 30, 14
50658289, -851, 174, 7812, 46, 23, 17
50668289, -851, 166, 7812, 51, 20, 16
50678289, -850, 180, 7833, 46, 23, 22
50688289, -861, 167, 7824, 41, 23, 18
50698289, -860, 159, 7829, 48, 20, 13
50708289, -847, 178, 7803, 50, 24, 17
50718289, -847, 174, 7820, 49, 20, 21
50728289, -860, 182, 7812, 47, 20, 17
50738289, -845, 164, 7805, 47, 23, 18
50748289, -849, 181, 7796, 51, 23, 25
50758286, -854, 172, 7813, 47, 23, 14
50768289, -854, 184, 7812, 45, 23, 13
50778289, -859, 186, 7819, 52, 22, 19
50788289, -863, 177, 7845, 48, 28, 14
50798285, -853, 182, 7808, 44, 28, 15
50808289, -846, 165, 7814, 49, 20, 16
50818289, -855, 157, 7801, 44, 17, 18
50828289, -847, 184, 7798, 45, 22, 19
50838289, -862, 193, 7810, 51, 20, 23
50848289, -854, 180, 7805, 48, 22, 20
50858289, -855, 175, 7851, 46, 19, 18
50868289, -851, 185, 7819, 47, 17, 15
50878285, -859, 184, 7819, 46, 24, 18
50888289, -864, 182, 7814, 45, 22, 20
50898289, -856, 181, 7809, 45, 22, 21
50908289, -841, 165, 7797, 47, 25, 15
50918285, -843, 164, 7835, 47, 23, 17
50928289, -857, 184, 7820, 45, 21, 21
50938289, -850, 184, 7815, 46, 24, 19
50948289, -833, 171, 7820, 46, 27, 25
50958286, -856, 183, 7816, 46, 25, 23
50968289, -857, 168, 7831, 46, 24, 17
50978289, -854, 176, 7812, 47, 26, 18
50988289, -835, 164, 7815, 48, 23, 18
50998289, -840, 174, 7829, 49, 26, 18
51008285, -858, 176, 7837, 46, 21, 21
51018289, -872, 183, 7837, 43, 25, 21
51028289, -863, 174, 7797, 42, 29, 22
51038289, -867, 183, 7787, 48, 32, 26
51048289, -855, 179, 7792, 52, 24, 19
51058289, -854, 181, 7830, 50, 25, 16
51068285, -854, 166, 7827, 43, 26, 20
51078289, -852, 176, 7800, 41, 22, 16
51088289, -862, 174, 7831, 38, 23, 17
51098289, -857, 167, 7824, 41, 22, 18
51108289, -852, 178, 7813, 50, 23, 16
51118289, -854, 188, 7821, 49, 25, 17
51128289, -845, 178, 7818, 50, 25, 12
51138289, -859, 187, 7831, 44, 19, 18
51148289, -849, 183, 7819, 39, 19, 17
51158289, -847, 170, 7820, 47, 21, 19
51168289, -855, 178, 7783, 44, 24, 15
51178289, -871, 176, 7826, 45, 24, 21
51188289, -859, 175, 7803, 46, 18, 23
51198289, -853, 171, 7785, 43, 26, 20
51208289, -864, 183, 7813, 47, 25, 14
51218289, -850, 193, 7833, 48, 24, 14
51228289, -846, 199, 7837, 48, 24, 21
51238289, -859, 186, 7823, 46, 25, 16
51248285, -859, 177, 7806, 51, 19, 16
51258289, -858, 182, 7816, 47, 23, 20
51268289, -846, 166, 7808, 43, 22, 20
51278289, -845, 162, 7812, 43, 16, 17
51288289, -857, 166, 7825, 47, 22, 19
51298289, -875, 180, 7810, 47, 26, 23
51308289, -855, 178, 7818, 41, 19, 19
51318289, -866, 187, 7827, 47, 16, 14
51328289, -852, 195, 7825, 42, 21, 20
51338289, -858, 200, 7829, 43, 24, 19
51348289, -839, 192, 7829, 48, 24, 22
51358289, -862, 164, 7829, 48, 26, 20
51368289, -870, 164, 7819, 48, 27, 17
51378289, -847, 162, 7794, 45, 30, 27
51388289, -861, 187, 7813, 51, 27, 26
51398285, -856, 202, 7825, 52, 27, 19
51408289, -859, 188, 7794, 47, 18, 17
51418289, -868, 181, 7810, 44, 22, 23
51428289, -837, 174, 7803, 48, 22, 19
51438289, -847, 176, 7812, 44, 23, 17
51448289, -851, 170, 7808, 46, 23, 20
51458289, -861, 170, 7815, 49, 18, 19
51468289, -846, 175, 7804, 46, 23, 14
51478289, -832, 176, 7827, 42, 27, 14
51488285, -856, 181, 7811, 44, 22, 15
51498285, -846, 182, 7836, 48, 22, 21
51508289, -851, 188, 7821, 46, 20, 21
51518289, -847, 191, 7817, 49, 24, 18
51528289, -847, 174, 7824, 44, 21, 21
51538285, -839, 159, 7809, 44, 20, 20
51548289, -840, 155, 7797, 45, 21, 16
51558289, -857, 154, 7796, 38, 24, 24
51568285, -852, 172, 7819, 47, 18, 22
51578289, -868, 182, 7838, 42, 18, 27
51588289, -874, 176, 7840, 46, 25, 19
51598289, -859, 172, 7809, 47, 25, 15
51608289, -853, 193, 7832, 42, 28, 19
51618289, -854, 190, 7814, 40, 24, 15
51628289, -852, 182, 7787, 40, 20, 16
51638289, -853, 183, 7844, 42, 19, 17
51648289, -848, 172, 7813, 47, 19, 19
51658289, -863, 181, 7810, 42, 25, 16
51668285, -852, 189, 7830, 43, 26, 19
51678289, -854, 173, 7822, 44, 23, 23
51688289, -856, 184, 7804, 48, 24, 18
51698289, -849, 191, 7802, 49, 24, 18
51708289, -861, 184, 7825, 49, 25, 17
51718285, -862, 179, 7843, 50, 20, 18
51728289, -856, 180, 7823, 53, 18, 21
51738289, -863, 169, 7819, 50, 18, 21
51748289, -856, 168, 7821, 49, 28, 22
51758285, -853, 181, 7823, 46, 25, 14
51768289, -857, 178, 7829, 49, 15, 17
51778289, -847, 190, 7820, 46, 20, 19
51788289, -850, 182, 7806, 44, 21, 25
51798289, -845, 183, 7819, 48, 23, 21
51808289, -828, 183, 7807, 47, 20, 19
51818289, -858, 171, 7822, 41, 23, 18
51828289, -857, 184, 7821, 45, 20, 18
51838289, -857, 175, 7820, 43, 23, 16
51848289, -836, 168, 7841, 44, 24, 17
51858289, -847, 172, 7826, 48, 18, 17
51868289, -839, 180, 7809, 52, 19, 17
51878289, -842, 173, 7801, 48, 19, 16
51888289, -843, 196, 7821, 47, 26, 12
51898289, -865, 200, 7807, 49, 21, 18
51908289, -853, 186, 7811, 44, 27, 20
51918285, -859, 182, 7819, 42, 26, 17
51928289, -845, 162, 7815, 45, 26, 14
51938289, -853, 169, 7815, 48, 27, 17
51948289, -840, 180, 7802, 46, 24, 25
51958289, -842, 180, 7822, 44, 21, 27
51968289, -864, 181, 7818, 44, 23, 17
51978289, -848, 187, 7816, 50, 20, 15
51988289, -853, 174, 7830, 44, 24, 19
51998285, -856, 191, 7826, 46, 20, 17
52008289, -831, 182, 7816, 50, 23, 16
52018289, -844, 189, 7810, 44, 24, 14
52028289, -863, 173, 7815, 45, 22, 16
52038289, -854, 184, 7834, 37, 24, 21
52048289, -834, 181, 7809, 44, 24, 17
52058289, -848, 179, 7817, 49, 26, 17
52068289, -847, 185, 7822, 45, 23, 18
52078285, -847, 190, 7811, 47, 25, 18
52088289, -842, 187, 7812, 39, 26, 12
52098289, -854, 183, 7816, 48, 23, 18
52108289, -840, 176, 7830, 46, 23, 20
52118285, -839, 183, 7803, 50, 24, 22
52128289, -861, 161, 7817, 52, 23, 20
52138289, -843, 155, 7836, 47, 18, 14
52148289, -836, 172, 7811, 45, 22, 14
52158289, -854, 188, 7803, 45, 26, 17
52168289, -858, 183, 7815, 51, 27, 21
52178289, -853, 192, 7803, 50, 23, 18
52188289, -845, 191, 7816, 51, 23, 17
52198289, -865, 191, 7835, 47, 22, 18
52208286, -858, 184, 7799, 47, 19, 21
52218289, -863, 191, 7818, 49, 24, 23
52228289, -871, 170, 7827, 46, 29, 24
52238285, -861, 164, 7820, 47, 26, 15
52248289, -847, 194, 7836, 48, 24, 13
52258289, -856, 181, 7823, 49, 27, 18
52268289, -849, 180, 7818, 40, 17, 18
52278285, -854, 188, 7834, 41, 24, 17
52288289, -859, 174, 7813, 47, 20, 13
52298289, -852, 179, 7802, 54, 20, 23
52308289, -855, 178, 7821, 44, 26, 20
52318289, -832, 180, 7830, 43, 27, 19
52328289, -859, 182, 7815, 46, 25, 19
52338289, -861, 165, 7800, 42, 26, 22
52348289, -853, 169, 7824, 53, 26, 15
52358289, -855, 187, 7800, 53, 26, 15
52368289, -839, 191, 7825, 46, 23, 21
52378289, -836, 175, 7815, 49, 26, 19
52388289, -843, 181, 7826, 47, 23, 15
52398285, -855, 188, 7837, 52, 23, 22
52408289, -846, 180, 7812, 46, 23, 25
52418289, -847, 173, 7829, 43, 27, 20
52428289, -845, 173, 7816, 45, 28, 22
52438285, -843, 182, 7824, 43, 26, 18
52448289, -841, 164, 7831, 46, 16, 22
52458289, -852, 176, 7834, 48, 24, 18
52468289, -849, 195, 7841, 45, 25, 15
52478289, -857, 175, 7835, 51, 25, 17
52488289, -856, 167, 7814, 45, 29, 19
52498289, -847, 199, 7819, 39, 23, 18
52508289, -864, 167, 7833, 49, 14, 19
52518285, -824, 170, 7817, 56, 27, 21
52528289, -854, 179, 7810, 48, 28, 18
52538289, -852, 193, 7805, 51, 21, 19
52548289, -850, 187, 7816, 50, 16, 14
52558289, -860, 181, 7804, 42, 24, 22
52568289, -861, 181, 7802, 47, 22, 23
52578289, -860, 184, 7820, 52, 26, 18
52588289, -835, 174, 7824, 43, 26, 19
52598289, -840, 177, 7813, 46, 29, 14
52608289, -844, 182, 7813, 46, 23, 20
52618289, -857, 171, 7836, 46, 26, 22
52628289, -854, 173, 7806, 49, 22, 23
52638289, -864, 175, 7821, 44, 22, 22
52648289, -837, 183, 7824, 45, 19, 19
52658289, -856, 183, 7807, 50, 21, 14
52668289, -832, 177, 7818, 43, 28, 19
52678289, -843, 170, 7818, 52, 24, 19
52688289, -851, 192, 7814, 46, 19, 22
52698289, -847, 166, 7812, 42, 24, 18
52708289, -851, 184, 7809, 50, 29, 17
52718289, -854, 197, 7803, 48, 24, 19
52728289, -841, 169, 7828, 41, 25, 18
52738289, -842, 175, 7814, 41, 24, 16
52748289, -831, 184, 7804, 46, 23, 21
52758289, -836, 169, 7813, 49, 26, 18
52768289, -848, 180, 7819, 40, 25, 19
52778289, -851, 178, 7812, 36, 26, 17
52788289, -855, 183, 7826, 46, 27, 17
52798289, -851, 177, 7827, 47, 25, 18
52808289, -849, 171, 7818, 51, 24, 18
52818289, -868, 181, 7808, 49, 22, 13
52828289, -867, 194, 7799, 48, 24, 16
52838289, -834, 172, 7795, 51, 28, 21
52848289, -828, 178, 7815, 53, 28, 19
52858289, -859, 196, 7811, 47, 24, 18
52868289, -858, 198, 7803, 43, 22, 16
52878289, -853, 191, 7806, 44, 27, 14
52888289, -859, 183, 7822, 44, 23, 22
52898289, -852, 173, 7809, 44, 24, 18
52908289, -854, 181, 7822, 40, 31, 10
52918285, -843, 194, 7838, 50, 26, 13
52928289, -846, 183, 7830, 45, 23, 17
52938289, -851, 200, 7804, 42, 26, 20
52948285, -848, 189, 7803, 55, 21, 14
52958289, -852, 175, 7805, 53, 19, 18
52968289, -857, 185, 7828, 42, 24, 21
52978289, -858, 171, 7826, 47, 25, 19
52988289, -848, 164, 7827, 46, 24, 19
52998285, -843, 180, 7808, 41, 19, 17
53008289, -849, 178, 7804, 46, 19, 16
53018289, -866, 177, 7819, 50, 25, 18
53028289, -839, 188, 7827, 45, 22, 21
53038285, -857, 202, 7834, 47, 16, 21
53048289, -851, 187, 7812, 46, 21, 18
53058289, -838, 178, 7817, 47, 23, 16
53068289, -851, 192, 7828, 47, 24, 23
53078285, -853, 181, 7837, 47, 24, 21
53088289, -840, 171, 7814, 47, 21, 16
53098289, -856, 181, 7813, 48, 24, 21
53108289, -861, 184, 7815, 46, 26, 16
53118285, -830, 173, 7822, 51, 28, 20
53128289, -858, 177, 7822, 48, 24, 17
53138289, -852, 186, 7828, 42, 20, 19
53148289, -854, 191, 7825, 48, 24, 15
53158289, -862, 185, 7825, 49, 23, 20
53168289, -851, 179, 7841, 42, 25, 18
53178289, -853, 163, 7815, 46, 24, 14
53188289, -839, 177, 7819, 37, 23, 17
53198289, -855, 191, 7809, 34, 19, 23
53208289, -848, 184, 7835, 50, 23, 23
53218289, -848, 165, 7813, 50, 25, 21
53228285, -844, 172, 7831, 50, 21, 17
53238289, -850, 193, 7825, 50, 19, 18
53248289, -845, 195, 7810, 51, 23, 17
53258289, -852, 164, 7816, 45, 27, 23
53268289, -845, 173, 7819, 46, 21, 19
53278285, -850, 184, 7813, 41, 23, 19
53288289, -850, 167, 7825, 48, 24, 17
53298289, -845, 177, 7821, 48, 25, 16
53308289, -845, 171, 7816, 39, 24, 20
53318289, -841, 169, 7807, 51, 20, 22
53328289, -844, 166, 7815, 44, 24, 23
53338289, -844, 189, 7794, 47, 21, 21
53348289, -839, 184, 7826, 43, 23, 17
53358285, -845, 181, 7811, 43, 25, 19
53368289, -844, 173, 7832, 48, 22, 18
53378289, -857, 175, 7814, 48, 24, 27
53388289, -847, 191, 7825, 45, 26, 23
53398285, -859, 188, 7816, 48, 29, 17
53408289, -859, 160, 7825, 50, 22, 19
53418289, -849, 167, 7800, 47, 20, 21
53428289, -842, 195, 7814, 40, 20, 12
53438286, -852, 181, 7817, 51, 27, 18
53448289, -849, 166, 7792, 48, 28, 14
53458289, -840, 175, 7825, 44, 26, 16
53468289, -863, 187, 7821, 45, 23, 20
53478285, -860, 164, 7792, 49, 25, 14
53488289, -844, 177, 7817, 42, 24, 16
53498289, -861, 172, 7817, 45, 22, 18
53508289, -852, 187, 7826, 45, 20, 22
53518289, -869, 186, 7809, 44, 24, 21
53528285, -869, 189, 7814, 45, 20, 14
53538289, -851, 176, 7847, 45, 22, 15
53548289, -839, 181, 7833, 45, 20, 18
53558289, -864, 184, 7825, 49, 21, 16
53568289, -858, 170, 7807, 44, 26, 19
53578289, -856, 163, 7811, 43, 27, 18
53588289, -850, 172, 7809, 44, 21, 19
53598285, -845, 175, 7838, 48, 21, 18
53608289, -850, 181, 7827, 48, 28, 18
53618289, -863, 167, 7813, 42, 23, 19
53628289, -862, 183, 7829, 45, 18, 19
53638289, -856, 176, 7816, 45, 21, 16
53648289, -845, 184, 7829, 43, 24, 15
53658289, -855, 161, 7843, 48, 25, 21
53668289, -854, 173, 7835, 45, 28, 23
53678285, -835, 185, 7804, 46, 28, 24
53688289, -838, 167, 7803, 46, 24, 16
53698289, -831, 185, 7810, 46, 24, 13
53708289, -851, 176, 7832, 49, 26, 21
53718285, -840, 182, 7822, 47, 24, 18
53728289, -845, 177, 7796, 38, 20, 17
53738289, -861, 178, 7844, 46, 25, 18
53748289, -847, 178, 7828, 48, 31, 20
53758285, -858, 170, 7815, 44, 26, 19
53768289, -864, 152, 7804, 45, 21, 19
53778289, -849, 186, 7819, 41, 26, 19
53788289, -850, 177, 7832, 48, 29, 23
53798285, -868, 183, 7816, 51, 25, 22
53808289, -873, 189, 7814, 46, 26, 19
53818289, -861, 186, 7816, 46, 22, 19
53828289, -865, 179, 7805, 41, 20, 15
53838285, -859, 192, 7818, 38, 24, 20
53848289, -847, 178, 7822, 47, 23, 21
53858289, -854, 188, 7809, 47, 26, 11
53868289, -837, 191, 7815, 44, 23, 15
53878289, -848, 193, 7819, 43, 25, 20
53888289, -851, 185, 7816, 44, 20, 16
53898289, -858, 170, 7812, 44, 19, 20
53908289, -855, 174, 7815, 42, 23, 20
53918285, -849, 175, 7817, 42, 23, 13
53928289, -862, 180, 7820, 48, 23, 10
53938289, -845, 181, 7817, 49, 24, 20
53948289, -851, 185, 7833, 45, 19, 21
53958289, -860, 177, 7820, 45, 21, 21
53968289, -858, 180, 7826, 37, 24, 21
53978289, -859, 175, 7827, 39, 26, 22
53988289, -848, 157, 7806, 48, 27, 16
53998289, -837, 176, 7807, 49, 25, 17
54008289, -850, 190, 7807, 39, 22, 21
54018289, -857, 185, 7816, 43, 23, 22
54028289, -864, 180, 7838, 45, 27, 21
54038289, -845, 169, 7838, 45, 23, 18
54048289, -855, 178, 7831, 48, 20, 18
54058289, -858, 178, 7815, 49, 21, 16
54068289, -847, 181, 7814, 45, 22, 20
54078289, -862, 196, 7802, 49, 25, 17
54088289, -855, 192, 7824, 48, 25, 16
54098289, -837, 184, 7827, 45, 24, 22
54108289, -859, 174, 7811, 47, 23, 23
54118289, -855, 160, 7822, 44, 21, 19
54128289, -834, 180, 7819, 45, 20, 17
54138289, -853, 180, 7823, 47, 25, 14
54148289, -852, 175, 7816, 44, 21, 13
54158289, -842, 159, 7815, 44, 19, 20
54168289, -846, 184, 7834, 47, 25, 27
54178289, -838, 181, 7812, 46, 25, 17
54188289, -830, 168, 7818, 39, 26, 18
54198285, -855, 178, 7818, 41, 22, 22
54208289, -850, 162, 7832, 44, 25, 15
54218289, -839, 180, 7825, 40, 26, 16
54228289, -865, 178, 7840, 48, 24, 18
54238289, -847, 187, 7830, 49, 28, 18
54248289, -864, 167, 7818, 44, 29, 22
54258289, -862, 169, 7794, 48, 24, 19
54268289, -843, 163, 7806, 41, 25, 13
54278289, -852, 166, 7839, 51, 26, 17
54288289, -834, 174, 7836, 51, 25, 19
54298289, -846, 161, 7805, 45, 20, 22
54308289, -849, 178, 7806, 43, 18, 20
54318289, -849, 185, 7793, 44, 23, 16
54328289, -850, 168, 7809, 47, 24, 20
54338289, -853, 190, 7809, 52, 24, 21
54348289, -867, 190, 7819, 52, 20, 25
54358289, -855, 183, 7817, 56, 21, 24
54368289, -852, 175, 7804, 52, 21, 19
54378289, -864, 165, 7796, 44, 23, 17
54388289, -864, 174, 7812, 43, 21, 26
54398289, -868, 179, 7831, 42, 23, 16
54408289, -841, 192, 7827, 45, 24, 21
54418289, -838, 177, 7804, 45, 22, 20
54428289, -873, 191, 7818, 46, 23, 17
54438289, -853, 185, 7830, 47, 24, 19
54448289, -836, 177, 7830, 44, 22, 23
54458289, -850, 168, 7814, 49, 24, 19
54468289, -847, 176, 7831, 48, 29, 17
54478285, -846, 179, 7831, 48, 24, 19
54488289, -854, 180, 7833, 44, 26, 17
54498289, -854, 186, 7812, 43, 25, 14
54508289, -861, 186, 7802, 46, 23, 16
54518285, -850, 176, 7807, 47, 27, 22
54528289, -865, 192, 7819, 47, 22, 21
54538289, -848, 183, 7817, 44, 22, 21
54548289, -849, 180, 7805, 47, 23, 21
54558285, -851, 192, 7793, 51, 19, 17
54568289, -858, 179, 7820, 45, 23, 17
54578289, -837, 183, 7814, 47, 27, 20
54588289, -851, 171, 7794, 50, 25, 19
54598289, -851, 169, 7823, 48, 26, 21
54608289, -854, 180, 7823, 48, 26, 20
54618289, -838, 180, 7788, 42, 25, 19
54628289, -846, 183, 7828, 46, 22, 18
54638289, -862, 181, 7805, 49, 25, 20
54648289, -854, 183, 7828, 48, 21, 23
54658289, -853, 179, 7829, 44, 22, 21
54668285, -857, 179, 7810, 42, 27, 19
54678289, -863, 169, 7797, 49, 21, 16
54688289, -856, 175, 7801, 37, 20, 16
54698289, -851, 172, 7825, 44, 23, 19
54708289, -867, 156, 7821, 43, 29, 20
54718285, -875, 186, 7825, 42, 24, 21
54728289, -851, 173, 7800, 49, 23, 18
54738289, -846, 169, 7815, 52, 21, 23
54748289, -846, 188, 7820, 46, 25, 23
54758289, -841, 187, 7847, 38, 29, 19
54768289, -846, 168, 7825, 42, 23, 17
54778289, -832, 163, 7777, 50, 22, 18
54788289, -851, 166, 7810, 49, 21, 19
54798289, -852, 177, 7810, 41, 23, 15
54808289, -846, 180, 7809, 43, 28, 15
54818289, -858, 170, 7823, 43, 23, 15
54828289, -849, 170, 7812, 47, 19, 17
54838285, -846, 170, 7811, 43, 26, 20
54848289, -845, 179, 7834, 47, 26, 18
54858289, -856, 182, 7814, 45, 26, 14
54868289, -839, 172, 7832, 48, 23, 16
54878289, -864, 179, 7846, 45, 25, 15
54888289, -867, 190, 7822, 42, 24, 14
54898289, -865, 182, 7782, 50, 19, 21
54908289, -860, 185, 7815, 47, 27, 21
54918289, -841, 191, 7824, 45, 25, 22
54928289, -849, 179, 7820, 49, 18, 20
54938289, -849, 182, 7807, 37, 18, 24
54948289, -852, 170, 7830, 39, 28, 17
54958289, -869, 170, 7812, 38, 26, 19
54968289, -844, 160, 7808, 44, 25, 19
54978289, -853, 167, 7830, 47, 22, 19
54988289, -853, 184, 7803, 50, 24, 19
54998289, -867, 181, 7798, 47, 24, 16
55008289, -856, 182, 7798, 48, 24, 23
55018289, -855, 181, 7821, 41, 20, 16
55028289, -856, 171, 7837, 44, 17, 17
55038289, -856, 172, 7823, 47, 26, 14
55048289, -856, 173, 7825, 44, 30, 17
55058289, -852, 188, 7799, 46, 26, 21
55068289, -844, 181, 7821, 47, 26, 18
55078289, -864, 168, 7841, 47, 27, 14
55088289, -833, 175, 7822, 47, 25, 19
55098289, -854, 163, 7812, 46, 26, 21
55108289, -847, 178, 7804, 44, 22, 16
55118286, -857, 200, 7814, 47, 24, 20
55128289, -835, 185, 7804, 52, 25, 19
55138289, -852, 163, 7796, 45, 26, 19
55148289, -855, 168, 7828, 39, 25, 18
55158285, -840, 167, 7850, 44, 26, 14
55168289, -846, 178, 7821, 45, 21, 13
55178289, -851, 180, 7826, 44, 20, 22
55188289, -839, 173, 7814, 48, 23, 22
55198289, -851, 182, 7819, 48, 21, 15
55208289, -849, 178, 7795, 40, 20, 18
55218289, -856, 180, 7810, 46, 16, 25
55228289, -841, 173, 7800, 53, 22, 16
55238285, -845, 187, 7821, 48, 22, 18
55248289, -842, 183, 7822, 47, 22, 18
55258289, -834, 163, 7833, 49, 20, 18
55268289, -852, 173, 7816, 44, 19, 16
55278289, -856, 182, 7811, 47, 26, 17
55288289, -870, 176, 7820, 48, 20, 20
55298289, -862, 174, 7829, 43, 27, 18
55308289, -858, 173, 7828, 41, 25, 14
55318285, -846, 188, 7814, 44, 23, 17
55328289, -860, 186, 7829, 43, 25, 24
55338289, -844, 168, 7829, 39, 21, 19
55348289, -867, 165, 7828, 45, 19, 17
55358286, -844, 173, 7820, 48, 26, 22
55368289, -866, 182, 7810, 51, 23, 24
55378289, -856, 171, 7809, 47, 25, 24
55388285, -849, 181, 7794, 48, 24, 22
55398289, -833, 161, 7829, 44, 20, 26
55408289, -852, 178, 7818, 45, 22, 24
55418289, -877, 196, 7829, 41, 23, 24
55428289, -841, 196, 7809, 48, 25, 18
55438289, -845, 175, 7848, 52, 24, 17
55448289, -850, 188, 7818, 45, 21, 26
55458289, -862, 187, 7815, 47, 26, 22
55468289, -864, 178, 7811, 50, 23, 18
55478289, -868, 171, 7795, 37, 21, 21
55488289, -835, 191, 7818, 43, 25, 22
55498289, -827, 171, 7832, 48, 24, 20
55508289, -849, 196, 7834, 49, 24, 22
55518289, -841, 182, 7825, 43, 26, 25
55528289, -844, 186, 7815, 41, 20, 22
55538289, -868, 178, 7841, 46, 21, 22
55548289, -846, 196, 7824, 43, 19, 21
55558286, -856, 188, 7805, 47, 16, 19
55568289, -856, 176, 7826, 41, 25, 15
55578289, -842, 165, 7825, 48, 18, 16
55588289, -852, 174, 7835, 46, 22, 22
55598289, -859, 189, 7812, 47, 24, 21
55608289, -842, 175, 7825, 50, 29, 17
55618289, -859, 166, 7827, 48, 26, 17
55628289, -860, 172, 7826, 41, 22, 22
55638285, -844, 173, 7819, 43, 23, 20
55648289, -843, 179, 7810, 43, 23, 18
55658289, -855, 191, 7813, 45, 23, 18
55668289, -850, 157, 7811, 50, 23, 16
55678289, -846, 162, 7795, 47, 23, 20
55688289, -841, 180, 7802, 47, 20, 21
55698289, -860, 170, 7844, 42, 22, 22
55708289, -846, 190, 7832, 50, 27, 21
55718285, -848, 181, 7828, 45, 25, 24
55728289, -854, 172, 7812, 41, 18, 24
55738289, -861, 173, 7813, 48, 22, 21
55748289, -857, 179, 7822, 48, 23, 19
55758286, -850, 175, 7826, 44, 24, 13
55768289, -863, 181, 7826, 41, 25, 16
55778289, -846, 183, 7829, 44, 27, 15
55788289, -833, 177, 7818, 49, 24, 19
55798289, -831, 182, 7839, 48, 24, 13
55808289, -838, 179, 7810, 52, 23, 19
55818289, -850, 180, 7828, 51, 24, 21
55828289, -867, 177, 7815, 43, 17, 22
55838285, -839, 171, 7819, 40, 23, 25
55848289, -838, 161, 7817, 52, 22, 25
55858289, -858, 183, 7827, 47, 18, 18
55868289, -844, 169, 7831, 47, 23, 22
55878289, -842, 163, 7831, 46, 25, 22
55888289, -863, 168, 7819, 46, 25, 16
55898289, -858, 185, 7823, 48, 20, 23
55908289, -869, 185, 7827, 50, 24, 26
55918289, -857, 172, 7833, 46, 25, 18
55928289, -842, 176, 7820, 45, 29, 16
55938289, -839, 173, 7829, 44, 26, 18
55948289, -851, 163, 7800, 47, 24, 20
55958285, -871, 163, 7821, 47, 27, 17
55968289, -840, 168, 7812, 45, 23, 20
55978289, -839, 181, 7838, 49, 22, 22
55988289, -853, 183, 7834, 48, 24, 19
55998289, -867, 183, 7811, 47, 26, 17
56008289, -857, 188, 7816, 53, 21, 16
56018289, -846, 169, 7805, 47, 23, 18
56028285, -863, 173, 7835, 44, 20, 21
56038289, -859, 186, 7832, 42, 22, 20
56048289, -839, 190, 7794, 46, 26, 19
56058289, -834, 182, 7802, 50, 22, 18
56068289, -845, 170, 7818, 45, 22, 19
56078285, -874, 183, 7836, 42, 25, 19
56088289, -855, 171, 7809, 47, 28, 14
56098289, -838, 187, 7816, 42, 25, 19
56108289, -858, 180, 7814, 44, 20, 22
56118289, -832, 194, 7810, 47, 27, 18
56128289, -841, 166, 7821, 51, 29, 17
56138289, -851, 164, 7817, 46, 27, 21
56148289, -855, 181, 7833, 47, 26, 22
56158289, -840, 169, 7837, 45, 21, 21
56168289, -858, 179, 7823, 44, 24, 23
56178289, -840, 186, 7829, 52, 25, 26
56188289, -841, 193, 7815, 47, 26, 16
56198289, -832, 188, 7835, 46, 25, 19
56208289, -848, 184, 7827, 47, 22, 19
56218289, -838, 184, 7808, 48, 24, 16
56228289, -848, 188, 7815, 47, 26, 12
56238289, -851, 190, 7819, 51, 25, 21
56248289, -877, 178, 7815, 46, 26, 20
56258289, -849, 164, 7790, 41, 26, 21
56268289, -845, 167, 7812, 42, 20, 18
56278289, -864, 180, 7809, 49, 24, 14
56288289, -873, 184, 7802, 57, 30, 12
56298289, -879, 184, 7798, 47, 20, 19
56308289, -862, 168, 7813, 41, 19, 20
56318289, -843, 173, 7821, 45, 29, 20
56328289, -869, 172, 7830, 49, 27, 18
56338289, -874, 167, 7813, 48, 22, 17
56348289, -845, 198, 7808, 44, 27, 21
56358289, -861, 181, 7823, 42, 25, 21
56368289, -848, 180, 7820, 44, 20, 18
56378289, -839, 178, 7816, 48, 25, 17
56388289, -840, 191, 7838, 46, 27, 17
56398289, -845, 167, 7806, 43, 25, 16
56408289, -863, 159, 7818, 47, 25, 22
56418289, -849, 185, 7826, 44, 24, 20
56428289, -842, 181, 7829, 44, 18, 22
56438289, -842, 168, 7810, 42, 21, 23
56448289, -836, 180, 7800, 45, 22, 19
56458289, -859, 175, 7839, 49, 21, 21
56468289, -855, 180, 7830, 46, 24, 22
56478289, -851, 183, 7815, 50, 23, 15
56488289, -847, 162, 7830, 46, 23, 12
56498289, -841, 176, 7833, 46, 18, 16
56508289, -842, 178, 7821, 49, 25, 25
56518285, -840, 159, 7825, 43, 23, 20
56528289, -860, 180, 7802, 46, 22, 19
56538289, -862, 173, 7830, 51, 23, 18
56548289, -854, 184, 7842, 44, 25, 17
56558289, -833, 173, 7811, 43, 31, 20
56568289, -859, 185, 7807, 47, 25, 21
56578289, -860, 173, 7819, 42, 16, 21
56588289, -859, 192, 7824, 46, 23, 19
56598285, -851, 180, 7820, 50, 25, 18
56608289, -871, 168, 7817, 47, 28, 24
56618289, -870, 162, 7817, 48, 25, 17
56628289, -850, 181, 7837, 46, 20, 16
56638285, -854, 185, 7795, 45, 25, 21
56648289, -866, 168, 7792, 50, 24, 26
56658289, -838, 171, 7836, 50, 21, 17
56668289, -833, 178, 7815, 42, 21, 19
56678289, -830, 174, 7809, 43, 27, 20
56688289, -834, 185, 7813, 48, 24, 18
56698289, -827, 175, 7806, 54, 26, 18
56708289, -848, 183, 7812, 47, 24, 25
56718285, -834, 185, 7811, 43, 27, 21
56728289, -853, 175, 7809, 44, 22, 18
56738289, -846, 163, 7822, 47, 21, 22
56748289, -852, 188, 7808, 49, 23, 20
56758285, -853, 186, 7806, 46, 23, 23
56768289, -852, 185, 7824, 49, 23, 19
56778289, -854, 188, 7806, 50, 22, 21
56788289, -852, 193, 7815, 50, 23, 24
56798286, -844, 185, 7808, 50, 24, 20
56808289, -861, 180, 7830, 44, 21, 13
56818289, -846, 182, 7835, 46, 24, 22
56828289, -850, 176, 7785, 48, 23, 24
56838285, -863, 162, 7809, 45, 22, 16
56848289, -866, 171, 7833, 47, 26, 17
56858289, -880, 178, 7817, 50, 33, 18
56868289, -845, 173, 7811, 49, 25, 23
56878289, -856, 184, 7825, 49, 18, 20
56888289, -848, 175, 7842, 48, 25, 21
56898289, -853, 164, 7810, 50, 19, 21
56908289, -869, 175, 7818, 44, 21, 18
56918289, -855, 176, 7843, 49, 23, 19
56928289, -828, 166, 7831, 47, 23, 23
56938289, -850, 183, 7797, 49, 25, 21
56948289, -837, 184, 7811, 49, 22, 18
56958289, -850, 179, 7845, 44, 22, 16
56968289, -857, 174, 7824, 45, 26, 21
56978289, -850, 182, 7809, 40, 25, 24
56988289, -841, 168, 7811, 37, 30, 20
56998289, -835, 169, 7811, 44, 26, 21
57008289, -843, 175, 7818, 45, 26, 24
57018289, -845, 177, 7812, 47, 21, 20
57028289, -854, 180, 7814, 38, 23, 20
57038289, -850, 194, 7798, 39, 25, 15
57048289, -854, 179, 7805, 47, 23, 17
57058289, -851, 171, 7802, 44, 26, 23
57068289, -858, 187, 7815, 44, 26, 21
57078289, -833, 185, 7817, 48, 23, 16
57088289, -858, 187, 7812, 44, 28, 25
57098289, -848, 183, 7819, 52, 25, 22
57108289, -848, 182, 7808, 45, 23, 18
57118289, -858, 185, 7805, 50, 24, 15
57128289, -843, 173, 7810, 49, 24, 18
57138289, -834, 165, 7796, 40, 29, 25
57148289, -845, 177, 7797, 44, 24, 22
57158289, -861, 185, 7830, 45, 22, 23
57168289, -849, 185, 7807, 42, 21, 21
57178289, -851, 174, 7836, 48, 17, 16
57188289, -833, 173, 7812, 49, 23, 21
57198289, -827, 159, 7803, 47, 20, 18
57208289, -846, 164, 7816, 44, 26, 16
57218289, -839, 169, 7807, 41, 23, 16
57228289, -836, 175, 7818, 42, 25, 16
57238289, -829, 170, 7807, 48, 20, 22
57248289, -856, 162, 7823, 46, 21, 28
57258289, -856, 176, 7810, 43, 21, 19
57268289, -857, 175, 7801, 42, 24, 14
57278285, -849, 176, 7809, 42, 23, 18
57288289, -848, 181, 7830, 47, 19, 18
57298289, -853, 171, 7802, 48, 22, 15
57308289, -863, 182, 7804, 52, 22, 17
57318285, -859, 171, 7805, 42, 28, 24
57328289, -840, 181, 7827, 50, 23, 17
57338289, -857, 178, 7808, 43, 24, 16
57348289, -854, 178, 7813, 48, 28, 23
57358285, -846, 185, 7819, 51, 28, 21
57368289, -853, 162, 7828, 50, 28, 15
57378289, -840, 174, 7804, 49, 24, 22
57388289, -847, 176, 7803, 38, 27, 26
57398285, -860, 171, 7805, 46, 21, 19
57408289, -848, 181, 7815, 48, 21, 19
57418289, -836, 179, 7798, 42, 21, 17
57428289, -862, 165, 7810, 44, 22, 20
57438285, -837, 174, 7808, 45, 22, 23
57448289, -869, 183, 7809, 52, 26, 22
57458289, -837, 178, 7827, 43, 26, 21
57468289, -844, 175, 7824, 48, 20, 16
57478285, -849, 169, 7785, 48, 20, 19
57488289, -838, 175, 7815, 43, 24, 15
57498289, -850, 178, 7844, 41, 29, 19
57508289, -853, 183, 7831, 46, 22, 19
57518289, -850, 178, 7835, 50, 22, 20
57528289, -828, 185, 7807, 50, 28, 16
57538289, -847, 172, 7830, 50, 28, 19
57548289, -846, 176, 7815, 45, 28, 14
57558289, -861, 163, 7817, 46, 27, 16
57568289, -879, 184, 7809, 46, 21, 19
57578289, -875, 183, 7819, 46, 18, 18
57588289, -842, 187, 7828, 46, 22, 22
57598289, -865, 182, 7809, 41, 25, 15
57608289, -856, 191, 7804, 45, 26, 18
57618289, -850, 181, 7820, 51, 27, 19
57628289, -846, 177, 7825, 45, 20, 14
57638289, -861, 179, 7818, 45, 23, 18
57648289, -869, 173, 7821, 50, 27, 15
57658289, -851, 147, 7830, 45, 26, 17
57668289, -844, 173, 7827, 46, 23, 21
57678289, -854, 177, 7829, 43, 24, 19
57688289, -854, 185, 7820, 41, 21, 20
57698289, -851, 187, 7823, 40, 28, 22
57708289, -851, 174, 7822, 45, 25, 20
57718289, -857, 204, 7805, 51, 24, 21
57728289, -861, 186, 7801, 51, 18, 16
57738289, -839, 158, 7813, 47, 24, 16
57748289, -861, 190, 7808, 40, 26, 22
57758289, -865, 172, 7804, 50, 26, 18
57768289, -854, 185, 7821, 52, 22, 18
57778289, -847, 184, 7829, 50, 21, 19
57788289, -843, 178, 7812, 44, 27, 17
57798286, -868, 181, 7835, 40, 20, 17
57808289, -849, 182, 7812, 45, 22, 16
57818289, -852, 191, 7813, 43, 24, 21
57828289, -874, 181, 7837, 43, 26, 18
57838285, -852, 176, 7800, 47, 27, 20
57848289, -833, 161, 7818, 49, 24, 21
57858289, -848, 171, 7813, 47, 23, 20
57868289, -853, 163, 7826, 48, 23, 16
57878289, -865, 178, 7841, 45, 25, 16
57888289, -862, 176, 7818, 44, 22, 15
57898289, -847, 178, 7804, 46, 25, 21
57908289, -838, 179, 7812, 43, 27, 21
57918289, -832, 186, 7818, 47, 23, 18
57928289, -834, 182, 7821, 48, 24, 13
57938289, -833, 185, 7799, 48, 21, 21
57948289, -837, 181, 7802, 48, 19, 24
57958289, -854, 194, 7824, 47, 22, 20
57968289, -850, 187, 7807, 47, 30, 15
57978289, -856, 176, 7821, 44, 25, 18
57988289, -847, 173, 7826, 47, 23, 20
57998289, -851, 170, 7819, 47, 21, 22
58008289, -840, 189, 7817, 49, 23, 15
58018289, -858, 185, 7801, 49, 24, 14
58028289, -873, 175, 7813, 48, 23, 21
58038289, -851, 179, 7825, 42, 24, 18
58048285, -868, 166, 7814, 47, 33, 17
58058289, -858, 190, 7813, 46, 24, 20
58068289, -846, 194, 7831, 48, 21, 17
58078285, -857, 183, 7847, 46, 19, 20
58088289, -862, 168, 7813, 38, 24, 22